#
# There is insufficient memory for the Java Runtime Environment to continue.
# Native memory allocation (malloc) failed to allocate 32784 bytes for Chunk::new
# Possible reasons:
#   The system is out of physical RAM or swap space
#   The process is running with CompressedOops enabled, and the Java Heap may be blocking the growth of the native heap
# Possible solutions:
#   Reduce memory load on the system
#   Increase physical memory or swap space
#   Check if swap backing store is full
#   Decrease Java heap size (-Xmx/-Xms)
#   Decrease number of Java threads
#   Decrease Java thread stack sizes (-Xss)
#   Set larger code cache with -XX:ReservedCodeCacheSize=
#   JVM is running with Unscaled Compressed Oops mode in which the Java heap is
#     placed in the first 4GB address space. The Java Heap base address is the
#     maximum limit for the native heap growth. Please use -XX:HeapBaseMinAddress
#     to set the Java Heap base and to place the Java Heap above 4GB virtual address.
# This output file may be truncated or incomplete.
#
#  Out of Memory Error (allocation.cpp:389), pid=15604, tid=0x0000000000005524
#
# JRE version: OpenJDK Runtime Environment (8.0_242-b01) (build 1.8.0_242-release-1644-b01)
# Java VM: OpenJDK 64-Bit Server VM (25.242-b01 mixed mode windows-amd64 compressed oops)
# Failed to write core dump. Minidumps are not enabled by default on client versions of Windows
#

---------------  T H R E A D  ---------------

Current thread (0x0000000017eb4800):  JavaThread "C2 CompilerThread0" daemon [_thread_in_native, id=21796, stack(0x0000000019510000,0x0000000019610000)]

Stack: [0x0000000019510000,0x0000000019610000]
[error occurred during error reporting (printing stack bounds), id 0xc0000005]

Native frames: (J=compiled Java code, j=interpreted, Vv=VM code, C=native code)


Current CompileTask:
C2:  16487 2667       4       java.net.URLStreamHandler::equals (45 bytes)


---------------  P R O C E S S  ---------------

Java Threads: ( => current thread )
  0x000000001be07000 JavaThread "Cache worker for execution history cache (C:\Users\muhamadsyafii\.gradle\caches\6.1.1\executionHistory)" [_thread_blocked, id=13072, stack(0x0000000021750000,0x0000000021850000)]
  0x000000001be06000 JavaThread "Cache worker for cache directory md-rule (C:\Users\muhamadsyafii\.gradle\caches\6.1.1\md-rule)" [_thread_blocked, id=4184, stack(0x0000000021650000,0x0000000021750000)]
  0x000000001be05800 JavaThread "Cache worker for cache directory md-supplier (C:\Users\muhamadsyafii\.gradle\caches\6.1.1\md-supplier)" [_thread_blocked, id=17184, stack(0x0000000021550000,0x0000000021650000)]
  0x000000001be07800 JavaThread "Cache worker for file hash cache (D:\AndroidProject\Rnd\MOVApps\.gradle\6.1.1\fileHashes)" [_thread_blocked, id=9556, stack(0x000000001fe00000,0x000000001ff00000)]
  0x000000001be04000 JavaThread "Cache worker for checksums cache (D:\AndroidProject\Rnd\MOVApps\.gradle\checksums)" [_thread_blocked, id=4456, stack(0x000000001fd00000,0x000000001fe00000)]
  0x000000001be0a000 JavaThread "Cache worker for file hash cache (C:\Users\muhamadsyafii\.gradle\caches\6.1.1\fileHashes)" [_thread_blocked, id=13360, stack(0x000000001dc60000,0x000000001dd60000)]
  0x000000001be04800 JavaThread "File lock request listener" [_thread_in_native, id=18276, stack(0x000000001db60000,0x000000001dc60000)]
  0x000000001bded000 JavaThread "Cache worker for journal cache (C:\Users\muhamadsyafii\.gradle\caches\journal-1)" [_thread_blocked, id=13428, stack(0x000000001da60000,0x000000001db60000)]
  0x0000000019e6a000 JavaThread "Thread-9" [_thread_blocked, id=11800, stack(0x000000001d760000,0x000000001d860000)]
  0x0000000019bf8000 JavaThread "Stdin handler" [_thread_blocked, id=22504, stack(0x000000001d660000,0x000000001d760000)]
  0x000000001bdd3800 JavaThread "Asynchronous log dispatcher for DefaultDaemonConnection: socket connection from /127.0.0.1:51212 to /127.0.0.1:51213" [_thread_blocked, id=22524, stack(0x000000001d560000,0x000000001d660000)]
  0x000000001bdc7000 JavaThread "Daemon worker" [_thread_in_Java, id=22352, stack(0x000000001d460000,0x000000001d560000)]
  0x000000001bdb7800 JavaThread "Cancel handler" [_thread_blocked, id=16688, stack(0x000000001d360000,0x000000001d460000)]
  0x000000001bd8e800 JavaThread "Handler for socket connection from /127.0.0.1:51212 to /127.0.0.1:51213" [_thread_in_native, id=20212, stack(0x000000001d060000,0x000000001d160000)]
  0x000000001bd88800 JavaThread "Daemon" [_thread_blocked, id=11788, stack(0x000000001cf60000,0x000000001d060000)]
  0x000000001bd2a000 JavaThread "Daemon periodic checks" [_thread_blocked, id=12944, stack(0x000000001ce60000,0x000000001cf60000)]
  0x000000001bd28000 JavaThread "Incoming local TCP Connector on port 51212" [_thread_in_native, id=20640, stack(0x000000001cc20000,0x000000001cd20000)]
  0x0000000019bbe000 JavaThread "Daemon health stats" [_thread_blocked, id=22012, stack(0x000000001b5e0000,0x000000001b6e0000)]
  0x0000000017f0e800 JavaThread "Service Thread" daemon [_thread_blocked, id=20548, stack(0x0000000019c10000,0x0000000019d10000)]
  0x0000000017ecc800 JavaThread "C1 CompilerThread2" daemon [_thread_blocked, id=21480, stack(0x0000000019710000,0x0000000019810000)]
  0x0000000017ebb800 JavaThread "C2 CompilerThread1" daemon [_thread_blocked, id=14372, stack(0x0000000019610000,0x0000000019710000)]
=>0x0000000017eb4800 JavaThread "C2 CompilerThread0" daemon [_thread_in_native, id=21796, stack(0x0000000019510000,0x0000000019610000)]
  0x0000000017eb3000 JavaThread "Attach Listener" daemon [_thread_blocked, id=17324, stack(0x0000000019410000,0x0000000019510000)]
  0x0000000017eb2000 JavaThread "Signal Dispatcher" daemon [_thread_blocked, id=20712, stack(0x0000000019310000,0x0000000019410000)]
  0x000000000325b000 JavaThread "Finalizer" daemon [_thread_blocked, id=19424, stack(0x0000000019100000,0x0000000019200000)]
  0x0000000017e99000 JavaThread "Reference Handler" daemon [_thread_blocked, id=7944, stack(0x0000000019000000,0x0000000019100000)]
  0x000000000305e000 JavaThread "main" [_thread_blocked, id=20668, stack(0x0000000003060000,0x0000000003160000)]

Other Threads:
  0x0000000017e76000 VMThread [stack: 0x0000000018f00000,0x0000000019000000] [id=21276]
  0x000000001984b800 WatcherThread [stack: 0x0000000019d10000,0x0000000019e10000] [id=8312]

VM state:not at safepoint (normal execution)

VM Mutex/Monitor currently owned by a thread: None

heap address: 0x0000000080000000, size: 2048 MB, Compressed Oops mode: 32-bit
Narrow klass base: 0x0000000000000000, Narrow klass shift: 3
Compressed class space size: 1073741824 Address: 0x0000000100000000

Heap:
 PSYoungGen      total 103424K, used 1841K [0x00000000d5580000, 0x00000000dc600000, 0x0000000100000000)
  eden space 91648K, 2% used [0x00000000d5580000,0x00000000d574c528,0x00000000daf00000)
  from space 11776K, 0% used [0x00000000daf00000,0x00000000daf00000,0x00000000dba80000)
  to   space 10752K, 0% used [0x00000000dbb80000,0x00000000dbb80000,0x00000000dc600000)
 ParOldGen       total 47616K, used 14217K [0x0000000080000000, 0x0000000082e80000, 0x00000000d5580000)
  object space 47616K, 29% used [0x0000000080000000,0x0000000080de25e0,0x0000000082e80000)
 Metaspace       used 33793K, capacity 34628K, committed 34864K, reserved 1081344K
  class space    used 4633K, capacity 4873K, committed 4912K, reserved 1048576K

Card table byte_map: [0x0000000012620000,0x0000000012a30000] byte_map_base: 0x0000000012220000

Marking Bits: (ParMarkBitMap*) 0x000000005f75f030
 Begin Bits: [0x00000000130e0000, 0x00000000150e0000)
 End Bits:   [0x00000000150e0000, 0x00000000170e0000)

Polling page: 0x0000000002fd0000

CodeCache: size=245760Kb used=9993Kb max_used=10011Kb free=235766Kb
 bounds [0x0000000003260000, 0x0000000003c40000, 0x0000000012260000]
 total_blobs=3154 nmethods=2465 adapters=602
 compilation: enabled

Compilation events (10 events):
Event: 16.068 Thread 0x0000000017eb4800 nmethod 2664 0x0000000003694090 code [0x00000000036941e0, 0x00000000036943d8]
Event: 16.184 Thread 0x0000000017ebb800 2665       4       java.lang.Thread::interrupted (8 bytes)
Event: 16.184 Thread 0x0000000017ebb800 nmethod 2665 0x0000000003693e10 code [0x0000000003693f60, 0x0000000003693fe8]
Event: 16.197 Thread 0x0000000017ecc800 2666       3       java.util.concurrent.locks.AbstractQueuedSynchronizer$ConditionObject::unlinkCancelledWaiters (67 bytes)
Event: 16.198 Thread 0x0000000017ecc800 nmethod 2666 0x0000000003483810 code [0x0000000003483980, 0x0000000003483cd0]
Event: 16.476 Thread 0x0000000017eb4800 2667       4       java.net.URLStreamHandler::equals (45 bytes)
Event: 16.479 Thread 0x0000000017ecc800 2668       3       sun.invoke.util.VerifyAccess::getClassModifiers (24 bytes)
Event: 16.479 Thread 0x0000000017ecc800 nmethod 2668 0x0000000003695350 code [0x00000000036954e0, 0x00000000036958d8]
Event: 16.479 Thread 0x0000000017ecc800 2669       3       java.lang.invoke.TypeConvertingMethodAdapter::descriptorToName (36 bytes)
Event: 16.480 Thread 0x0000000017ecc800 nmethod 2669 0x00000000033894d0 code [0x00000000033896a0, 0x0000000003389e68]

GC Heap History (10 events):
Event: 8.605 GC heap before
{Heap before GC invocations=9 (full 1):
 PSYoungGen      total 43008K, used 31744K [0x00000000d5580000, 0x00000000da980000, 0x0000000100000000)
  eden space 31744K, 100% used [0x00000000d5580000,0x00000000d7480000,0x00000000d7480000)
  from space 11264K, 0% used [0x00000000d7480000,0x00000000d7480000,0x00000000d7f80000)
  to   space 11264K, 0% used [0x00000000d9e80000,0x00000000d9e80000,0x00000000da980000)
 ParOldGen       total 47616K, used 6992K [0x0000000080000000, 0x0000000082e80000, 0x00000000d5580000)
  object space 47616K, 14% used [0x0000000080000000,0x00000000806d4190,0x0000000082e80000)
 Metaspace       used 22732K, capacity 23430K, committed 23728K, reserved 1069056K
  class space    used 3236K, capacity 3479K, committed 3504K, reserved 1048576K
Event: 8.612 GC heap after
Heap after GC invocations=9 (full 1):
 PSYoungGen      total 68608K, used 2870K [0x00000000d5580000, 0x00000000da680000, 0x0000000100000000)
  eden space 60416K, 0% used [0x00000000d5580000,0x00000000d5580000,0x00000000d9080000)
  from space 8192K, 35% used [0x00000000d9e80000,0x00000000da14d888,0x00000000da680000)
  to   space 11264K, 0% used [0x00000000d9080000,0x00000000d9080000,0x00000000d9b80000)
 ParOldGen       total 47616K, used 7000K [0x0000000080000000, 0x0000000082e80000, 0x00000000d5580000)
  object space 47616K, 14% used [0x0000000080000000,0x00000000806d6190,0x0000000082e80000)
 Metaspace       used 22732K, capacity 23430K, committed 23728K, reserved 1069056K
  class space    used 3236K, capacity 3479K, committed 3504K, reserved 1048576K
}
Event: 10.813 GC heap before
{Heap before GC invocations=10 (full 1):
 PSYoungGen      total 68608K, used 63286K [0x00000000d5580000, 0x00000000da680000, 0x0000000100000000)
  eden space 60416K, 100% used [0x00000000d5580000,0x00000000d9080000,0x00000000d9080000)
  from space 8192K, 35% used [0x00000000d9e80000,0x00000000da14d888,0x00000000da680000)
  to   space 11264K, 0% used [0x00000000d9080000,0x00000000d9080000,0x00000000d9b80000)
 ParOldGen       total 47616K, used 7000K [0x0000000080000000, 0x0000000082e80000, 0x00000000d5580000)
  object space 47616K, 14% used [0x0000000080000000,0x00000000806d6190,0x0000000082e80000)
 Metaspace       used 30661K, capacity 31418K, committed 31536K, reserved 1077248K
  class space    used 4157K, capacity 4396K, committed 4400K, reserved 1048576K
Event: 10.871 GC heap after
Heap after GC invocations=10 (full 1):
 PSYoungGen      total 71680K, used 8497K [0x00000000d5580000, 0x00000000dc700000, 0x0000000100000000)
  eden space 60416K, 0% used [0x00000000d5580000,0x00000000d5580000,0x00000000d9080000)
  from space 11264K, 75% used [0x00000000d9080000,0x00000000d98cc610,0x00000000d9b80000)
  to   space 11776K, 0% used [0x00000000dbb80000,0x00000000dbb80000,0x00000000dc700000)
 ParOldGen       total 47616K, used 7008K [0x0000000080000000, 0x0000000082e80000, 0x00000000d5580000)
  object space 47616K, 14% used [0x0000000080000000,0x00000000806d8190,0x0000000082e80000)
 Metaspace       used 30661K, capacity 31418K, committed 31536K, reserved 1077248K
  class space    used 4157K, capacity 4396K, committed 4400K, reserved 1048576K
}
Event: 15.731 GC heap before
{Heap before GC invocations=11 (full 1):
 PSYoungGen      total 71680K, used 68913K [0x00000000d5580000, 0x00000000dc700000, 0x0000000100000000)
  eden space 60416K, 100% used [0x00000000d5580000,0x00000000d9080000,0x00000000d9080000)
  from space 11264K, 75% used [0x00000000d9080000,0x00000000d98cc610,0x00000000d9b80000)
  to   space 11776K, 0% used [0x00000000dbb80000,0x00000000dbb80000,0x00000000dc700000)
 ParOldGen       total 47616K, used 7008K [0x0000000080000000, 0x0000000082e80000, 0x00000000d5580000)
  object space 47616K, 14% used [0x0000000080000000,0x00000000806d8190,0x0000000082e80000)
 Metaspace       used 33278K, capacity 34144K, committed 34352K, reserved 1079296K
  class space    used 4562K, capacity 4839K, committed 4912K, reserved 1048576K
Event: 15.754 GC heap after
Heap after GC invocations=11 (full 1):
 PSYoungGen      total 102400K, used 8371K [0x00000000d5580000, 0x00000000dc600000, 0x0000000100000000)
  eden space 91648K, 0% used [0x00000000d5580000,0x00000000d5580000,0x00000000daf00000)
  from space 10752K, 77% used [0x00000000dbb80000,0x00000000dc3acd68,0x00000000dc600000)
  to   space 11776K, 0% used [0x00000000daf00000,0x00000000daf00000,0x00000000dba80000)
 ParOldGen       total 47616K, used 7650K [0x0000000080000000, 0x0000000082e80000, 0x00000000d5580000)
  object space 47616K, 16% used [0x0000000080000000,0x0000000080778888,0x0000000082e80000)
 Metaspace       used 33278K, capacity 34144K, committed 34352K, reserved 1079296K
  class space    used 4562K, capacity 4839K, committed 4912K, reserved 1048576K
}
Event: 16.272 GC heap before
{Heap before GC invocations=12 (full 1):
 PSYoungGen      total 102400K, used 18664K [0x00000000d5580000, 0x00000000dc600000, 0x0000000100000000)
  eden space 91648K, 11% used [0x00000000d5580000,0x00000000d5f8d2a0,0x00000000daf00000)
  from space 10752K, 77% used [0x00000000dbb80000,0x00000000dc3acd68,0x00000000dc600000)
  to   space 11776K, 0% used [0x00000000daf00000,0x00000000daf00000,0x00000000dba80000)
 ParOldGen       total 47616K, used 7650K [0x0000000080000000, 0x0000000082e80000, 0x00000000d5580000)
  object space 47616K, 16% used [0x0000000080000000,0x0000000080778888,0x0000000082e80000)
 Metaspace       used 33679K, capacity 34496K, committed 34608K, reserved 1083392K
  class space    used 4623K, capacity 4871K, committed 4912K, reserved 1048576K
Event: 16.292 GC heap after
Heap after GC invocations=12 (full 1):
 PSYoungGen      total 103424K, used 788K [0x00000000d5580000, 0x00000000dc600000, 0x0000000100000000)
  eden space 91648K, 0% used [0x00000000d5580000,0x00000000d5580000,0x00000000daf00000)
  from space 11776K, 6% used [0x00000000daf00000,0x00000000dafc5070,0x00000000dba80000)
  to   space 10752K, 0% used [0x00000000dbb80000,0x00000000dbb80000,0x00000000dc600000)
 ParOldGen       total 47616K, used 13738K [0x0000000080000000, 0x0000000082e80000, 0x00000000d5580000)
  object space 47616K, 28% used [0x0000000080000000,0x0000000080d6a918,0x0000000082e80000)
 Metaspace       used 33679K, capacity 34496K, committed 34608K, reserved 1083392K
  class space    used 4623K, capacity 4871K, committed 4912K, reserved 1048576K
}
Event: 16.292 GC heap before
{Heap before GC invocations=13 (full 2):
 PSYoungGen      total 103424K, used 788K [0x00000000d5580000, 0x00000000dc600000, 0x0000000100000000)
  eden space 91648K, 0% used [0x00000000d5580000,0x00000000d5580000,0x00000000daf00000)
  from space 11776K, 6% used [0x00000000daf00000,0x00000000dafc5070,0x00000000dba80000)
  to   space 10752K, 0% used [0x00000000dbb80000,0x00000000dbb80000,0x00000000dc600000)
 ParOldGen       total 47616K, used 13738K [0x0000000080000000, 0x0000000082e80000, 0x00000000d5580000)
  object space 47616K, 28% used [0x0000000080000000,0x0000000080d6a918,0x0000000082e80000)
 Metaspace       used 33679K, capacity 34496K, committed 34608K, reserved 1083392K
  class space    used 4623K, capacity 4871K, committed 4912K, reserved 1048576K
Event: 16.475 GC heap after
Heap after GC invocations=13 (full 2):
 PSYoungGen      total 103424K, used 0K [0x00000000d5580000, 0x00000000dc600000, 0x0000000100000000)
  eden space 91648K, 0% used [0x00000000d5580000,0x00000000d5580000,0x00000000daf00000)
  from space 11776K, 0% used [0x00000000daf00000,0x00000000daf00000,0x00000000dba80000)
  to   space 10752K, 0% used [0x00000000dbb80000,0x00000000dbb80000,0x00000000dc600000)
 ParOldGen       total 47616K, used 14217K [0x0000000080000000, 0x0000000082e80000, 0x00000000d5580000)
  object space 47616K, 29% used [0x0000000080000000,0x0000000080de25e0,0x0000000082e80000)
 Metaspace       used 33679K, capacity 34496K, committed 34608K, reserved 1081344K
  class space    used 4623K, capacity 4871K, committed 4912K, reserved 1048576K
}

Deoptimization events (10 events):
Event: 9.898 Thread 0x000000001bdc7000 Uncommon trap: reason=class_check action=maybe_recompile pc=0x000000000397317c method=sun.misc.URLClassPath.getLoader(I)Lsun/misc/URLClassPath$Loader; @ 239
Event: 9.898 Thread 0x000000001bdc7000 Uncommon trap: reason=unstable_if action=reinterpret pc=0x0000000003758578 method=java.lang.String.regionMatches(ZILjava/lang/String;II)Z @ 41
Event: 9.922 Thread 0x000000001bdc7000 Uncommon trap: reason=class_check action=maybe_recompile pc=0x000000000397317c method=sun.misc.URLClassPath.getLoader(I)Lsun/misc/URLClassPath$Loader; @ 239
Event: 10.454 Thread 0x000000001bdc7000 Uncommon trap: reason=unstable_if action=reinterpret pc=0x00000000034e80cc method=java.util.HashMap.getNode(ILjava/lang/Object;)Ljava/util/HashMap$Node; @ 53
Event: 10.455 Thread 0x000000001bdc7000 Uncommon trap: reason=unstable_if action=reinterpret pc=0x00000000037236c4 method=java.util.HashMap.hash(Ljava/lang/Object;)I @ 1
Event: 10.873 Thread 0x0000000017e99000 Uncommon trap: reason=unstable_if action=reinterpret pc=0x0000000003795a7c method=java.lang.ref.Reference.tryHandlePending(Z)Z @ 104
Event: 10.951 Thread 0x000000001bdc7000 Uncommon trap: reason=unstable_if action=reinterpret pc=0x0000000003b3aa38 method=org.gradle.internal.reflect.PropertyAccessorType.isGetGetterName(Ljava/lang/String;)Z @ 14
Event: 11.238 Thread 0x000000001bdc7000 Uncommon trap: reason=unstable_if action=reinterpret pc=0x000000000394b680 method=org.objectweb.asm.ByteVector.putShort(I)Lorg/objectweb/asm/ByteVector; @ 13
Event: 11.665 Thread 0x000000001bdc7000 Uncommon trap: reason=class_check action=maybe_recompile pc=0x0000000003972e14 method=sun.misc.URLClassPath.getLoader(I)Lsun/misc/URLClassPath$Loader; @ 94
Event: 13.849 Thread 0x000000001bdc7000 Uncommon trap: reason=range_check action=make_not_entrant pc=0x0000000003ba05fc method=java.lang.String.charAt(I)C @ 27

Classes redefined (0 events):
No events

Internal exceptions (10 events):
Event: 15.167 Thread 0x000000001bdc7000 Exception <a 'java/lang/ClassNotFoundException': org/gradle/api/internal/artifacts/dsl/dependencies/DefaultDependencyHandler_DecoratedBeanInfo> (0x00000000d8027568) thrown at [C:\src\AOSP-openjdk-git\hotspot\src\share\vm\classfile\systemDictionary.cpp, li
Event: 15.168 Thread 0x000000001bdc7000 Exception <a 'java/lang/ClassNotFoundException': org/gradle/api/internal/artifacts/dsl/dependencies/DefaultDependencyHandlerBeanInfo> (0x00000000d80827f8) thrown at [C:\src\AOSP-openjdk-git\hotspot\src\share\vm\classfile\systemDictionary.cpp, line 210]
Event: 15.169 Thread 0x000000001bdc7000 Exception <a 'java/lang/ClassNotFoundException': org/gradle/api/internal/artifacts/dsl/dependencies/DefaultDependencyHandlerCustomizer> (0x00000000d80dea28) thrown at [C:\src\AOSP-openjdk-git\hotspot\src\share\vm\classfile\systemDictionary.cpp, line 210]
Event: 15.180 Thread 0x000000001bdc7000 Exception <a 'java/lang/ClassNotFoundException': org/gradle/api/internal/artifacts/dsl/dependencies/DefaultDependencyHandler_DecoratedCustomizer> (0x00000000d816c0b8) thrown at [C:\src\AOSP-openjdk-git\hotspot\src\share\vm\classfile\systemDictionary.cpp, 
Event: 15.278 Thread 0x000000001bdc7000 Exception <a 'java/lang/ClassNotFoundException': groovy/lang/GString$1BeanInfo> (0x00000000d83555b0) thrown at [C:\src\AOSP-openjdk-git\hotspot\src\share\vm\classfile\systemDictionary.cpp, line 210]
Event: 15.280 Thread 0x000000001bdc7000 Exception <a 'java/lang/ClassNotFoundException': groovy/lang/GStringBeanInfo> (0x00000000d8377578) thrown at [C:\src\AOSP-openjdk-git\hotspot\src\share\vm\classfile\systemDictionary.cpp, line 210]
Event: 15.282 Thread 0x000000001bdc7000 Exception <a 'java/lang/ClassNotFoundException': groovy/lang/GStringCustomizer> (0x00000000d839a110) thrown at [C:\src\AOSP-openjdk-git\hotspot\src\share\vm\classfile\systemDictionary.cpp, line 210]
Event: 15.285 Thread 0x000000001bdc7000 Exception <a 'java/lang/ClassNotFoundException': groovy/lang/GString$1Customizer> (0x00000000d83c9100) thrown at [C:\src\AOSP-openjdk-git\hotspot\src\share\vm\classfile\systemDictionary.cpp, line 210]
Event: 15.318 Thread 0x000000001bdc7000 Exception <a 'java/lang/ClassNotFoundException': org/codehaus/groovy/runtime/GStringImplBeanInfo> (0x00000000d84714e0) thrown at [C:\src\AOSP-openjdk-git\hotspot\src\share\vm\classfile\systemDictionary.cpp, line 210]
Event: 15.323 Thread 0x000000001bdc7000 Exception <a 'java/lang/ClassNotFoundException': org/codehaus/groovy/runtime/GStringImplCustomizer> (0x00000000d849e5c8) thrown at [C:\src\AOSP-openjdk-git\hotspot\src\share\vm\classfile\systemDictionary.cpp, line 210]

Events (10 events):
Event: 16.481 loading class org/gradle/internal/resolve/result/DefaultResourceAwareResolveResult
Event: 16.481 loading class org/gradle/internal/resolve/result/DefaultResourceAwareResolveResult done
Event: 16.482 loading class org/gradle/api/internal/artifacts/ProjectBackedModule
Event: 16.482 loading class org/gradle/api/internal/artifacts/ProjectBackedModule done
Event: 16.482 loading class org/gradle/api/internal/artifacts/DefaultModuleVersionIdentifier
Event: 16.482 loading class org/gradle/api/internal/artifacts/DefaultModuleVersionIdentifier done
Event: 16.484 loading class org/gradle/internal/component/local/model/BuildableLocalConfigurationMetadata
Event: 16.484 loading class org/gradle/internal/component/local/model/BuildableLocalConfigurationMetadata done
Event: 16.485 loading class org/gradle/internal/component/local/model/LocalConfigurationMetadata
Event: 16.485 loading class org/gradle/internal/component/local/model/LocalConfigurationMetadata done


Dynamic libraries:
0x00007ff6171b0000 - 0x00007ff6171e1000 	C:\Program Files\Android\Android Studio\jre\bin\java.exe
0x00007ff81e750000 - 0x00007ff81e945000 	C:\WINDOWS\SYSTEM32\ntdll.dll
0x00007ff81cbb0000 - 0x00007ff81cc6d000 	C:\WINDOWS\System32\KERNEL32.DLL
0x00007ff81c210000 - 0x00007ff81c4d9000 	C:\WINDOWS\System32\KERNELBASE.dll
0x00007ff81cc70000 - 0x00007ff81cd1c000 	C:\WINDOWS\System32\ADVAPI32.dll
0x00007ff81e2e0000 - 0x00007ff81e37e000 	C:\WINDOWS\System32\msvcrt.dll
0x00007ff81de60000 - 0x00007ff81defc000 	C:\WINDOWS\System32\sechost.dll
0x00007ff81d560000 - 0x00007ff81d68b000 	C:\WINDOWS\System32\RPCRT4.dll
0x00007ff81e4a0000 - 0x00007ff81e640000 	C:\WINDOWS\System32\USER32.dll
0x00007ff81c6f0000 - 0x00007ff81c712000 	C:\WINDOWS\System32\win32u.dll
0x00007ff81dd80000 - 0x00007ff81ddaa000 	C:\WINDOWS\System32\GDI32.dll
0x00007ff81c590000 - 0x00007ff81c69b000 	C:\WINDOWS\System32\gdi32full.dll
0x00007ff81c0f0000 - 0x00007ff81c18d000 	C:\WINDOWS\System32\msvcp_win.dll
0x00007ff81be90000 - 0x00007ff81bf90000 	C:\WINDOWS\System32\ucrtbase.dll
0x00007ff811060000 - 0x00007ff8112fa000 	C:\WINDOWS\WinSxS\amd64_microsoft.windows.common-controls_6595b64144ccf1df_6.0.19041.844_none_ca00b6081b84eb1d\COMCTL32.dll
0x00007ff81c810000 - 0x00007ff81c840000 	C:\WINDOWS\System32\IMM32.DLL
0x000000005ecd0000 - 0x000000005eda2000 	C:\Program Files\Android\Android Studio\jre\jre\bin\msvcr100.dll
0x000000005ef90000 - 0x000000005f7db000 	C:\Program Files\Android\Android Studio\jre\jre\bin\server\jvm.dll
0x00007ff81cd20000 - 0x00007ff81cd28000 	C:\WINDOWS\System32\PSAPI.DLL
0x00007ff814560000 - 0x00007ff81456a000 	C:\WINDOWS\SYSTEM32\VERSION.dll
0x00007ff813300000 - 0x00007ff813327000 	C:\WINDOWS\SYSTEM32\WINMM.dll
0x00007ff80d3b0000 - 0x00007ff80d3b9000 	C:\WINDOWS\SYSTEM32\WSOCK32.dll
0x00007ff81e640000 - 0x00007ff81e6ab000 	C:\WINDOWS\System32\WS2_32.dll
0x00007ff8172d0000 - 0x00007ff8172df000 	C:\Program Files\Android\Android Studio\jre\jre\bin\verify.dll
0x00007ff8170d0000 - 0x00007ff8170f9000 	C:\Program Files\Android\Android Studio\jre\jre\bin\java.dll
0x00007ff816f50000 - 0x00007ff816f66000 	C:\Program Files\Android\Android Studio\jre\jre\bin\zip.dll
0x00007ff81cd40000 - 0x00007ff81d482000 	C:\WINDOWS\System32\SHELL32.dll
0x00007ff819ce0000 - 0x00007ff81a470000 	C:\WINDOWS\SYSTEM32\windows.storage.dll
0x00007ff81df80000 - 0x00007ff81e2d5000 	C:\WINDOWS\System32\combase.dll
0x00007ff81b830000 - 0x00007ff81b85c000 	C:\WINDOWS\SYSTEM32\Wldp.dll
0x00007ff81c9d0000 - 0x00007ff81ca7e000 	C:\WINDOWS\System32\SHCORE.dll
0x00007ff81e6b0000 - 0x00007ff81e705000 	C:\WINDOWS\System32\shlwapi.dll
0x00007ff81bdd0000 - 0x00007ff81bdef000 	C:\WINDOWS\SYSTEM32\profapi.dll
0x00007ff816e00000 - 0x00007ff816e1a000 	C:\Program Files\Android\Android Studio\jre\jre\bin\net.dll
0x00007ff81b5b0000 - 0x00007ff81b61a000 	C:\WINDOWS\system32\mswsock.dll
0x00007ff812580000 - 0x00007ff812593000 	C:\Program Files\Android\Android Studio\jre\jre\bin\nio.dll
0x00007ff8006e0000 - 0x00007ff800706000 	C:\Users\muhamadsyafii\.gradle\native\31\windows-amd64\native-platform.dll
0x00007ff8170c0000 - 0x00007ff8170cd000 	C:\Program Files\Android\Android Studio\jre\jre\bin\management.dll
0x00007ff81b780000 - 0x00007ff81b798000 	C:\WINDOWS\SYSTEM32\CRYPTSP.dll
0x00007ff81af50000 - 0x00007ff81af84000 	C:\WINDOWS\system32\rsaenh.dll
0x00007ff81c720000 - 0x00007ff81c747000 	C:\WINDOWS\System32\bcrypt.dll
0x00007ff81bd90000 - 0x00007ff81bdbe000 	C:\WINDOWS\SYSTEM32\USERENV.dll
0x00007ff81c190000 - 0x00007ff81c210000 	C:\WINDOWS\System32\bcryptprimitives.dll
0x00007ff81b7a0000 - 0x00007ff81b7ac000 	C:\WINDOWS\SYSTEM32\CRYPTBASE.dll
0x00007ff81b2a0000 - 0x00007ff81b2db000 	C:\WINDOWS\SYSTEM32\IPHLPAPI.DLL
0x00007ff81cd30000 - 0x00007ff81cd38000 	C:\WINDOWS\System32\NSI.dll
0x00007ff817880000 - 0x00007ff817897000 	C:\WINDOWS\SYSTEM32\dhcpcsvc6.DLL
0x00007ff8174d0000 - 0x00007ff8174ed000 	C:\WINDOWS\SYSTEM32\dhcpcsvc.DLL
0x00007ff81b2e0000 - 0x00007ff81b3ab000 	C:\WINDOWS\SYSTEM32\DNSAPI.dll

VM Arguments:
jvm_args: -Xmx2048m -Dfile.encoding=windows-1252 -Duser.country=US -Duser.language=en -Duser.variant 
java_command: org.gradle.launcher.daemon.bootstrap.GradleDaemon 6.1.1
java_class_path (initial): C:\Users\muhamadsyafii\.gradle\wrapper\dists\gradle-6.1.1-all\cfmwm155h49vnt3hynmlrsdst\gradle-6.1.1\lib\gradle-launcher-6.1.1.jar
Launcher Type: SUN_STANDARD

Environment Variables:
PATH=C:\Program Files (x86)\Common Files\Oracle\Java\javapath;C:\WINDOWS\system32;C:\WINDOWS;C:\WINDOWS\System32\Wbem;C:\WINDOWS\System32\WindowsPowerShell\v1.0\;C:\WINDOWS\System32\OpenSSH\;C:\Program Files (x86)\Intel\Intel(R) Management Engine Components\DAL;C:\Program Files\Intel\Intel(R) Management Engine Components\DAL;C:\Users\muhamadsyafii\AppData\Local\Microsoft\WindowsApps;C:\Users\muhamadsyafii\AppData\Local\Programs\Git\cmd;C:\Users\muhamadsyafii\AppData\Local\Programs\Microsoft VS Code\bin;
USERNAME=muhamadsyafii
OS=Windows_NT
PROCESSOR_IDENTIFIER=Intel64 Family 6 Model 142 Stepping 9, GenuineIntel



---------------  S Y S T E M  ---------------

OS: Windows 10.0 , 64 bit Build 19041 (10.0.19041.804)

CPU:total 4 (initial active 4) (2 cores per cpu, 2 threads per core) family 6 model 142 stepping 9, cmov, cx8, fxsr, mmx, sse, sse2, sse3, ssse3, sse4.1, sse4.2, popcnt, avx, avx2, aes, clmul, erms, rtm, 3dnowpref, lzcnt, ht, tsc, tscinvbit, bmi1, bmi2, adx

Memory: 4k page, physical 8270876k(229772k free), swap 16659484k(3052k free)

vm_info: OpenJDK 64-Bit Server VM (25.242-b01) for windows-amd64 JRE (1.8.0_242-release-1644-b01), built by "builder" with MS VC++ 10.0 (VS2010)

time: Fri Apr 16 14:39:07 2021
timezone: SE Asia Standard Time
elapsed time: 16 seconds (0d 0h 0m 16s)

