#
# There is insufficient memory for the Java Runtime Environment to continue.
# Native memory allocation (malloc) failed to allocate 32744 bytes for ChunkPool::allocate
# Possible reasons:
#   The system is out of physical RAM or swap space
#   The process is running with CompressedOops enabled, and the Java Heap may be blocking the growth of the native heap
# Possible solutions:
#   Reduce memory load on the system
#   Increase physical memory or swap space
#   Check if swap backing store is full
#   Decrease Java heap size (-Xmx/-Xms)
#   Decrease number of Java threads
#   Decrease Java thread stack sizes (-Xss)
#   Set larger code cache with -XX:ReservedCodeCacheSize=
#   JVM is running with Unscaled Compressed Oops mode in which the Java heap is
#     placed in the first 4GB address space. The Java Heap base address is the
#     maximum limit for the native heap growth. Please use -XX:HeapBaseMinAddress
#     to set the Java Heap base and to place the Java Heap above 4GB virtual address.
# This output file may be truncated or incomplete.
#
#  Out of Memory Error (allocation.cpp:272), pid=4380, tid=0x0000000000003bb8
#
# JRE version: OpenJDK Runtime Environment (8.0_242-b01) (build 1.8.0_242-release-1644-b01)
# Java VM: OpenJDK 64-Bit Server VM (25.242-b01 mixed mode windows-amd64 compressed oops)
# Failed to write core dump. Minidumps are not enabled by default on client versions of Windows
#

---------------  T H R E A D  ---------------

Current thread (0x0000000017e2a000):  JavaThread "C2 CompilerThread1" daemon [_thread_in_native, id=15288, stack(0x0000000019580000,0x0000000019680000)]

Stack: [0x0000000019580000,0x0000000019680000]
[error occurred during error reporting (printing stack bounds), id 0xc0000005]

Native frames: (J=compiled Java code, j=interpreted, Vv=VM code, C=native code)


Current CompileTask:
C2:18364021 26386 %     4       com.android.tools.r8.ir.regalloc.a::b @ 598 (1367 bytes)


---------------  P R O C E S S  ---------------

Java Threads: ( => current thread )
  0x0000000021177800 JavaThread "ForkJoinPool-6-worker-0" daemon [_thread_blocked, id=3484, stack(0x000000002b040000,0x000000002b140000)]
  0x0000000021178800 JavaThread "ForkJoinPool-6-worker-3" daemon [_thread_blocked, id=17300, stack(0x0000000029cf0000,0x0000000029df0000)]
  0x0000000021177000 JavaThread "ForkJoinPool-6-worker-2" daemon [_thread_in_Java, id=2024, stack(0x00000000295f0000,0x00000000296f0000)]
  0x0000000021176000 JavaThread "ForkJoinPool-6-worker-1" daemon [_thread_blocked, id=14580, stack(0x00000000290f0000,0x00000000291f0000)]
  0x000000002117d000 JavaThread "WorkerExecutor Queue Thread 5" [_thread_blocked, id=9508, stack(0x0000000028a00000,0x0000000028b00000)]
  0x0000000021175800 JavaThread "WorkerExecutor Queue Thread 4" [_thread_blocked, id=3848, stack(0x0000000028900000,0x0000000028a00000)]
  0x000000002117b800 JavaThread "WorkerExecutor Queue Thread 3" [_thread_blocked, id=3240, stack(0x0000000028800000,0x0000000028900000)]
  0x000000002117c000 JavaThread "WorkerExecutor Queue Thread 2" [_thread_blocked, id=8332, stack(0x0000000028700000,0x0000000028800000)]
  0x0000000021179000 JavaThread "WorkerExecutor Queue" [_thread_blocked, id=15896, stack(0x0000000028600000,0x0000000028700000)]
  0x000000002087f000 JavaThread "Cache worker for execution history cache (D:\AndroidProject\Rnd\MOVApps\.gradle\6.1.1\executionHistory)" [_thread_blocked, id=12212, stack(0x0000000027ff0000,0x00000000280f0000)]
  0x000000002087c800 JavaThread "Execution worker for ':' Thread 3" [_thread_blocked, id=10460, stack(0x0000000027ef0000,0x0000000027ff0000)]
  0x000000002087f800 JavaThread "Execution worker for ':' Thread 2" [_thread_in_Java, id=7684, stack(0x0000000027df0000,0x0000000027ef0000)]
  0x0000000020881000 JavaThread "Execution worker for ':'" [_thread_blocked, id=14516, stack(0x0000000026920000,0x0000000026a20000)]
  0x0000000020879000 JavaThread "Cache worker for file content cache (D:\AndroidProject\Rnd\MOVApps\.gradle\6.1.1\fileContent)" [_thread_blocked, id=1796, stack(0x0000000026820000,0x0000000026920000)]
  0x0000000020875000 JavaThread "Cache worker for Build Output Cleanup Cache (D:\AndroidProject\Rnd\MOVApps\.gradle\buildOutputCleanup)" [_thread_blocked, id=12848, stack(0x0000000026720000,0x0000000026820000)]
  0x0000000021406000 JavaThread "Build operations Thread 4" [_thread_blocked, id=4100, stack(0x0000000026620000,0x0000000026720000)]
  0x0000000021405800 JavaThread "Build operations Thread 3" [_thread_blocked, id=16928, stack(0x0000000026520000,0x0000000026620000)]
  0x0000000021408800 JavaThread "Build operations Thread 2" [_thread_blocked, id=16496, stack(0x0000000024130000,0x0000000024230000)]
  0x0000000021407800 JavaThread "Build operations" [_thread_blocked, id=5552, stack(0x0000000023e10000,0x0000000023f10000)]
  0x000000002140a800 JavaThread "Cache worker for cache directory md-rule (C:\Users\muhamadsyafii\.gradle\caches\6.1.1\md-rule)" [_thread_blocked, id=11952, stack(0x0000000021580000,0x0000000021680000)]
  0x000000002140a000 JavaThread "Cache worker for cache directory md-supplier (C:\Users\muhamadsyafii\.gradle\caches\6.1.1\md-supplier)" [_thread_blocked, id=11016, stack(0x0000000020440000,0x0000000020540000)]
  0x0000000021407000 JavaThread "Cache worker for file hash cache (D:\AndroidProject\Rnd\MOVApps\.gradle\6.1.1\fileHashes)" [_thread_blocked, id=5376, stack(0x000000001ff40000,0x0000000020040000)]
  0x00000000213fd000 JavaThread "Cache worker for checksums cache (D:\AndroidProject\Rnd\MOVApps\.gradle\checksums)" [_thread_blocked, id=8116, stack(0x000000001fe40000,0x000000001ff40000)]
  0x0000000021403000 JavaThread "Thread-99" [_thread_blocked, id=17224, stack(0x000000001d6a0000,0x000000001d7a0000)]
  0x00000000213fb800 JavaThread "Stdin handler" [_thread_blocked, id=15900, stack(0x000000001d3a0000,0x000000001d4a0000)]
  0x0000000021400000 JavaThread "Asynchronous log dispatcher for DefaultDaemonConnection: socket connection from /127.0.0.1:59439 to /127.0.0.1:51415" [_thread_blocked, id=9764, stack(0x000000001cfa0000,0x000000001d0a0000)]
  0x00000000213ff800 JavaThread "Cancel handler" [_thread_blocked, id=7328, stack(0x0000000001620000,0x0000000001720000)]
  0x0000000021402800 JavaThread "Handler for socket connection from /127.0.0.1:59439 to /127.0.0.1:51415" [_thread_in_native, id=6800, stack(0x0000000001520000,0x0000000001620000)]
  0x0000000021184800 JavaThread "Cache worker for Java compile cache (C:\Users\muhamadsyafii\.gradle\caches\6.1.1\javaCompile)" [_thread_blocked, id=10164, stack(0x000000001d2a0000,0x000000001d3a0000)]
  0x0000000021180000 JavaThread "RMI TCP Connection(idle)" daemon [_thread_blocked, id=16084, stack(0x00000000294f0000,0x00000000295f0000)]
  0x000000002117f000 JavaThread "RMI Reaper" [_thread_blocked, id=16068, stack(0x00000000293f0000,0x00000000294f0000)]
  0x0000000021182000 JavaThread "RMI TCP Accept-0" daemon [_thread_in_native, id=15616, stack(0x00000000292f0000,0x00000000293f0000)]
  0x0000000021183800 JavaThread "GC Daemon" daemon [_thread_blocked, id=9336, stack(0x00000000291f0000,0x00000000292f0000)]
  0x000000002117e800 JavaThread "RMI Scheduler(0)" daemon [_thread_blocked, id=1476, stack(0x0000000028ff0000,0x00000000290f0000)]
  0x0000000019a13000 JavaThread "Cache worker for file content cache (C:\Users\muhamadsyafii\.gradle\caches\6.1.1\fileContent)" [_thread_blocked, id=16052, stack(0x00000000257b0000,0x00000000258b0000)]
  0x0000000021409000 JavaThread "Memory manager" [_thread_blocked, id=15200, stack(0x0000000025080000,0x0000000025180000)]
  0x00000000213fe800 JavaThread "Daemon worker Thread 3" [_thread_in_vm, id=8048, stack(0x000000001cda0000,0x000000001cea0000)]
  0x000000001a424000 JavaThread "Daemon Thread 3" [_thread_blocked, id=14760, stack(0x0000000001420000,0x0000000001520000)]
  0x000000001a423800 JavaThread "Cache worker for execution history cache (C:\Users\muhamadsyafii\.gradle\caches\6.1.1\executionHistory)" [_thread_blocked, id=7896, stack(0x0000000021680000,0x0000000021780000)]
  0x000000001a41e000 JavaThread "Cache worker for file hash cache (C:\Users\muhamadsyafii\.gradle\caches\6.1.1\fileHashes)" [_thread_blocked, id=11064, stack(0x000000001dba0000,0x000000001dca0000)]
  0x000000001a421000 JavaThread "File lock request listener" [_thread_in_native, id=11236, stack(0x000000001daa0000,0x000000001dba0000)]
  0x00000000198c1800 JavaThread "Cache worker for journal cache (C:\Users\muhamadsyafii\.gradle\caches\journal-1)" [_thread_blocked, id=13636, stack(0x000000001d9a0000,0x000000001daa0000)]
  0x000000001b8bc800 JavaThread "Daemon periodic checks" [_thread_blocked, id=3616, stack(0x000000001cea0000,0x000000001cfa0000)]
  0x000000001b847800 JavaThread "Incoming local TCP Connector on port 59439" [_thread_in_native, id=15108, stack(0x000000001cb60000,0x000000001cc60000)]
  0x0000000019ddd000 JavaThread "Daemon health stats" [_thread_blocked, id=8516, stack(0x000000001c520000,0x000000001c620000)]
  0x0000000017e7d800 JavaThread "Service Thread" daemon [_thread_blocked, id=1928, stack(0x0000000019b80000,0x0000000019c80000)]
  0x0000000017e3a000 JavaThread "C1 CompilerThread2" daemon [_thread_blocked, id=10864, stack(0x0000000019680000,0x0000000019780000)]
=>0x0000000017e2a000 JavaThread "C2 CompilerThread1" daemon [_thread_in_native, id=15288, stack(0x0000000019580000,0x0000000019680000)]
  0x0000000017e23800 JavaThread "C2 CompilerThread0" daemon [_thread_in_native, id=12520, stack(0x0000000019480000,0x0000000019580000)]
  0x0000000017e22000 JavaThread "Attach Listener" daemon [_thread_blocked, id=12592, stack(0x0000000019380000,0x0000000019480000)]
  0x0000000017e21000 JavaThread "Signal Dispatcher" daemon [_thread_blocked, id=10376, stack(0x0000000019280000,0x0000000019380000)]
  0x00000000031fb000 JavaThread "Finalizer" daemon [_thread_blocked, id=2640, stack(0x0000000019080000,0x0000000019180000)]
  0x0000000017e09000 JavaThread "Reference Handler" daemon [_thread_blocked, id=12228, stack(0x0000000018f80000,0x0000000019080000)]
  0x0000000002ffe000 JavaThread "main" [_thread_blocked, id=3808, stack(0x0000000003000000,0x0000000003100000)]

Other Threads:
  0x0000000017de6000 VMThread [stack: 0x0000000018e80000,0x0000000018f80000] [id=13988]
  0x0000000017e7e800 WatcherThread [stack: 0x0000000019c80000,0x0000000019d80000] [id=5664]

VM state:not at safepoint (normal execution)

VM Mutex/Monitor currently owned by a thread: None

heap address: 0x0000000080000000, size: 2048 MB, Compressed Oops mode: 32-bit
Narrow klass base: 0x0000000000000000, Narrow klass shift: 3
Compressed class space size: 1073741824 Address: 0x0000000100000000

Heap:
 PSYoungGen      total 643072K, used 564011K [0x00000000d5580000, 0x00000000ff880000, 0x0000000100000000)
  eden space 592896K, 93% used [0x00000000d5580000,0x00000000f74608c8,0x00000000f9880000)
  from space 50176K, 16% used [0x00000000fc780000,0x00000000fcf6a3e0,0x00000000ff880000)
  to   space 48128K, 0% used [0x00000000f9880000,0x00000000f9880000,0x00000000fc780000)
 ParOldGen       total 254976K, used 201502K [0x0000000080000000, 0x000000008f900000, 0x00000000d5580000)
  object space 254976K, 79% used [0x0000000080000000,0x000000008c4c7be0,0x000000008f900000)
 Metaspace       used 110374K, capacity 115657K, committed 118040K, reserved 1150976K
  class space    used 14222K, capacity 15216K, committed 15664K, reserved 1048576K

Card table byte_map: [0x00000000125c0000,0x00000000129d0000] byte_map_base: 0x00000000121c0000

Marking Bits: (ParMarkBitMap*) 0x0000000050aef030
 Begin Bits: [0x0000000013080000, 0x0000000015080000)
 End Bits:   [0x0000000015080000, 0x0000000017080000)

Polling page: 0x0000000001760000

CodeCache: size=245760Kb used=76731Kb max_used=76731Kb free=169028Kb
 bounds [0x0000000003200000, 0x0000000007d80000, 0x0000000012200000]
 total_blobs=21296 nmethods=20347 adapters=860
 compilation: enabled

Compilation events (10 events):
Event: 18363.865 Thread 0x0000000017e3a000 26431       2       org.gradle.api.internal.file.collections.DirectoryFileTree::visit (13 bytes)
Event: 18363.865 Thread 0x0000000017e3a000 nmethod 26431 0x00000000051bd190 code [0x00000000051bd300, 0x00000000051bd488]
Event: 18363.868 Thread 0x0000000017e3a000 26432       2       org.gradle.api.file.EmptyFileVisitor::<init> (5 bytes)
Event: 18363.868 Thread 0x0000000017e3a000 nmethod 26432 0x00000000051bce50 code [0x00000000051bcfa0, 0x00000000051bd0f0]
Event: 18363.952 Thread 0x0000000017e3a000 26435       2       com.android.tools.r8.u.b.G0::b (10 bytes)
Event: 18363.953 Thread 0x0000000017e3a000 nmethod 26435 0x00000000051bc6d0 code [0x00000000051bc840, 0x00000000051bca08]
Event: 18363.953 Thread 0x0000000017e3a000 26436       2       com.android.tools.r8.code.o2::<init> (7 bytes)
Event: 18363.953 Thread 0x0000000017e3a000 nmethod 26436 0x00000000051bc350 code [0x00000000051bc4c0, 0x00000000051bc628]
Event: 18364.002 Thread 0x0000000017e3a000 26437 %     3       com.android.tools.r8.ir.regalloc.a::a @ 155 (336 bytes)
Event: 18364.007 Thread 0x0000000017e3a000 nmethod 26437% 0x00000000077c1a50 code [0x00000000077c1fc0, 0x00000000077c5888]

GC Heap History (10 events):
Event: 18354.872 GC heap before
{Heap before GC invocations=34 (full 6):
 PSYoungGen      total 622592K, used 562109K [0x00000000d5580000, 0x00000000ffa80000, 0x0000000100000000)
  eden space 557568K, 100% used [0x00000000d5580000,0x00000000f7600000,0x00000000f7600000)
  from space 65024K, 6% used [0x00000000f7600000,0x00000000f7a6f540,0x00000000fb580000)
  to   space 62976K, 0% used [0x00000000fbd00000,0x00000000fbd00000,0x00000000ffa80000)
 ParOldGen       total 254976K, used 179495K [0x0000000080000000, 0x000000008f900000, 0x00000000d5580000)
  object space 254976K, 70% used [0x0000000080000000,0x000000008af49c90,0x000000008f900000)
 Metaspace       used 110256K, capacity 115529K, committed 118040K, reserved 1150976K
  class space    used 14216K, capacity 15208K, committed 15664K, reserved 1048576K
Event: 18354.925 GC heap after
Heap after GC invocations=34 (full 6):
 PSYoungGen      total 630272K, used 11907K [0x00000000d5580000, 0x00000000ff700000, 0x0000000100000000)
  eden space 570880K, 0% used [0x00000000d5580000,0x00000000d5580000,0x00000000f8300000)
  from space 59392K, 20% used [0x00000000fbd00000,0x00000000fc8a0d68,0x00000000ff700000)
  to   space 59392K, 0% used [0x00000000f8300000,0x00000000f8300000,0x00000000fbd00000)
 ParOldGen       total 254976K, used 182416K [0x0000000080000000, 0x000000008f900000, 0x00000000d5580000)
  object space 254976K, 71% used [0x0000000080000000,0x000000008b2242f8,0x000000008f900000)
 Metaspace       used 110256K, capacity 115529K, committed 118040K, reserved 1150976K
  class space    used 14216K, capacity 15208K, committed 15664K, reserved 1048576K
}
Event: 18357.127 GC heap before
{Heap before GC invocations=35 (full 6):
 PSYoungGen      total 630272K, used 582787K [0x00000000d5580000, 0x00000000ff700000, 0x0000000100000000)
  eden space 570880K, 100% used [0x00000000d5580000,0x00000000f8300000,0x00000000f8300000)
  from space 59392K, 20% used [0x00000000fbd00000,0x00000000fc8a0d68,0x00000000ff700000)
  to   space 59392K, 0% used [0x00000000f8300000,0x00000000f8300000,0x00000000fbd00000)
 ParOldGen       total 254976K, used 182416K [0x0000000080000000, 0x000000008f900000, 0x00000000d5580000)
  object space 254976K, 71% used [0x0000000080000000,0x000000008b2242f8,0x000000008f900000)
 Metaspace       used 110267K, capacity 115597K, committed 118040K, reserved 1150976K
  class space    used 14216K, capacity 15208K, committed 15664K, reserved 1048576K
Event: 18357.143 GC heap after
Heap after GC invocations=35 (full 6):
 PSYoungGen      total 630272K, used 9167K [0x00000000d5580000, 0x00000000ffa00000, 0x0000000100000000)
  eden space 570880K, 0% used [0x00000000d5580000,0x00000000d5580000,0x00000000f8300000)
  from space 59392K, 15% used [0x00000000f8300000,0x00000000f8bf3c98,0x00000000fbd00000)
  to   space 56320K, 0% used [0x00000000fc300000,0x00000000fc300000,0x00000000ffa00000)
 ParOldGen       total 254976K, used 184419K [0x0000000080000000, 0x000000008f900000, 0x00000000d5580000)
  object space 254976K, 72% used [0x0000000080000000,0x000000008b418c18,0x000000008f900000)
 Metaspace       used 110267K, capacity 115597K, committed 118040K, reserved 1150976K
  class space    used 14216K, capacity 15208K, committed 15664K, reserved 1048576K
}
Event: 18358.711 GC heap before
{Heap before GC invocations=36 (full 6):
 PSYoungGen      total 630272K, used 580047K [0x00000000d5580000, 0x00000000ffa00000, 0x0000000100000000)
  eden space 570880K, 100% used [0x00000000d5580000,0x00000000f8300000,0x00000000f8300000)
  from space 59392K, 15% used [0x00000000f8300000,0x00000000f8bf3c98,0x00000000fbd00000)
  to   space 56320K, 0% used [0x00000000fc300000,0x00000000fc300000,0x00000000ffa00000)
 ParOldGen       total 254976K, used 184419K [0x0000000080000000, 0x000000008f900000, 0x00000000d5580000)
  object space 254976K, 72% used [0x0000000080000000,0x000000008b418c18,0x000000008f900000)
 Metaspace       used 110277K, capacity 115597K, committed 118040K, reserved 1150976K
  class space    used 14216K, capacity 15208K, committed 15664K, reserved 1048576K
Event: 18358.728 GC heap after
Heap after GC invocations=36 (full 6):
 PSYoungGen      total 636928K, used 6414K [0x00000000d5580000, 0x00000000ff800000, 0x0000000100000000)
  eden space 582656K, 0% used [0x00000000d5580000,0x00000000d5580000,0x00000000f8e80000)
  from space 54272K, 11% used [0x00000000fc300000,0x00000000fc943810,0x00000000ff800000)
  to   space 53760K, 0% used [0x00000000f8e80000,0x00000000f8e80000,0x00000000fc300000)
 ParOldGen       total 254976K, used 189152K [0x0000000080000000, 0x000000008f900000, 0x00000000d5580000)
  object space 254976K, 74% used [0x0000000080000000,0x000000008b8b8048,0x000000008f900000)
 Metaspace       used 110277K, capacity 115597K, committed 118040K, reserved 1150976K
  class space    used 14216K, capacity 15208K, committed 15664K, reserved 1048576K
}
Event: 18360.213 GC heap before
{Heap before GC invocations=37 (full 6):
 PSYoungGen      total 636928K, used 589070K [0x00000000d5580000, 0x00000000ff800000, 0x0000000100000000)
  eden space 582656K, 100% used [0x00000000d5580000,0x00000000f8e80000,0x00000000f8e80000)
  from space 54272K, 11% used [0x00000000fc300000,0x00000000fc943810,0x00000000ff800000)
  to   space 53760K, 0% used [0x00000000f8e80000,0x00000000f8e80000,0x00000000fc300000)
 ParOldGen       total 254976K, used 189152K [0x0000000080000000, 0x000000008f900000, 0x00000000d5580000)
  object space 254976K, 74% used [0x0000000080000000,0x000000008b8b8048,0x000000008f900000)
 Metaspace       used 110293K, capacity 115601K, committed 118040K, reserved 1150976K
  class space    used 14217K, capacity 15208K, committed 15664K, reserved 1048576K
Event: 18360.243 GC heap after
Heap after GC invocations=37 (full 6):
 PSYoungGen      total 636416K, used 13915K [0x00000000d5580000, 0x00000000ff880000, 0x0000000100000000)
  eden space 582656K, 0% used [0x00000000d5580000,0x00000000d5580000,0x00000000f8e80000)
  from space 53760K, 25% used [0x00000000f8e80000,0x00000000f9c16e68,0x00000000fc300000)
  to   space 50176K, 0% used [0x00000000fc780000,0x00000000fc780000,0x00000000ff880000)
 ParOldGen       total 254976K, used 190966K [0x0000000080000000, 0x000000008f900000, 0x00000000d5580000)
  object space 254976K, 74% used [0x0000000080000000,0x000000008ba7d808,0x000000008f900000)
 Metaspace       used 110293K, capacity 115601K, committed 118040K, reserved 1150976K
  class space    used 14217K, capacity 15208K, committed 15664K, reserved 1048576K
}
Event: 18362.253 GC heap before
{Heap before GC invocations=38 (full 6):
 PSYoungGen      total 636416K, used 596571K [0x00000000d5580000, 0x00000000ff880000, 0x0000000100000000)
  eden space 582656K, 100% used [0x00000000d5580000,0x00000000f8e80000,0x00000000f8e80000)
  from space 53760K, 25% used [0x00000000f8e80000,0x00000000f9c16e68,0x00000000fc300000)
  to   space 50176K, 0% used [0x00000000fc780000,0x00000000fc780000,0x00000000ff880000)
 ParOldGen       total 254976K, used 190966K [0x0000000080000000, 0x000000008f900000, 0x00000000d5580000)
  object space 254976K, 74% used [0x0000000080000000,0x000000008ba7d808,0x000000008f900000)
 Metaspace       used 110345K, capacity 115645K, committed 118040K, reserved 1150976K
  class space    used 14221K, capacity 15214K, committed 15664K, reserved 1048576K
Event: 18362.311 GC heap after
Heap after GC invocations=38 (full 6):
 PSYoungGen      total 643072K, used 8104K [0x00000000d5580000, 0x00000000ff880000, 0x0000000100000000)
  eden space 592896K, 0% used [0x00000000d5580000,0x00000000d5580000,0x00000000f9880000)
  from space 50176K, 16% used [0x00000000fc780000,0x00000000fcf6a3e0,0x00000000ff880000)
  to   space 48128K, 0% used [0x00000000f9880000,0x00000000f9880000,0x00000000fc780000)
 ParOldGen       total 254976K, used 201502K [0x0000000080000000, 0x000000008f900000, 0x00000000d5580000)
  object space 254976K, 79% used [0x0000000080000000,0x000000008c4c7be0,0x000000008f900000)
 Metaspace       used 110345K, capacity 115645K, committed 118040K, reserved 1150976K
  class space    used 14221K, capacity 15214K, committed 15664K, reserved 1048576K
}

Deoptimization events (10 events):
Event: 18360.325 Thread 0x0000000020881000 Uncommon trap: reason=unstable_if action=reinterpret pc=0x0000000007c62a34 method=com.android.tools.r8.ir.regalloc.b.compareTo(Ljava/lang/Object;)I @ 52
Event: 18360.937 Thread 0x000000002087c800 Uncommon trap: reason=bimorphic action=maybe_recompile pc=0x0000000007531e70 method=com.android.tools.r8.u.a.i.e.a(Lcom/android/tools/r8/u/b/Q0;)V @ 75
Event: 18361.520 Thread 0x000000002087c800 Uncommon trap: reason=unstable_if action=reinterpret pc=0x0000000004e385f4 method=java.io.ObjectStreamClass.processQueue(Ljava/lang/ref/ReferenceQueue;Ljava/util/concurrent/ConcurrentMap;)V @ 6
Event: 18361.930 Thread 0x000000002087f800 Uncommon trap: reason=class_check action=maybe_recompile pc=0x0000000007795424 method=com.android.tools.r8.ir.optimize.o.b(Lcom/android/tools/r8/u/b/W;)V @ 270
Event: 18363.228 Thread 0x000000002117d000 Uncommon trap: reason=class_check action=maybe_recompile pc=0x00000000059b2264 method=java.util.zip.DeflaterOutputStream.deflate()V @ 32
Event: 18363.228 Thread 0x000000002117d000 Uncommon trap: reason=class_check action=maybe_recompile pc=0x00000000059b2264 method=java.util.zip.DeflaterOutputStream.deflate()V @ 32
Event: 18363.232 Thread 0x000000002117d000 Uncommon trap: reason=class_check action=maybe_recompile pc=0x00000000059b2264 method=java.util.zip.DeflaterOutputStream.deflate()V @ 32
Event: 18363.232 Thread 0x000000002117d000 Uncommon trap: reason=class_check action=maybe_recompile pc=0x00000000059b2264 method=java.util.zip.DeflaterOutputStream.deflate()V @ 32
Event: 18363.506 Thread 0x000000002087f800 Uncommon trap: reason=class_check action=maybe_recompile pc=0x0000000007795424 method=com.android.tools.r8.ir.optimize.o.b(Lcom/android/tools/r8/u/b/W;)V @ 270
Event: 18363.508 Thread 0x000000002087f800 Uncommon trap: reason=unstable_if action=reinterpret pc=0x0000000007497184 method=com.android.tools.r8.ir.regalloc.a.a(Lcom/android/tools/r8/u/b/W;Lcom/android/tools/r8/s/a/a/b/W;Ljava/util/List;Lcom/android/tools/r8/ir/regalloc/e;Ljava/util/Map;)V @ 1569

Classes redefined (0 events):
No events

Internal exceptions (10 events):
Event: 18362.862 Thread 0x000000002117c000 Exception <a 'sun/nio/fs/WindowsException'> (0x00000000e1a6af78) thrown at [C:\src\AOSP-openjdk-git\hotspot\src\share\vm\prims\jni.cpp, line 710]
Event: 18362.864 Thread 0x000000002117c000 Exception <a 'sun/nio/fs/WindowsException'> (0x00000000e1ecd580) thrown at [C:\src\AOSP-openjdk-git\hotspot\src\share\vm\prims\jni.cpp, line 710]
Event: 18362.866 Thread 0x000000002117c000 Exception <a 'sun/nio/fs/WindowsException'> (0x00000000e1f158f0) thrown at [C:\src\AOSP-openjdk-git\hotspot\src\share\vm\prims\jni.cpp, line 710]
Event: 18362.868 Thread 0x000000002117c000 Exception <a 'sun/nio/fs/WindowsException'> (0x00000000e1f1f2f0) thrown at [C:\src\AOSP-openjdk-git\hotspot\src\share\vm\prims\jni.cpp, line 710]
Event: 18362.870 Thread 0x000000002117c000 Exception <a 'sun/nio/fs/WindowsException'> (0x00000000e1f28538) thrown at [C:\src\AOSP-openjdk-git\hotspot\src\share\vm\prims\jni.cpp, line 710]
Event: 18362.871 Thread 0x000000002117c000 Exception <a 'sun/nio/fs/WindowsException'> (0x00000000e1f33ec8) thrown at [C:\src\AOSP-openjdk-git\hotspot\src\share\vm\prims\jni.cpp, line 710]
Event: 18362.873 Thread 0x000000002117c000 Exception <a 'sun/nio/fs/WindowsException'> (0x00000000e1f3d3d0) thrown at [C:\src\AOSP-openjdk-git\hotspot\src\share\vm\prims\jni.cpp, line 710]
Event: 18362.874 Thread 0x000000002117c000 Exception <a 'sun/nio/fs/WindowsException'> (0x00000000e1f46d58) thrown at [C:\src\AOSP-openjdk-git\hotspot\src\share\vm\prims\jni.cpp, line 710]
Event: 18362.942 Thread 0x000000002117c000 Exception <a 'sun/nio/fs/WindowsException'> (0x00000000e1f51768) thrown at [C:\src\AOSP-openjdk-git\hotspot\src\share\vm\prims\jni.cpp, line 710]
Event: 18363.592 Thread 0x0000000021175800 Exception <a 'sun/nio/fs/WindowsException'> (0x00000000eea16fd0) thrown at [C:\src\AOSP-openjdk-git\hotspot\src\share\vm\prims\jni.cpp, line 710]

Events (10 events):
Event: 18363.987 Thread 0x0000000021177000 DEOPT PACKING pc=0x0000000006462dc6 sp=0x00000000296eea60
Event: 18363.987 Thread 0x0000000021177000 DEOPT UNPACKING pc=0x00000000032475d0 sp=0x00000000296ee7d8 mode 0
Event: 18363.987 Thread 0x00000000213fe800 DEOPT PACKING pc=0x00000000067ba30c sp=0x000000001ce97440
Event: 18363.987 Thread 0x00000000213fe800 DEOPT UNPACKING pc=0x00000000032475d0 sp=0x000000001ce97350 mode 0
Event: 18363.988 Thread 0x0000000021177000 DEOPT PACKING pc=0x0000000006462dc6 sp=0x00000000296eea60
Event: 18363.988 Thread 0x0000000021177000 DEOPT UNPACKING pc=0x00000000032475d0 sp=0x00000000296ee7d8 mode 0
Event: 18363.989 Thread 0x0000000021177000 DEOPT PACKING pc=0x0000000006462dc6 sp=0x00000000296eea60
Event: 18363.989 Thread 0x0000000021177000 DEOPT UNPACKING pc=0x00000000032475d0 sp=0x00000000296ee7d8 mode 0
Event: 18364.015 Thread 0x000000002087f800 DEOPT PACKING pc=0x0000000007d68be7 sp=0x0000000027eea020
Event: 18364.015 Thread 0x000000002087f800 DEOPT UNPACKING pc=0x00000000032475d0 sp=0x0000000027eea058 mode 0


Dynamic libraries:
0x00007ff6b6e00000 - 0x00007ff6b6e31000 	C:\Program Files\Android\Android Studio\jre\bin\java.exe
0x00007ffe0ba10000 - 0x00007ffe0bc05000 	C:\WINDOWS\SYSTEM32\ntdll.dll
0x00007ffe0b0c0000 - 0x00007ffe0b17d000 	C:\WINDOWS\System32\KERNEL32.DLL
0x00007ffe09180000 - 0x00007ffe09448000 	C:\WINDOWS\System32\KERNELBASE.dll
0x00007ffe0b920000 - 0x00007ffe0b9cc000 	C:\WINDOWS\System32\ADVAPI32.dll
0x00007ffe09b40000 - 0x00007ffe09bde000 	C:\WINDOWS\System32\msvcrt.dll
0x00007ffe09d10000 - 0x00007ffe09dab000 	C:\WINDOWS\System32\sechost.dll
0x00007ffe0b6e0000 - 0x00007ffe0b80b000 	C:\WINDOWS\System32\RPCRT4.dll
0x00007ffe0af10000 - 0x00007ffe0b0b0000 	C:\WINDOWS\System32\USER32.dll
0x00007ffe09550000 - 0x00007ffe09572000 	C:\WINDOWS\System32\win32u.dll
0x00007ffe09e00000 - 0x00007ffe09e2a000 	C:\WINDOWS\System32\GDI32.dll
0x00007ffe09760000 - 0x00007ffe0986b000 	C:\WINDOWS\System32\gdi32full.dll
0x00007ffe099d0000 - 0x00007ffe09a6d000 	C:\WINDOWS\System32\msvcp_win.dll
0x00007ffe098d0000 - 0x00007ffe099d0000 	C:\WINDOWS\System32\ucrtbase.dll
0x00007ffdfd320000 - 0x00007ffdfd5ba000 	C:\WINDOWS\WinSxS\amd64_microsoft.windows.common-controls_6595b64144ccf1df_6.0.19041.844_none_ca00b6081b84eb1d\COMCTL32.dll
0x00007ffe09dd0000 - 0x00007ffe09e00000 	C:\WINDOWS\System32\IMM32.DLL
0x0000000050160000 - 0x0000000050232000 	C:\Program Files\Android\Android Studio\jre\jre\bin\msvcr100.dll
0x0000000050320000 - 0x0000000050b6b000 	C:\Program Files\Android\Android Studio\jre\jre\bin\server\jvm.dll
0x00007ffe0b0b0000 - 0x00007ffe0b0b8000 	C:\WINDOWS\System32\PSAPI.DLL
0x00007ffe01b90000 - 0x00007ffe01b9a000 	C:\WINDOWS\SYSTEM32\VERSION.dll
0x00007ffe00890000 - 0x00007ffe008b7000 	C:\WINDOWS\SYSTEM32\WINMM.dll
0x00007ffdfb960000 - 0x00007ffdfb969000 	C:\WINDOWS\SYSTEM32\WSOCK32.dll
0x00007ffe0ac10000 - 0x00007ffe0ac7b000 	C:\WINDOWS\System32\WS2_32.dll
0x00007ffe03750000 - 0x00007ffe0375f000 	C:\Program Files\Android\Android Studio\jre\jre\bin\verify.dll
0x00007ffdff200000 - 0x00007ffdff229000 	C:\Program Files\Android\Android Studio\jre\jre\bin\java.dll
0x00007ffdff1e0000 - 0x00007ffdff1f6000 	C:\Program Files\Android\Android Studio\jre\jre\bin\zip.dll
0x00007ffe09f90000 - 0x00007ffe0a6d2000 	C:\WINDOWS\System32\SHELL32.dll
0x00007ffe06f80000 - 0x00007ffe07711000 	C:\WINDOWS\SYSTEM32\windows.storage.dll
0x00007ffe0b180000 - 0x00007ffe0b4d5000 	C:\WINDOWS\System32\combase.dll
0x00007ffe08af0000 - 0x00007ffe08b1c000 	C:\WINDOWS\SYSTEM32\Wldp.dll
0x00007ffe0b870000 - 0x00007ffe0b91e000 	C:\WINDOWS\System32\SHCORE.dll
0x00007ffe0b810000 - 0x00007ffe0b865000 	C:\WINDOWS\System32\shlwapi.dll
0x00007ffe09090000 - 0x00007ffe090af000 	C:\WINDOWS\SYSTEM32\profapi.dll
0x00007ffdf8730000 - 0x00007ffdf874a000 	C:\Program Files\Android\Android Studio\jre\jre\bin\net.dll
0x00007ffe08860000 - 0x00007ffe088ca000 	C:\WINDOWS\system32\mswsock.dll
0x00007ffdf5920000 - 0x00007ffdf5933000 	C:\Program Files\Android\Android Studio\jre\jre\bin\nio.dll
0x00007ffdb2240000 - 0x00007ffdb2266000 	C:\Users\muhamadsyafii\.gradle\native\31\windows-amd64\native-platform.dll
0x00007ffdff410000 - 0x00007ffdff41d000 	C:\Program Files\Android\Android Studio\jre\jre\bin\management.dll
0x00007ffe08a30000 - 0x00007ffe08a48000 	C:\WINDOWS\SYSTEM32\CRYPTSP.dll
0x00007ffe08200000 - 0x00007ffe08234000 	C:\WINDOWS\system32\rsaenh.dll
0x00007ffe09150000 - 0x00007ffe09177000 	C:\WINDOWS\System32\bcrypt.dll
0x00007ffe09050000 - 0x00007ffe0907e000 	C:\WINDOWS\SYSTEM32\USERENV.dll
0x00007ffe096e0000 - 0x00007ffe09760000 	C:\WINDOWS\System32\bcryptprimitives.dll
0x00007ffe08a50000 - 0x00007ffe08a5c000 	C:\WINDOWS\SYSTEM32\CRYPTBASE.dll
0x00007ffe08550000 - 0x00007ffe0858b000 	C:\WINDOWS\SYSTEM32\IPHLPAPI.DLL
0x00007ffe09f20000 - 0x00007ffe09f28000 	C:\WINDOWS\System32\NSI.dll
0x00007ffe03ef0000 - 0x00007ffe03f07000 	C:\WINDOWS\SYSTEM32\dhcpcsvc6.DLL
0x00007ffe03e60000 - 0x00007ffe03e7d000 	C:\WINDOWS\SYSTEM32\dhcpcsvc.DLL
0x00007ffe08590000 - 0x00007ffe0865c000 	C:\WINDOWS\SYSTEM32\DNSAPI.dll
0x00007ffdf7a60000 - 0x00007ffdf7a7e000 	C:\Users\muhamadsyafii\AppData\Local\Temp\native-platform584028100348338123dir\native-platform.dll

VM Arguments:
jvm_args: -Xmx2048m -Dfile.encoding=windows-1252 -Duser.country=US -Duser.language=en -Duser.variant 
java_command: org.gradle.launcher.daemon.bootstrap.GradleDaemon 6.1.1
java_class_path (initial): C:\Users\muhamadsyafii\.gradle\wrapper\dists\gradle-6.1.1-all\cfmwm155h49vnt3hynmlrsdst\gradle-6.1.1\lib\gradle-launcher-6.1.1.jar
Launcher Type: SUN_STANDARD

Environment Variables:
PATH=C:\Program Files (x86)\Common Files\Oracle\Java\javapath;C:\WINDOWS\system32;C:\WINDOWS;C:\WINDOWS\System32\Wbem;C:\WINDOWS\System32\WindowsPowerShell\v1.0\;C:\WINDOWS\System32\OpenSSH\;C:\Program Files (x86)\Intel\Intel(R) Management Engine Components\DAL;C:\Program Files\Intel\Intel(R) Management Engine Components\DAL;C:\Users\muhamadsyafii\AppData\Local\Microsoft\WindowsApps;C:\Users\muhamadsyafii\AppData\Local\Programs\Git\cmd;C:\Users\muhamadsyafii\AppData\Local\Programs\Microsoft VS Code\bin;
USERNAME=muhamadsyafii
OS=Windows_NT
PROCESSOR_IDENTIFIER=Intel64 Family 6 Model 142 Stepping 9, GenuineIntel



---------------  S Y S T E M  ---------------

OS: Windows 10.0 , 64 bit Build 19041 (10.0.19041.928)

CPU:total 4 (initial active 4) (2 cores per cpu, 2 threads per core) family 6 model 142 stepping 9, cmov, cx8, fxsr, mmx, sse, sse2, sse3, ssse3, sse4.1, sse4.2, popcnt, avx, avx2, aes, clmul, erms, rtm, 3dnowpref, lzcnt, ht, tsc, tscinvbit, bmi1, bmi2, adx

Memory: 4k page, physical 8270876k(406944k free), swap 16659484k(3088k free)

vm_info: OpenJDK 64-Bit Server VM (25.242-b01) for windows-amd64 JRE (1.8.0_242-release-1644-b01), built by "builder" with MS VC++ 10.0 (VS2010)

time: Tue Apr 20 15:32:02 2021
timezone: SE Asia Standard Time
elapsed time: 18364 seconds (0d 5h 6m 4s)

