#
# There is insufficient memory for the Java Runtime Environment to continue.
# Native memory allocation (malloc) failed to allocate 826256 bytes for Chunk::new
# Possible reasons:
#   The system is out of physical RAM or swap space
#   The process is running with CompressedOops enabled, and the Java Heap may be blocking the growth of the native heap
# Possible solutions:
#   Reduce memory load on the system
#   Increase physical memory or swap space
#   Check if swap backing store is full
#   Decrease Java heap size (-Xmx/-Xms)
#   Decrease number of Java threads
#   Decrease Java thread stack sizes (-Xss)
#   Set larger code cache with -XX:ReservedCodeCacheSize=
#   JVM is running with Unscaled Compressed Oops mode in which the Java heap is
#     placed in the first 4GB address space. The Java Heap base address is the
#     maximum limit for the native heap growth. Please use -XX:HeapBaseMinAddress
#     to set the Java Heap base and to place the Java Heap above 4GB virtual address.
# This output file may be truncated or incomplete.
#
#  Out of Memory Error (allocation.cpp:389), pid=3056, tid=0x0000000000005564
#
# JRE version: OpenJDK Runtime Environment (8.0_242-b01) (build 1.8.0_242-release-1644-b01)
# Java VM: OpenJDK 64-Bit Server VM (25.242-b01 mixed mode windows-amd64 compressed oops)
# Failed to write core dump. Minidumps are not enabled by default on client versions of Windows
#

---------------  T H R E A D  ---------------

Current thread (0x0000000016fe5000):  JavaThread "C2 CompilerThread0" daemon [_thread_in_native, id=21860, stack(0x0000000018640000,0x0000000018740000)]

Stack: [0x0000000018640000,0x0000000018740000]
[error occurred during error reporting (printing stack bounds), id 0xc0000005]

Native frames: (J=compiled Java code, j=interpreted, Vv=VM code, C=native code)


Current CompileTask:
C2:  28375 10184       4       org.jetbrains.kotlin.resolve.calls.tower.TowerResolver$Task::process (48 bytes)


---------------  P R O C E S S  ---------------

Java Threads: ( => current thread )
  0x0000000018844800 JavaThread "Service Thread" daemon [_thread_blocked, id=10436, stack(0x0000000018d40000,0x0000000018e40000)]
  0x0000000018841000 JavaThread "C1 CompilerThread2" daemon [_thread_blocked, id=16664, stack(0x0000000018c40000,0x0000000018d40000)]
  0x0000000016feb800 JavaThread "C2 CompilerThread1" daemon [_thread_in_native, id=10444, stack(0x0000000018740000,0x0000000018840000)]
=>0x0000000016fe5000 JavaThread "C2 CompilerThread0" daemon [_thread_in_native, id=21860, stack(0x0000000018640000,0x0000000018740000)]
  0x0000000016fe4000 JavaThread "Attach Listener" daemon [_thread_blocked, id=22624, stack(0x0000000018540000,0x0000000018640000)]
  0x0000000016fe3000 JavaThread "Signal Dispatcher" daemon [_thread_blocked, id=17352, stack(0x0000000018440000,0x0000000018540000)]
  0x00000000024a5800 JavaThread "Finalizer" daemon [_thread_blocked, id=2572, stack(0x0000000018240000,0x0000000018340000)]
  0x00000000024a2000 JavaThread "Reference Handler" daemon [_thread_blocked, id=13580, stack(0x0000000018140000,0x0000000018240000)]
  0x00000000023b2800 JavaThread "main" [_thread_in_Java, id=2148, stack(0x0000000002100000,0x0000000002200000)]

Other Threads:
  0x0000000016fa6000 VMThread [stack: 0x0000000018040000,0x0000000018140000] [id=23272]
  0x0000000018845800 WatcherThread [stack: 0x0000000018e40000,0x0000000018f40000] [id=5380]

VM state:not at safepoint (normal execution)

VM Mutex/Monitor currently owned by a thread: None

heap address: 0x0000000081c00000, size: 2020 MB, Compressed Oops mode: 32-bit
Narrow klass base: 0x0000000000000000, Narrow klass shift: 3
Compressed class space size: 1073741824 Address: 0x0000000100000000

Heap:
 PSYoungGen      total 132096K, used 14093K [0x00000000d5f00000, 0x00000000e0c80000, 0x0000000100000000)
  eden space 102400K, 13% used [0x00000000d5f00000,0x00000000d6cc34e8,0x00000000dc300000)
  from space 29696K, 0% used [0x00000000de580000,0x00000000de580000,0x00000000e0280000)
  to   space 35328K, 0% used [0x00000000dc300000,0x00000000dc300000,0x00000000de580000)
 ParOldGen       total 130048K, used 57187K [0x0000000081c00000, 0x0000000089b00000, 0x00000000d5f00000)
  object space 130048K, 43% used [0x0000000081c00000,0x00000000853d8ca0,0x0000000089b00000)
 Metaspace       used 58128K, capacity 59365K, committed 59672K, reserved 1101824K
  class space    used 6866K, capacity 7182K, committed 7208K, reserved 1048576K

Card table byte_map: [0x0000000011870000,0x0000000011c70000] byte_map_base: 0x0000000011462000

Marking Bits: (ParMarkBitMap*) 0x000000005619f030
 Begin Bits: [0x0000000012320000, 0x00000000142b0000)
 End Bits:   [0x00000000142b0000, 0x0000000016240000)

Polling page: 0x0000000000870000

CodeCache: size=245760Kb used=40293Kb max_used=40293Kb free=205466Kb
 bounds [0x00000000024b0000, 0x0000000004c30000, 0x00000000114b0000]
 total_blobs=9475 nmethods=8958 adapters=428
 compilation: enabled

Compilation events (10 events):
Event: 28.360 Thread 0x0000000018841000 10249       3       org.jetbrains.kotlin.resolve.calls.CallExpressionUnrollerKt::unrollToLeftMostQualifiedExpression (58 bytes)
Event: 28.362 Thread 0x0000000018841000 nmethod 10249 0x0000000004c28f10 code [0x0000000004c291e0, 0x0000000004c2a638]
Event: 28.362 Thread 0x0000000018841000 10246       3       org.jetbrains.kotlin.resolve.calls.CallExpressionResolver::elementChain (22 bytes)
Event: 28.363 Thread 0x0000000018841000 nmethod 10246 0x0000000004c2b1d0 code [0x0000000004c2b360, 0x0000000004c2b728]
Event: 28.363 Thread 0x0000000018841000 10247       3       org.jetbrains.kotlin.resolve.calls.CallExpressionResolver$elementChain$1::<init> (16 bytes)
Event: 28.363 Thread 0x0000000018841000 nmethod 10247 0x0000000004c2b910 code [0x0000000004c2ba80, 0x0000000004c2bcd0]
Event: 28.363 Thread 0x0000000018841000 10251       1       java.util.Collections$EmptySet::isEmpty (2 bytes)
Event: 28.363 Thread 0x0000000018841000 nmethod 10251 0x0000000004c2bdd0 code [0x0000000004c2bf20, 0x0000000004c2c030]
Event: 28.369 Thread 0x0000000018841000 10252       3       java.util.Collections$SingletonMap::entrySet (34 bytes)
Event: 28.369 Thread 0x0000000018841000 nmethod 10252 0x0000000004c2c090 code [0x0000000004c2c220, 0x0000000004c2c750]

GC Heap History (10 events):
Event: 14.397 GC heap before
{Heap before GC invocations=9 (full 2):
 PSYoungGen      total 84992K, used 65536K [0x00000000d5f00000, 0x00000000dee80000, 0x0000000100000000)
  eden space 65536K, 100% used [0x00000000d5f00000,0x00000000d9f00000,0x00000000d9f00000)
  from space 19456K, 0% used [0x00000000db180000,0x00000000db180000,0x00000000dc480000)
  to   space 18944K, 0% used [0x00000000d9f00000,0x00000000d9f00000,0x00000000db180000)
 ParOldGen       total 130048K, used 31943K [0x0000000081c00000, 0x0000000089b00000, 0x00000000d5f00000)
  object space 130048K, 24% used [0x0000000081c00000,0x0000000083b31ef0,0x0000000089b00000)
 Metaspace       used 43661K, capacity 44457K, committed 44712K, reserved 1087488K
  class space    used 5476K, capacity 5720K, committed 5800K, reserved 1048576K
Event: 14.447 GC heap after
Heap after GC invocations=9 (full 2):
 PSYoungGen      total 84480K, used 14920K [0x00000000d5f00000, 0x00000000de000000, 0x0000000100000000)
  eden space 65536K, 0% used [0x00000000d5f00000,0x00000000d5f00000,0x00000000d9f00000)
  from space 18944K, 78% used [0x00000000d9f00000,0x00000000dad92080,0x00000000db180000)
  to   space 19968K, 0% used [0x00000000dcc80000,0x00000000dcc80000,0x00000000de000000)
 ParOldGen       total 130048K, used 31951K [0x0000000081c00000, 0x0000000089b00000, 0x00000000d5f00000)
  object space 130048K, 24% used [0x0000000081c00000,0x0000000083b33ef0,0x0000000089b00000)
 Metaspace       used 43661K, capacity 44457K, committed 44712K, reserved 1087488K
  class space    used 5476K, capacity 5720K, committed 5800K, reserved 1048576K
}
Event: 17.563 GC heap before
{Heap before GC invocations=10 (full 2):
 PSYoungGen      total 84480K, used 80456K [0x00000000d5f00000, 0x00000000de000000, 0x0000000100000000)
  eden space 65536K, 100% used [0x00000000d5f00000,0x00000000d9f00000,0x00000000d9f00000)
  from space 18944K, 78% used [0x00000000d9f00000,0x00000000dad92080,0x00000000db180000)
  to   space 19968K, 0% used [0x00000000dcc80000,0x00000000dcc80000,0x00000000de000000)
 ParOldGen       total 130048K, used 31951K [0x0000000081c00000, 0x0000000089b00000, 0x00000000d5f00000)
  object space 130048K, 24% used [0x0000000081c00000,0x0000000083b33ef0,0x0000000089b00000)
 Metaspace       used 47017K, capacity 47917K, committed 48296K, reserved 1091584K
  class space    used 5721K, capacity 5976K, committed 6056K, reserved 1048576K
Event: 17.603 GC heap after
Heap after GC invocations=10 (full 2):
 PSYoungGen      total 109568K, used 19515K [0x00000000d5f00000, 0x00000000de280000, 0x0000000100000000)
  eden space 89600K, 0% used [0x00000000d5f00000,0x00000000d5f00000,0x00000000db680000)
  from space 19968K, 97% used [0x00000000dcc80000,0x00000000ddf8ed60,0x00000000de000000)
  to   space 22528K, 0% used [0x00000000db680000,0x00000000db680000,0x00000000dcc80000)
 ParOldGen       total 130048K, used 31959K [0x0000000081c00000, 0x0000000089b00000, 0x00000000d5f00000)
  object space 130048K, 24% used [0x0000000081c00000,0x0000000083b35ef0,0x0000000089b00000)
 Metaspace       used 47017K, capacity 47917K, committed 48296K, reserved 1091584K
  class space    used 5721K, capacity 5976K, committed 6056K, reserved 1048576K
}
Event: 21.187 GC heap before
{Heap before GC invocations=11 (full 2):
 PSYoungGen      total 109568K, used 109115K [0x00000000d5f00000, 0x00000000de280000, 0x0000000100000000)
  eden space 89600K, 100% used [0x00000000d5f00000,0x00000000db680000,0x00000000db680000)
  from space 19968K, 97% used [0x00000000dcc80000,0x00000000ddf8ed60,0x00000000de000000)
  to   space 22528K, 0% used [0x00000000db680000,0x00000000db680000,0x00000000dcc80000)
 ParOldGen       total 130048K, used 31959K [0x0000000081c00000, 0x0000000089b00000, 0x00000000d5f00000)
  object space 130048K, 24% used [0x0000000081c00000,0x0000000083b35ef0,0x0000000089b00000)
 Metaspace       used 54473K, capacity 55637K, committed 55976K, reserved 1097728K
  class space    used 6686K, capacity 7002K, committed 7080K, reserved 1048576K
Event: 21.237 GC heap after
Heap after GC invocations=11 (full 2):
 PSYoungGen      total 112128K, used 22498K [0x00000000d5f00000, 0x00000000e0280000, 0x0000000100000000)
  eden space 89600K, 0% used [0x00000000d5f00000,0x00000000d5f00000,0x00000000db680000)
  from space 22528K, 99% used [0x00000000db680000,0x00000000dcc78a88,0x00000000dcc80000)
  to   space 29696K, 0% used [0x00000000de580000,0x00000000de580000,0x00000000e0280000)
 ParOldGen       total 130048K, used 41956K [0x0000000081c00000, 0x0000000089b00000, 0x00000000d5f00000)
  object space 130048K, 32% used [0x0000000081c00000,0x00000000844f9368,0x0000000089b00000)
 Metaspace       used 54473K, capacity 55637K, committed 55976K, reserved 1097728K
  class space    used 6686K, capacity 7002K, committed 7080K, reserved 1048576K
}
Event: 26.150 GC heap before
{Heap before GC invocations=12 (full 2):
 PSYoungGen      total 112128K, used 90070K [0x00000000d5f00000, 0x00000000e0280000, 0x0000000100000000)
  eden space 89600K, 75% used [0x00000000d5f00000,0x00000000da0fcf58,0x00000000db680000)
  from space 22528K, 99% used [0x00000000db680000,0x00000000dcc78a88,0x00000000dcc80000)
  to   space 29696K, 0% used [0x00000000de580000,0x00000000de580000,0x00000000e0280000)
 ParOldGen       total 130048K, used 41956K [0x0000000081c00000, 0x0000000089b00000, 0x00000000d5f00000)
  object space 130048K, 32% used [0x0000000081c00000,0x00000000844f9368,0x0000000089b00000)
 Metaspace       used 57834K, capacity 59035K, committed 59160K, reserved 1101824K
  class space    used 6850K, capacity 7181K, committed 7208K, reserved 1048576K
Event: 26.217 GC heap after
Heap after GC invocations=12 (full 2):
 PSYoungGen      total 132096K, used 29681K [0x00000000d5f00000, 0x00000000e0c80000, 0x0000000100000000)
  eden space 102400K, 0% used [0x00000000d5f00000,0x00000000d5f00000,0x00000000dc300000)
  from space 29696K, 99% used [0x00000000de580000,0x00000000e027c420,0x00000000e0280000)
  to   space 35328K, 0% used [0x00000000dc300000,0x00000000dc300000,0x00000000de580000)
 ParOldGen       total 130048K, used 46236K [0x0000000081c00000, 0x0000000089b00000, 0x00000000d5f00000)
  object space 130048K, 35% used [0x0000000081c00000,0x00000000849271e8,0x0000000089b00000)
 Metaspace       used 57834K, capacity 59035K, committed 59160K, reserved 1101824K
  class space    used 6850K, capacity 7181K, committed 7208K, reserved 1048576K
}
Event: 26.217 GC heap before
{Heap before GC invocations=13 (full 3):
 PSYoungGen      total 132096K, used 29681K [0x00000000d5f00000, 0x00000000e0c80000, 0x0000000100000000)
  eden space 102400K, 0% used [0x00000000d5f00000,0x00000000d5f00000,0x00000000dc300000)
  from space 29696K, 99% used [0x00000000de580000,0x00000000e027c420,0x00000000e0280000)
  to   space 35328K, 0% used [0x00000000dc300000,0x00000000dc300000,0x00000000de580000)
 ParOldGen       total 130048K, used 46236K [0x0000000081c00000, 0x0000000089b00000, 0x00000000d5f00000)
  object space 130048K, 35% used [0x0000000081c00000,0x00000000849271e8,0x0000000089b00000)
 Metaspace       used 57834K, capacity 59035K, committed 59160K, reserved 1101824K
  class space    used 6850K, capacity 7181K, committed 7208K, reserved 1048576K
Event: 26.827 GC heap after
Heap after GC invocations=13 (full 3):
 PSYoungGen      total 132096K, used 0K [0x00000000d5f00000, 0x00000000e0c80000, 0x0000000100000000)
  eden space 102400K, 0% used [0x00000000d5f00000,0x00000000d5f00000,0x00000000dc300000)
  from space 29696K, 0% used [0x00000000de580000,0x00000000de580000,0x00000000e0280000)
  to   space 35328K, 0% used [0x00000000dc300000,0x00000000dc300000,0x00000000de580000)
 ParOldGen       total 130048K, used 57187K [0x0000000081c00000, 0x0000000089b00000, 0x00000000d5f00000)
  object space 130048K, 43% used [0x0000000081c00000,0x00000000853d8ca0,0x0000000089b00000)
 Metaspace       used 57834K, capacity 59035K, committed 59160K, reserved 1101824K
  class space    used 6850K, capacity 7181K, committed 7208K, reserved 1048576K
}

Deoptimization events (10 events):
Event: 25.707 Thread 0x00000000023b2800 Uncommon trap: reason=array_check action=maybe_recompile pc=0x00000000049e6b14 method=org.jetbrains.kotlin.com.intellij.extapi.psi.StubBasedPsiElementBase.getStubOrPsiChildren(Lorg/jetbrains/kotlin/com/intellij/psi/stubs/IStubElementType;Lorg/jetbrains/ko
Event: 25.707 Thread 0x00000000023b2800 Uncommon trap: reason=array_check action=maybe_recompile pc=0x00000000049e6b14 method=org.jetbrains.kotlin.com.intellij.extapi.psi.StubBasedPsiElementBase.getStubOrPsiChildren(Lorg/jetbrains/kotlin/com/intellij/psi/stubs/IStubElementType;Lorg/jetbrains/ko
Event: 26.899 Thread 0x00000000023b2800 Uncommon trap: reason=unstable_if action=reinterpret pc=0x0000000003473efc method=java.util.ArrayList.remove(I)Ljava/lang/Object; @ 31
Event: 27.333 Thread 0x00000000023b2800 Uncommon trap: reason=class_check action=maybe_recompile pc=0x0000000004a91034 method=org.jetbrains.kotlin.resolve.calls.callUtil.CallUtilKt.getCalleeExpressionIfAny(Lorg/jetbrains/kotlin/psi/KtElement;)Lorg/jetbrains/kotlin/psi/KtExpression; @ 73
Event: 27.338 Thread 0x00000000023b2800 Uncommon trap: reason=class_check action=maybe_recompile pc=0x0000000004a91034 method=org.jetbrains.kotlin.resolve.calls.callUtil.CallUtilKt.getCalleeExpressionIfAny(Lorg/jetbrains/kotlin/psi/KtElement;)Lorg/jetbrains/kotlin/psi/KtExpression; @ 73
Event: 27.338 Thread 0x00000000023b2800 Uncommon trap: reason=class_check action=maybe_recompile pc=0x0000000004a91034 method=org.jetbrains.kotlin.resolve.calls.callUtil.CallUtilKt.getCalleeExpressionIfAny(Lorg/jetbrains/kotlin/psi/KtElement;)Lorg/jetbrains/kotlin/psi/KtExpression; @ 73
Event: 27.514 Thread 0x00000000023b2800 Uncommon trap: reason=class_check action=maybe_recompile pc=0x0000000004a91034 method=org.jetbrains.kotlin.resolve.calls.callUtil.CallUtilKt.getCalleeExpressionIfAny(Lorg/jetbrains/kotlin/psi/KtElement;)Lorg/jetbrains/kotlin/psi/KtExpression; @ 73
Event: 27.993 Thread 0x00000000023b2800 Uncommon trap: reason=class_check action=maybe_recompile pc=0x00000000032f3b78 method=org.jetbrains.kotlin.parsing.AbstractKotlinParsing.at(Lorg/jetbrains/kotlin/com/intellij/psi/tree/IElementType;)Z @ 30
Event: 27.993 Thread 0x00000000023b2800 Uncommon trap: reason=class_check action=maybe_recompile pc=0x00000000032f3b78 method=org.jetbrains.kotlin.parsing.AbstractKotlinParsing.at(Lorg/jetbrains/kotlin/com/intellij/psi/tree/IElementType;)Z @ 30
Event: 28.166 Thread 0x00000000023b2800 Uncommon trap: reason=unstable_if action=reinterpret pc=0x0000000002cad4c8 method=org.jetbrains.kotlin.resolve.calls.callUtil.CallUtilKt.getCall(Lorg/jetbrains/kotlin/psi/KtElement;Lorg/jetbrains/kotlin/resolve/BindingContext;)Lorg/jetbrains/kotlin/psi/Ca

Classes redefined (0 events):
No events

Internal exceptions (10 events):
Event: 19.174 Thread 0x00000000023b2800 Exception <a 'java/lang/NoSuchMethodError': java.lang.Object.lambda$static$0(I)I> (0x00000000d9666898) thrown at [C:\src\AOSP-openjdk-git\hotspot\src\share\vm\interpreter\linkResolver.cpp, line 620]
Event: 19.206 Thread 0x00000000023b2800 Exception <a 'java/lang/NoSuchMethodError': java.lang.Object.lambda$static$0(I)[Lorg/jetbrains/kotlin/com/intellij/psi/PsiParameter;> (0x00000000d973e648) thrown at [C:\src\AOSP-openjdk-git\hotspot\src\share\vm\interpreter\linkResolver.cpp, line 620]
Event: 19.307 Thread 0x00000000023b2800 Exception <a 'java/lang/NoSuchMethodError': java.lang.Object.lambda$static$0(I)[Lorg/jetbrains/kotlin/com/intellij/psi/PsiNameValuePair;> (0x00000000d995b750) thrown at [C:\src\AOSP-openjdk-git\hotspot\src\share\vm\interpreter\linkResolver.cpp, line 620]
Event: 19.312 Thread 0x00000000023b2800 Exception <a 'java/lang/NoSuchMethodError': java.lang.Object.lambda$static$0(I)[Lorg/jetbrains/kotlin/com/intellij/psi/PsiAnnotationMemberValue;> (0x00000000d9977848) thrown at [C:\src\AOSP-openjdk-git\hotspot\src\share\vm\interpreter\linkResolver.cpp, li
Event: 19.327 Thread 0x00000000023b2800 Exception <a 'java/lang/IncompatibleClassChangeError': Found class java.lang.Object, but interface was expected> (0x00000000d99cc5b0) thrown at [C:\src\AOSP-openjdk-git\hotspot\src\share\vm\interpreter\linkResolver.cpp, line 653]
Event: 19.709 Thread 0x00000000023b2800 Implicit null exception at 0x000000000390a87c to 0x000000000390b2e9
Event: 22.078 Thread 0x00000000023b2800 Exception <a 'java/lang/IncompatibleClassChangeError': Found class java.lang.Object, but interface was expected> (0x00000000d6976538) thrown at [C:\src\AOSP-openjdk-git\hotspot\src\share\vm\interpreter\linkResolver.cpp, line 653]
Event: 23.095 Thread 0x00000000023b2800 Implicit null exception at 0x000000000276a996 to 0x000000000276ad31
Event: 23.128 Thread 0x00000000023b2800 Implicit null exception at 0x00000000026f7a16 to 0x00000000026f7dad
Event: 24.576 Thread 0x00000000023b2800 Implicit null exception at 0x00000000046f17b0 to 0x00000000046f1815

Events (10 events):
Event: 28.091 loading class java/util/Collections$CopiesList done
Event: 28.165 loading class org/jetbrains/kotlin/cfg/UnknownMissingCase
Event: 28.165 loading class org/jetbrains/kotlin/cfg/UnknownMissingCase done
Event: 28.165 loading class org/jetbrains/kotlin/cfg/WhenMissingCase
Event: 28.165 loading class org/jetbrains/kotlin/cfg/WhenMissingCase done
Event: 28.166 Thread 0x00000000023b2800 Uncommon trap: trap_request=0xffffff65 fr.pc=0x0000000002cad4c8
Event: 28.166 Thread 0x00000000023b2800 DEOPT PACKING pc=0x0000000002cad4c8 sp=0x00000000021faca0
Event: 28.166 Thread 0x00000000023b2800 DEOPT UNPACKING pc=0x00000000024f557b sp=0x00000000021fac48 mode 2
Event: 28.281 loading class org/jetbrains/kotlin/resolve/calls/inference/CapturedTypeConstructorKt$createCapturedIfNeeded$1
Event: 28.281 loading class org/jetbrains/kotlin/resolve/calls/inference/CapturedTypeConstructorKt$createCapturedIfNeeded$1 done


Dynamic libraries:
0x00007ff699d70000 - 0x00007ff699da1000 	C:\Program Files\Android\Android Studio\jre\jre\bin\java.exe
0x00007ffb72970000 - 0x00007ffb72b65000 	C:\WINDOWS\SYSTEM32\ntdll.dll
0x00007ffb72610000 - 0x00007ffb726cd000 	C:\WINDOWS\System32\KERNEL32.DLL
0x00007ffb70440000 - 0x00007ffb70708000 	C:\WINDOWS\System32\KERNELBASE.dll
0x00007ffb726d0000 - 0x00007ffb7277c000 	C:\WINDOWS\System32\ADVAPI32.dll
0x00007ffb717d0000 - 0x00007ffb7186e000 	C:\WINDOWS\System32\msvcrt.dll
0x00007ffb71bc0000 - 0x00007ffb71c5b000 	C:\WINDOWS\System32\sechost.dll
0x00007ffb71a20000 - 0x00007ffb71b4b000 	C:\WINDOWS\System32\RPCRT4.dll
0x00007ffb71eb0000 - 0x00007ffb72050000 	C:\WINDOWS\System32\USER32.dll
0x00007ffb709a0000 - 0x00007ffb709c2000 	C:\WINDOWS\System32\win32u.dll
0x00007ffb70f90000 - 0x00007ffb70fba000 	C:\WINDOWS\System32\GDI32.dll
0x00007ffb70330000 - 0x00007ffb7043b000 	C:\WINDOWS\System32\gdi32full.dll
0x00007ffb70190000 - 0x00007ffb7022d000 	C:\WINDOWS\System32\msvcp_win.dll
0x00007ffb70230000 - 0x00007ffb70330000 	C:\WINDOWS\System32\ucrtbase.dll
0x00007ffb63b50000 - 0x00007ffb63dea000 	C:\WINDOWS\WinSxS\amd64_microsoft.windows.common-controls_6595b64144ccf1df_6.0.19041.844_none_ca00b6081b84eb1d\COMCTL32.dll
0x00007ffb71d90000 - 0x00007ffb71dc0000 	C:\WINDOWS\System32\IMM32.DLL
0x0000000055810000 - 0x00000000558e2000 	C:\Program Files\Android\Android Studio\jre\jre\bin\msvcr100.dll
0x00000000559d0000 - 0x000000005621b000 	C:\Program Files\Android\Android Studio\jre\jre\bin\server\jvm.dll
0x00007ffb727f0000 - 0x00007ffb727f8000 	C:\WINDOWS\System32\PSAPI.DLL
0x00007ffb5cf90000 - 0x00007ffb5cf99000 	C:\WINDOWS\SYSTEM32\WSOCK32.dll
0x00007ffb72780000 - 0x00007ffb727eb000 	C:\WINDOWS\System32\WS2_32.dll
0x00007ffb674b0000 - 0x00007ffb674d7000 	C:\WINDOWS\SYSTEM32\WINMM.dll
0x00007ffb68490000 - 0x00007ffb6849a000 	C:\WINDOWS\SYSTEM32\VERSION.dll
0x00007ffb6b420000 - 0x00007ffb6b42f000 	C:\Program Files\Android\Android Studio\jre\jre\bin\verify.dll
0x00007ffb60e70000 - 0x00007ffb60e99000 	C:\Program Files\Android\Android Studio\jre\jre\bin\java.dll
0x00007ffb65cd0000 - 0x00007ffb65ce6000 	C:\Program Files\Android\Android Studio\jre\jre\bin\zip.dll
0x00007ffb70fc0000 - 0x00007ffb71702000 	C:\WINDOWS\System32\SHELL32.dll
0x00007ffb6dee0000 - 0x00007ffb6e671000 	C:\WINDOWS\SYSTEM32\windows.storage.dll
0x00007ffb722b0000 - 0x00007ffb72605000 	C:\WINDOWS\System32\combase.dll
0x00007ffb6fa50000 - 0x00007ffb6fa7c000 	C:\WINDOWS\SYSTEM32\Wldp.dll
0x00007ffb72880000 - 0x00007ffb7292e000 	C:\WINDOWS\System32\SHCORE.dll
0x00007ffb71770000 - 0x00007ffb717c5000 	C:\WINDOWS\System32\shlwapi.dll
0x00007ffb6fff0000 - 0x00007ffb7000f000 	C:\WINDOWS\SYSTEM32\profapi.dll
0x00007ffb60e50000 - 0x00007ffb60e6a000 	C:\Program Files\Android\Android Studio\jre\jre\bin\net.dll
0x00007ffb6f7c0000 - 0x00007ffb6f82a000 	C:\WINDOWS\system32\mswsock.dll
0x00007ffb60e30000 - 0x00007ffb60e43000 	C:\Program Files\Android\Android Studio\jre\jre\bin\nio.dll

VM Arguments:
java_command: org.jetbrains.kotlin.cli.jvm.K2JVMCompiler @D:\AndroidProject\Rnd\MOVApps\app\build\20210421_1257247581486144348.compiler.options
java_class_path (initial): C:\Users\muhamadsyafii\.gradle\caches\modules-2\files-2.1\org.jetbrains.kotlin\kotlin-compiler-embeddable\1.4.20\fc1d26586910b32d676480c75acd3e922e5e81fa\kotlin-compiler-embeddable-1.4.20.jar;C:\Users\muhamadsyafii\.gradle\caches\modules-2\files-2.1\org.jetbrains.kotlin\kotlin-reflect\1.4.20\411fc46e908bfa9c034f52b0d31b2e1f61f06127\kotlin-reflect-1.4.20.jar;C:\Users\muhamadsyafii\.gradle\caches\modules-2\files-2.1\org.jetbrains.kotlin\kotlin-stdlib\1.4.20\9be77b243a362b745e365f286627b8724337009c\kotlin-stdlib-1.4.20.jar;C:\Users\muhamadsyafii\.gradle\caches\modules-2\files-2.1\org.jetbrains.kotlin\kotlin-script-runtime\1.4.20\9793d2f6b262847a2d8127951c5786cf907cc7b1\kotlin-script-runtime-1.4.20.jar;C:\Users\muhamadsyafii\.gradle\caches\modules-2\files-2.1\org.jetbrains.kotlin\kotlin-daemon-embeddable\1.4.20\a051291fb01bf2397759625626fec670cd57b3f0\kotlin-daemon-embeddable-1.4.20.jar;C:\Users\muhamadsyafii\.gradle\caches\modules-2\files-2.1\org.jetbrains.intellij.deps\trove4j\1.0.20181211\216c2e14b070f334479d800987affe4054cd563f\trove4j-1.0.20181211.jar;C:\Users\muhamadsyafii\.gradle\caches\modules-2\files-2.1\org.jetbrains.kotlin\kotlin-stdlib-common\1.4.20\c6761d7805b5312302f2bbd78cda68c976ce0c70\kotlin-stdlib-common-1.4.20.jar;C:\Users\muhamadsyafii\.gradle\caches\modules-2\files-2.1\org.jetbrains\annotations\13.0\919f0dfe192fb4e063e7dacadee7f8bb9a2672a9\annotations-13.0.jar;C:\Program Files\Android\Android Studio\jre\lib\tools.jar
Launcher Type: SUN_STANDARD

Environment Variables:
PATH=C:\Program Files (x86)\Common Files\Oracle\Java\javapath;C:\WINDOWS\system32;C:\WINDOWS;C:\WINDOWS\System32\Wbem;C:\WINDOWS\System32\WindowsPowerShell\v1.0\;C:\WINDOWS\System32\OpenSSH\;C:\Program Files (x86)\Intel\Intel(R) Management Engine Components\DAL;C:\Program Files\Intel\Intel(R) Management Engine Components\DAL;C:\Users\muhamadsyafii\AppData\Local\Microsoft\WindowsApps;C:\Users\muhamadsyafii\AppData\Local\Programs\Git\cmd;C:\Users\muhamadsyafii\AppData\Local\Programs\Microsoft VS Code\bin;
USERNAME=muhamadsyafii
OS=Windows_NT
PROCESSOR_IDENTIFIER=Intel64 Family 6 Model 142 Stepping 9, GenuineIntel



---------------  S Y S T E M  ---------------

OS: Windows 10.0 , 64 bit Build 19041 (10.0.19041.928)

CPU:total 4 (initial active 4) (2 cores per cpu, 2 threads per core) family 6 model 142 stepping 9, cmov, cx8, fxsr, mmx, sse, sse2, sse3, ssse3, sse4.1, sse4.2, popcnt, avx, avx2, aes, clmul, erms, rtm, 3dnowpref, lzcnt, ht, tsc, tscinvbit, bmi1, bmi2, adx

Memory: 4k page, physical 8270876k(389372k free), swap 16659484k(3512k free)

vm_info: OpenJDK 64-Bit Server VM (25.242-b01) for windows-amd64 JRE (1.8.0_242-release-1644-b01), built by "builder" with MS VC++ 10.0 (VS2010)

time: Wed Apr 21 15:09:10 2021
timezone: SE Asia Standard Time
elapsed time: 28 seconds (0d 0h 0m 28s)

