#
# There is insufficient memory for the Java Runtime Environment to continue.
# Native memory allocation (malloc) failed to allocate 131088 bytes for Chunk::new
# Possible reasons:
#   The system is out of physical RAM or swap space
#   The process is running with CompressedOops enabled, and the Java Heap may be blocking the growth of the native heap
# Possible solutions:
#   Reduce memory load on the system
#   Increase physical memory or swap space
#   Check if swap backing store is full
#   Decrease Java heap size (-Xmx/-Xms)
#   Decrease number of Java threads
#   Decrease Java thread stack sizes (-Xss)
#   Set larger code cache with -XX:ReservedCodeCacheSize=
#   JVM is running with Unscaled Compressed Oops mode in which the Java heap is
#     placed in the first 4GB address space. The Java Heap base address is the
#     maximum limit for the native heap growth. Please use -XX:HeapBaseMinAddress
#     to set the Java Heap base and to place the Java Heap above 4GB virtual address.
# This output file may be truncated or incomplete.
#
#  Out of Memory Error (allocation.cpp:389), pid=15520, tid=0x0000000000004744
#
# JRE version: OpenJDK Runtime Environment (8.0_242-b01) (build 1.8.0_242-release-1644-b01)
# Java VM: OpenJDK 64-Bit Server VM (25.242-b01 mixed mode windows-amd64 compressed oops)
# Failed to write core dump. Minidumps are not enabled by default on client versions of Windows
#

---------------  T H R E A D  ---------------

Current thread (0x00000000170d6800):  JavaThread "C2 CompilerThread0" daemon [_thread_in_native, id=18244, stack(0x0000000018750000,0x0000000018850000)]

Stack: [0x0000000018750000,0x0000000018850000]
[error occurred during error reporting (printing stack bounds), id 0xc0000005]

Native frames: (J=compiled Java code, j=interpreted, Vv=VM code, C=native code)


Current CompileTask:
C2:  25353 5916 %     4       org.gradle.internal.instantiation.generator.AbstractClassGenerator::inspectType @ 77 (559 bytes)


---------------  P R O C E S S  ---------------

Java Threads: ( => current thread )
  0x0000000018d2a800 JavaThread "Cache worker for file content cache (D:\AndroidProject\Rnd\MOVApps\.gradle\6.1.1\fileContent)" [_thread_blocked, id=21088, stack(0x0000000024020000,0x0000000024120000)]
  0x0000000018d29000 JavaThread "Cache worker for file content cache (C:\Users\muhamadsyafii\.gradle\caches\6.1.1\fileContent)" [_thread_blocked, id=17372, stack(0x0000000023f20000,0x0000000024020000)]
  0x0000000018d28000 JavaThread "Memory manager" [_thread_blocked, id=10076, stack(0x0000000023e20000,0x0000000023f20000)]
  0x0000000018d20000 JavaThread "Cache worker for Build Output Cleanup Cache (D:\AndroidProject\Rnd\MOVApps\.gradle\buildOutputCleanup)" [_thread_blocked, id=11892, stack(0x0000000023120000,0x0000000023220000)]
  0x0000000018d26000 JavaThread "Build operations Thread 4" [_thread_blocked, id=12772, stack(0x00000000219b0000,0x0000000021ab0000)]
  0x0000000018d25000 JavaThread "Build operations Thread 3" [_thread_blocked, id=3592, stack(0x00000000218b0000,0x00000000219b0000)]
  0x0000000018d23000 JavaThread "Build operations Thread 2" [_thread_blocked, id=10024, stack(0x00000000217b0000,0x00000000218b0000)]
  0x0000000018d23800 JavaThread "Build operations" [_thread_blocked, id=14212, stack(0x00000000216b0000,0x00000000217b0000)]
  0x00000000170e0800 JavaThread "Cache worker for execution history cache (C:\Users\muhamadsyafii\.gradle\caches\6.1.1\executionHistory)" [_thread_blocked, id=2808, stack(0x000000001f910000,0x000000001fa10000)]
  0x00000000170df000 JavaThread "Cache worker for cache directory md-rule (C:\Users\muhamadsyafii\.gradle\caches\6.1.1\md-rule)" [_thread_blocked, id=2944, stack(0x000000001f810000,0x000000001f910000)]
  0x00000000170dc000 JavaThread "Cache worker for cache directory md-supplier (C:\Users\muhamadsyafii\.gradle\caches\6.1.1\md-supplier)" [_thread_blocked, id=4492, stack(0x000000001f710000,0x000000001f810000)]
  0x00000000170e3000 JavaThread "Cache worker for file hash cache (D:\AndroidProject\Rnd\MOVApps\.gradle\6.1.1\fileHashes)" [_thread_blocked, id=4236, stack(0x000000001f210000,0x000000001f310000)]
  0x00000000170e2000 JavaThread "Cache worker for checksums cache (D:\AndroidProject\Rnd\MOVApps\.gradle\checksums)" [_thread_blocked, id=20476, stack(0x000000001f110000,0x000000001f210000)]
  0x00000000170de800 JavaThread "Cache worker for file hash cache (C:\Users\muhamadsyafii\.gradle\caches\6.1.1\fileHashes)" [_thread_blocked, id=10568, stack(0x000000001ce70000,0x000000001cf70000)]
  0x00000000170e0000 JavaThread "File lock request listener" [_thread_in_native, id=6756, stack(0x000000001cd70000,0x000000001ce70000)]
  0x000000001ac4d000 JavaThread "Cache worker for journal cache (C:\Users\muhamadsyafii\.gradle\caches\journal-1)" [_thread_blocked, id=5648, stack(0x000000001cc70000,0x000000001cd70000)]
  0x000000001ac2c800 JavaThread "Thread-9" [_thread_blocked, id=20120, stack(0x000000001c970000,0x000000001ca70000)]
  0x000000001ac19800 JavaThread "Stdin handler" [_thread_blocked, id=13476, stack(0x000000001c870000,0x000000001c970000)]
  0x000000001abae000 JavaThread "Asynchronous log dispatcher for DefaultDaemonConnection: socket connection from /127.0.0.1:63485 to /127.0.0.1:63486" [_thread_blocked, id=14352, stack(0x000000001c770000,0x000000001c870000)]
  0x000000001abac000 JavaThread "Daemon worker" [_thread_in_vm, id=17304, stack(0x000000001c670000,0x000000001c770000)]
  0x000000001abab000 JavaThread "Cancel handler" [_thread_blocked, id=20444, stack(0x000000001c570000,0x000000001c670000)]
  0x000000001ac05000 JavaThread "Handler for socket connection from /127.0.0.1:63485 to /127.0.0.1:63486" [_thread_in_native, id=15396, stack(0x000000001c270000,0x000000001c370000)]
  0x000000001abff800 JavaThread "Daemon" [_thread_blocked, id=21148, stack(0x000000001c170000,0x000000001c270000)]
  0x000000001abfc800 JavaThread "Daemon periodic checks" [_thread_blocked, id=9448, stack(0x000000001c070000,0x000000001c170000)]
  0x000000001ab5d800 JavaThread "Incoming local TCP Connector on port 63485" [_thread_in_native, id=19464, stack(0x000000001be30000,0x000000001bf30000)]
  0x0000000018dfb800 JavaThread "Daemon health stats" [_thread_blocked, id=12800, stack(0x000000001b7f0000,0x000000001b8f0000)]
  0x000000001712e800 JavaThread "Service Thread" daemon [_thread_blocked, id=20564, stack(0x0000000018e50000,0x0000000018f50000)]
  0x00000000170e1800 JavaThread "C1 CompilerThread2" daemon [_thread_blocked, id=6080, stack(0x0000000018950000,0x0000000018a50000)]
  0x00000000170dd800 JavaThread "C2 CompilerThread1" daemon [_thread_in_native, id=19520, stack(0x0000000018850000,0x0000000018950000)]
=>0x00000000170d6800 JavaThread "C2 CompilerThread0" daemon [_thread_in_native, id=18244, stack(0x0000000018750000,0x0000000018850000)]
  0x00000000170d5000 JavaThread "Attach Listener" daemon [_thread_blocked, id=20336, stack(0x0000000018650000,0x0000000018750000)]
  0x00000000170d2000 JavaThread "Signal Dispatcher" daemon [_thread_blocked, id=8880, stack(0x0000000018550000,0x0000000018650000)]
  0x00000000024ab000 JavaThread "Finalizer" daemon [_thread_blocked, id=10884, stack(0x0000000018350000,0x0000000018450000)]
  0x00000000170b9000 JavaThread "Reference Handler" daemon [_thread_blocked, id=12620, stack(0x0000000018250000,0x0000000018350000)]
  0x00000000023ae000 JavaThread "main" [_thread_blocked, id=18712, stack(0x0000000002230000,0x0000000002330000)]

Other Threads:
  0x0000000017096000 VMThread [stack: 0x0000000018150000,0x0000000018250000] [id=7336]
  0x0000000018a9b000 WatcherThread [stack: 0x0000000018f50000,0x0000000019050000] [id=9084]

VM state:not at safepoint (normal execution)

VM Mutex/Monitor currently owned by a thread: None

heap address: 0x0000000080000000, size: 2048 MB, Compressed Oops mode: 32-bit
Narrow klass base: 0x0000000000000000, Narrow klass shift: 3
Compressed class space size: 1073741824 Address: 0x0000000100000000

Heap:
 PSYoungGen      total 271360K, used 74425K [0x00000000d5580000, 0x00000000e8580000, 0x0000000100000000)
  eden space 247296K, 30% used [0x00000000d5580000,0x00000000d9e2e4f0,0x00000000e4700000)
  from space 24064K, 0% used [0x00000000e5f00000,0x00000000e5f00000,0x00000000e7680000)
  to   space 24576K, 0% used [0x00000000e4700000,0x00000000e4700000,0x00000000e5f00000)
 ParOldGen       total 96768K, used 34507K [0x0000000080000000, 0x0000000085e80000, 0x00000000d5580000)
  object space 96768K, 35% used [0x0000000080000000,0x00000000821b2c68,0x0000000085e80000)
 Metaspace       used 61285K, capacity 63502K, committed 63768K, reserved 1103872K
  class space    used 8396K, capacity 8912K, committed 9008K, reserved 1048576K

Card table byte_map: [0x0000000011870000,0x0000000011c80000] byte_map_base: 0x0000000011470000

Marking Bits: (ParMarkBitMap*) 0x000000005f75f030
 Begin Bits: [0x0000000012330000, 0x0000000014330000)
 End Bits:   [0x0000000014330000, 0x0000000016330000)

Polling page: 0x0000000000ae0000

CodeCache: size=245760Kb used=19015Kb max_used=19027Kb free=226744Kb
 bounds [0x00000000024b0000, 0x0000000003760000, 0x00000000114b0000]
 total_blobs=6204 nmethods=5402 adapters=715
 compilation: enabled

Compilation events (10 events):
Event: 25.255 Thread 0x00000000170e1800 6009       3       org.gradle.api.internal.provider.DefaultProperty::get (18 bytes)
Event: 25.257 Thread 0x00000000170e1800 nmethod 6009 0x0000000003750590 code [0x0000000003750740, 0x0000000003750e98]
Event: 25.292 Thread 0x00000000170dd800 nmethod 6004 0x0000000003755290 code [0x00000000037554c0, 0x0000000003756a40]
Event: 25.292 Thread 0x00000000170dd800 6005       4       org.objectweb.asm.MethodWriter::visitMaxs (60 bytes)
Event: 25.293 Thread 0x00000000170dd800 nmethod 6005 0x0000000003747510 code [0x0000000003747660, 0x0000000003747748]
Event: 25.324 Thread 0x00000000170dd800 6010       4       org.gradle.internal.reflect.MutableClassDetails::property (41 bytes)
Event: 25.342 Thread 0x00000000170dd800 nmethod 6010 0x0000000003751290 code [0x0000000003751440, 0x0000000003751aa8]
Event: 25.342 Thread 0x00000000170dd800 6011       4       sun.reflect.generics.parser.SignatureParser::parseFieldTypeSignature (73 bytes)
Event: 25.345 Thread 0x00000000170e1800 6013       1       org.gradle.api.internal.AbstractTask::getProject (5 bytes)
Event: 25.345 Thread 0x00000000170e1800 nmethod 6013 0x0000000003747250 code [0x00000000037473a0, 0x00000000037474b0]

GC Heap History (10 events):
Event: 10.528 GC heap before
{Heap before GC invocations=11 (full 2):
 PSYoungGen      total 139776K, used 11744K [0x00000000d5580000, 0x00000000e1d00000, 0x0000000100000000)
  eden space 128000K, 0% used [0x00000000d5580000,0x00000000d5580000,0x00000000dd280000)
  from space 11776K, 99% used [0x00000000dd280000,0x00000000dddf8360,0x00000000dde00000)
  to   space 13312K, 0% used [0x00000000e1000000,0x00000000e1000000,0x00000000e1d00000)
 ParOldGen       total 49152K, used 7385K [0x0000000080000000, 0x0000000083000000, 0x00000000d5580000)
  object space 49152K, 15% used [0x0000000080000000,0x0000000080736410,0x0000000083000000)
 Metaspace       used 34466K, capacity 35374K, committed 35496K, reserved 1079296K
  class space    used 4718K, capacity 4966K, committed 5040K, reserved 1048576K
Event: 10.619 GC heap after
Heap after GC invocations=11 (full 2):
 PSYoungGen      total 139776K, used 0K [0x00000000d5580000, 0x00000000e1d00000, 0x0000000100000000)
  eden space 128000K, 0% used [0x00000000d5580000,0x00000000d5580000,0x00000000dd280000)
  from space 11776K, 0% used [0x00000000dd280000,0x00000000dd280000,0x00000000dde00000)
  to   space 13312K, 0% used [0x00000000e1000000,0x00000000e1000000,0x00000000e1d00000)
 ParOldGen       total 68608K, used 18571K [0x0000000080000000, 0x0000000084300000, 0x00000000d5580000)
  object space 68608K, 27% used [0x0000000080000000,0x0000000081222e20,0x0000000084300000)
 Metaspace       used 34466K, capacity 35374K, committed 35496K, reserved 1079296K
  class space    used 4718K, capacity 4966K, committed 5040K, reserved 1048576K
}
Event: 15.274 GC heap before
{Heap before GC invocations=12 (full 2):
 PSYoungGen      total 139776K, used 128000K [0x00000000d5580000, 0x00000000e1d00000, 0x0000000100000000)
  eden space 128000K, 100% used [0x00000000d5580000,0x00000000dd280000,0x00000000dd280000)
  from space 11776K, 0% used [0x00000000dd280000,0x00000000dd280000,0x00000000dde00000)
  to   space 13312K, 0% used [0x00000000e1000000,0x00000000e1000000,0x00000000e1d00000)
 ParOldGen       total 68608K, used 18571K [0x0000000080000000, 0x0000000084300000, 0x00000000d5580000)
  object space 68608K, 27% used [0x0000000080000000,0x0000000081222e20,0x0000000084300000)
 Metaspace       used 44712K, capacity 46348K, committed 46504K, reserved 1089536K
  class space    used 6043K, capacity 6464K, committed 6576K, reserved 1048576K
Event: 15.394 GC heap after
Heap after GC invocations=12 (full 2):
 PSYoungGen      total 186880K, used 13291K [0x00000000d5580000, 0x00000000e2d80000, 0x0000000100000000)
  eden space 173568K, 0% used [0x00000000d5580000,0x00000000d5580000,0x00000000dff00000)
  from space 13312K, 99% used [0x00000000e1000000,0x00000000e1cfacb0,0x00000000e1d00000)
  to   space 17408K, 0% used [0x00000000dff00000,0x00000000dff00000,0x00000000e1000000)
 ParOldGen       total 68608K, used 23979K [0x0000000080000000, 0x0000000084300000, 0x00000000d5580000)
  object space 68608K, 34% used [0x0000000080000000,0x000000008176adc8,0x0000000084300000)
 Metaspace       used 44712K, capacity 46348K, committed 46504K, reserved 1089536K
  class space    used 6043K, capacity 6464K, committed 6576K, reserved 1048576K
}
Event: 21.580 GC heap before
{Heap before GC invocations=13 (full 2):
 PSYoungGen      total 186880K, used 186859K [0x00000000d5580000, 0x00000000e2d80000, 0x0000000100000000)
  eden space 173568K, 100% used [0x00000000d5580000,0x00000000dff00000,0x00000000dff00000)
  from space 13312K, 99% used [0x00000000e1000000,0x00000000e1cfacb0,0x00000000e1d00000)
  to   space 17408K, 0% used [0x00000000dff00000,0x00000000dff00000,0x00000000e1000000)
 ParOldGen       total 68608K, used 23979K [0x0000000080000000, 0x0000000084300000, 0x00000000d5580000)
  object space 68608K, 34% used [0x0000000080000000,0x000000008176adc8,0x0000000084300000)
 Metaspace       used 56873K, capacity 58916K, committed 59160K, reserved 1099776K
  class space    used 7698K, capacity 8217K, committed 8240K, reserved 1048576K
Event: 21.636 GC heap after
Heap after GC invocations=13 (full 2):
 PSYoungGen      total 190976K, used 17407K [0x00000000d5580000, 0x00000000e7680000, 0x0000000100000000)
  eden space 173568K, 0% used [0x00000000d5580000,0x00000000d5580000,0x00000000dff00000)
  from space 17408K, 99% used [0x00000000dff00000,0x00000000e0fffc38,0x00000000e1000000)
  to   space 24064K, 0% used [0x00000000e5f00000,0x00000000e5f00000,0x00000000e7680000)
 ParOldGen       total 68608K, used 36402K [0x0000000080000000, 0x0000000084300000, 0x00000000d5580000)
  object space 68608K, 53% used [0x0000000080000000,0x000000008238cb18,0x0000000084300000)
 Metaspace       used 56873K, capacity 58916K, committed 59160K, reserved 1099776K
  class space    used 7698K, capacity 8217K, committed 8240K, reserved 1048576K
}
Event: 21.729 GC heap before
{Heap before GC invocations=14 (full 2):
 PSYoungGen      total 190976K, used 30472K [0x00000000d5580000, 0x00000000e7680000, 0x0000000100000000)
  eden space 173568K, 7% used [0x00000000d5580000,0x00000000d6242718,0x00000000dff00000)
  from space 17408K, 99% used [0x00000000dff00000,0x00000000e0fffc38,0x00000000e1000000)
  to   space 24064K, 0% used [0x00000000e5f00000,0x00000000e5f00000,0x00000000e7680000)
 ParOldGen       total 68608K, used 36402K [0x0000000080000000, 0x0000000084300000, 0x00000000d5580000)
  object space 68608K, 53% used [0x0000000080000000,0x000000008238cb18,0x0000000084300000)
 Metaspace       used 57052K, capacity 59104K, committed 59160K, reserved 1099776K
  class space    used 7723K, capacity 8231K, committed 8240K, reserved 1048576K
Event: 21.764 GC heap after
Heap after GC invocations=14 (full 2):
 PSYoungGen      total 271360K, used 1120K [0x00000000d5580000, 0x00000000e8580000, 0x0000000100000000)
  eden space 247296K, 0% used [0x00000000d5580000,0x00000000d5580000,0x00000000e4700000)
  from space 24064K, 4% used [0x00000000e5f00000,0x00000000e6018000,0x00000000e7680000)
  to   space 24576K, 0% used [0x00000000e4700000,0x00000000e4700000,0x00000000e5f00000)
 ParOldGen       total 68608K, used 47474K [0x0000000080000000, 0x0000000084300000, 0x00000000d5580000)
  object space 68608K, 69% used [0x0000000080000000,0x0000000082e5cab0,0x0000000084300000)
 Metaspace       used 57052K, capacity 59104K, committed 59160K, reserved 1099776K
  class space    used 7723K, capacity 8231K, committed 8240K, reserved 1048576K
}
Event: 21.764 GC heap before
{Heap before GC invocations=15 (full 3):
 PSYoungGen      total 271360K, used 1120K [0x00000000d5580000, 0x00000000e8580000, 0x0000000100000000)
  eden space 247296K, 0% used [0x00000000d5580000,0x00000000d5580000,0x00000000e4700000)
  from space 24064K, 4% used [0x00000000e5f00000,0x00000000e6018000,0x00000000e7680000)
  to   space 24576K, 0% used [0x00000000e4700000,0x00000000e4700000,0x00000000e5f00000)
 ParOldGen       total 68608K, used 47474K [0x0000000080000000, 0x0000000084300000, 0x00000000d5580000)
  object space 68608K, 69% used [0x0000000080000000,0x0000000082e5cab0,0x0000000084300000)
 Metaspace       used 57052K, capacity 59104K, committed 59160K, reserved 1099776K
  class space    used 7723K, capacity 8231K, committed 8240K, reserved 1048576K
Event: 22.018 GC heap after
Heap after GC invocations=15 (full 3):
 PSYoungGen      total 271360K, used 0K [0x00000000d5580000, 0x00000000e8580000, 0x0000000100000000)
  eden space 247296K, 0% used [0x00000000d5580000,0x00000000d5580000,0x00000000e4700000)
  from space 24064K, 0% used [0x00000000e5f00000,0x00000000e5f00000,0x00000000e7680000)
  to   space 24576K, 0% used [0x00000000e4700000,0x00000000e4700000,0x00000000e5f00000)
 ParOldGen       total 96768K, used 34507K [0x0000000080000000, 0x0000000085e80000, 0x00000000d5580000)
  object space 96768K, 35% used [0x0000000080000000,0x00000000821b2c68,0x0000000085e80000)
 Metaspace       used 57040K, capacity 59062K, committed 59160K, reserved 1099776K
  class space    used 7719K, capacity 8224K, committed 8240K, reserved 1048576K
}

Deoptimization events (10 events):
Event: 22.439 Thread 0x000000001abac000 Uncommon trap: reason=unstable_if action=reinterpret pc=0x00000000027a5898 method=java.util.HashMap.putVal(ILjava/lang/Object;Ljava/lang/Object;ZZ)Ljava/lang/Object; @ 109
Event: 22.439 Thread 0x000000001abac000 Uncommon trap: reason=unstable_if action=reinterpret pc=0x0000000002e786e4 method=java.util.HashMap.putVal(ILjava/lang/Object;Ljava/lang/Object;ZZ)Ljava/lang/Object; @ 109
Event: 23.074 Thread 0x000000001abac000 Uncommon trap: reason=bimorphic action=maybe_recompile pc=0x000000000323d700 method=java.util.regex.Pattern$5.isSatisfiedBy(I)Z @ 16
Event: 23.074 Thread 0x000000001abac000 Uncommon trap: reason=bimorphic action=maybe_recompile pc=0x000000000323d700 method=java.util.regex.Pattern$5.isSatisfiedBy(I)Z @ 16
Event: 23.075 Thread 0x000000001abac000 Uncommon trap: reason=bimorphic action=maybe_recompile pc=0x000000000323d700 method=java.util.regex.Pattern$5.isSatisfiedBy(I)Z @ 16
Event: 23.075 Thread 0x000000001abac000 Uncommon trap: reason=bimorphic action=maybe_recompile pc=0x000000000323d700 method=java.util.regex.Pattern$5.isSatisfiedBy(I)Z @ 16
Event: 24.586 Thread 0x000000001abac000 Uncommon trap: reason=unstable_if action=reinterpret pc=0x0000000002ac71e8 method=java.util.regex.Pattern$BmpCharProperty.match(Ljava/util/regex/Matcher;ILjava/lang/CharSequence;)Z @ 34
Event: 24.610 Thread 0x000000001abac000 Uncommon trap: reason=unstable_if action=reinterpret pc=0x00000000032a7ba8 method=com.sun.org.apache.xerces.internal.impl.XMLEntityScanner.scanLiteral(ILcom/sun/org/apache/xerces/internal/xni/XMLString;Z)I @ 660
Event: 24.631 Thread 0x000000001abac000 Uncommon trap: reason=unstable_if action=reinterpret pc=0x00000000032b6548 method=com.sun.org.apache.xerces.internal.util.SymbolTable.addSymbol([CII)Ljava/lang/String; @ 38
Event: 24.645 Thread 0x000000001abac000 Uncommon trap: reason=unstable_if action=reinterpret pc=0x00000000033c689c method=java.lang.CharacterDataLatin1.digit(II)I @ 31

Classes redefined (0 events):
No events

Internal exceptions (10 events):
Event: 21.661 Thread 0x000000001abac000 Exception <a 'java/lang/ClassNotFoundException': org/gradle/api/internal/artifacts/configurations/DefaultConfigurationCustomizer> (0x00000000d5a83ac8) thrown at [C:\src\AOSP-openjdk-git\hotspot\src\share\vm\classfile\systemDictionary.cpp, line 210]
Event: 21.663 Thread 0x000000001abac000 Exception <a 'java/lang/ClassNotFoundException': org/gradle/api/internal/artifacts/configurations/DefaultConfiguration_DecoratedCustomizer> (0x00000000d5b36ca0) thrown at [C:\src\AOSP-openjdk-git\hotspot\src\share\vm\classfile\systemDictionary.cpp, line 2
Event: 21.675 Thread 0x000000001abac000 Exception <a 'java/lang/ClassNotFoundException': org/codehaus/groovy/runtime/MethodClosureBeanInfo> (0x00000000d5c26970) thrown at [C:\src\AOSP-openjdk-git\hotspot\src\share\vm\classfile\systemDictionary.cpp, line 210]
Event: 21.675 Thread 0x000000001abac000 Exception <a 'java/lang/ClassNotFoundException': org/codehaus/groovy/runtime/MethodClosureCustomizer> (0x00000000d5c40e70) thrown at [C:\src\AOSP-openjdk-git\hotspot\src\share\vm\classfile\systemDictionary.cpp, line 210]
Event: 21.678 Thread 0x000000001abac000 Exception <a 'java/lang/ClassNotFoundException': org/gradle/api/internal/artifacts/configurations/DefaultConfiguration$ConfigurationResolvableDependencies_DecoratedBeanInfo> (0x00000000d5ccdad0) thrown at [C:\src\AOSP-openjdk-git\hotspot\src\share\vm\clas
Event: 21.679 Thread 0x000000001abac000 Exception <a 'java/lang/ClassNotFoundException': org/gradle/api/internal/artifacts/configurations/DefaultConfiguration$ConfigurationResolvableDependenciesBeanInfo> (0x00000000d5d1ac18) thrown at [C:\src\AOSP-openjdk-git\hotspot\src\share\vm\classfile\syst
Event: 21.680 Thread 0x000000001abac000 Exception <a 'java/lang/ClassNotFoundException': org/gradle/api/internal/artifacts/configurations/DefaultConfiguration$ConfigurationResolvableDependenciesCustomizer> (0x00000000d5d69ec8) thrown at [C:\src\AOSP-openjdk-git\hotspot\src\share\vm\classfile\sy
Event: 21.683 Thread 0x000000001abac000 Exception <a 'java/lang/ClassNotFoundException': org/gradle/api/internal/artifacts/configurations/DefaultConfiguration$ConfigurationResolvableDependencies_DecoratedCustomizer> (0x00000000d5dd3b68) thrown at [C:\src\AOSP-openjdk-git\hotspot\src\share\vm\cl
Event: 23.308 Thread 0x000000001abac000 Exception <a 'java/lang/ClassNotFoundException': com/sun/org/glassfish/hk2/osgiresourcelocator/ServiceLoader> (0x00000000d73c9c00) thrown at [C:\src\AOSP-openjdk-git\hotspot\src\share\vm\classfile\systemDictionary.cpp, line 210]
Event: 23.552 Thread 0x000000001abac000 Exception <a 'java/lang/NullPointerException'> (0x00000000d7b223b0) thrown at [C:\src\AOSP-openjdk-git\hotspot\src\share\vm\interpreter\linkResolver.cpp, line 1287]

Events (10 events):
Event: 25.345 loading class org/gradle/api/tasks/TaskOutputs
Event: 25.345 loading class org/gradle/api/tasks/TaskOutputs done
Event: 25.345 loading class org/jetbrains/kotlin/gradle/tasks/AbstractKotlinCompile$taskBuildDirectory$2
Event: 25.345 loading class org/jetbrains/kotlin/gradle/tasks/AbstractKotlinCompile$taskBuildDirectory$2 done
Event: 25.346 loading class org/jetbrains/kotlin/gradle/utils/ProviderApiUtilsKt
Event: 25.346 loading class org/jetbrains/kotlin/gradle/utils/ProviderApiUtilsKt done
Event: 25.348 loading class org/gradle/api/file/RegularFile
Event: 25.348 loading class org/gradle/api/file/RegularFile done
Event: 25.349 loading class org/jetbrains/kotlin/gradle/tasks/AbstractKotlinCompile$compileClasspathImpl$2
Event: 25.349 loading class org/jetbrains/kotlin/gradle/tasks/AbstractKotlinCompile$compileClasspathImpl$2 done


Dynamic libraries:
0x00007ff692530000 - 0x00007ff692561000 	C:\Program Files\Android\Android Studio\jre\bin\java.exe
0x00007ff81e750000 - 0x00007ff81e945000 	C:\WINDOWS\SYSTEM32\ntdll.dll
0x00007ff81cbb0000 - 0x00007ff81cc6d000 	C:\WINDOWS\System32\KERNEL32.DLL
0x00007ff81c210000 - 0x00007ff81c4d9000 	C:\WINDOWS\System32\KERNELBASE.dll
0x00007ff81cc70000 - 0x00007ff81cd1c000 	C:\WINDOWS\System32\ADVAPI32.dll
0x00007ff81e2e0000 - 0x00007ff81e37e000 	C:\WINDOWS\System32\msvcrt.dll
0x00007ff81de60000 - 0x00007ff81defc000 	C:\WINDOWS\System32\sechost.dll
0x00007ff81d560000 - 0x00007ff81d68b000 	C:\WINDOWS\System32\RPCRT4.dll
0x00007ff81e4a0000 - 0x00007ff81e640000 	C:\WINDOWS\System32\USER32.dll
0x00007ff81c6f0000 - 0x00007ff81c712000 	C:\WINDOWS\System32\win32u.dll
0x00007ff81dd80000 - 0x00007ff81ddaa000 	C:\WINDOWS\System32\GDI32.dll
0x00007ff81c590000 - 0x00007ff81c69b000 	C:\WINDOWS\System32\gdi32full.dll
0x00007ff81c0f0000 - 0x00007ff81c18d000 	C:\WINDOWS\System32\msvcp_win.dll
0x00007ff81be90000 - 0x00007ff81bf90000 	C:\WINDOWS\System32\ucrtbase.dll
0x00007ff811060000 - 0x00007ff8112fa000 	C:\WINDOWS\WinSxS\amd64_microsoft.windows.common-controls_6595b64144ccf1df_6.0.19041.844_none_ca00b6081b84eb1d\COMCTL32.dll
0x00007ff81c810000 - 0x00007ff81c840000 	C:\WINDOWS\System32\IMM32.DLL
0x000000005ecd0000 - 0x000000005eda2000 	C:\Program Files\Android\Android Studio\jre\jre\bin\msvcr100.dll
0x000000005ef90000 - 0x000000005f7db000 	C:\Program Files\Android\Android Studio\jre\jre\bin\server\jvm.dll
0x00007ff81cd20000 - 0x00007ff81cd28000 	C:\WINDOWS\System32\PSAPI.DLL
0x00007ff80d3b0000 - 0x00007ff80d3b9000 	C:\WINDOWS\SYSTEM32\WSOCK32.dll
0x00007ff813300000 - 0x00007ff813327000 	C:\WINDOWS\SYSTEM32\WINMM.dll
0x00007ff81e640000 - 0x00007ff81e6ab000 	C:\WINDOWS\System32\WS2_32.dll
0x00007ff814560000 - 0x00007ff81456a000 	C:\WINDOWS\SYSTEM32\VERSION.dll
0x00007ff8172d0000 - 0x00007ff8172df000 	C:\Program Files\Android\Android Studio\jre\jre\bin\verify.dll
0x00007ff8170d0000 - 0x00007ff8170f9000 	C:\Program Files\Android\Android Studio\jre\jre\bin\java.dll
0x00007ff816f50000 - 0x00007ff816f66000 	C:\Program Files\Android\Android Studio\jre\jre\bin\zip.dll
0x00007ff81cd40000 - 0x00007ff81d482000 	C:\WINDOWS\System32\SHELL32.dll
0x00007ff819ce0000 - 0x00007ff81a470000 	C:\WINDOWS\SYSTEM32\windows.storage.dll
0x00007ff81df80000 - 0x00007ff81e2d5000 	C:\WINDOWS\System32\combase.dll
0x00007ff81b830000 - 0x00007ff81b85c000 	C:\WINDOWS\SYSTEM32\Wldp.dll
0x00007ff81c9d0000 - 0x00007ff81ca7e000 	C:\WINDOWS\System32\SHCORE.dll
0x00007ff81e6b0000 - 0x00007ff81e705000 	C:\WINDOWS\System32\shlwapi.dll
0x00007ff81bdd0000 - 0x00007ff81bdef000 	C:\WINDOWS\SYSTEM32\profapi.dll
0x00007ff816e00000 - 0x00007ff816e1a000 	C:\Program Files\Android\Android Studio\jre\jre\bin\net.dll
0x00007ff81b5b0000 - 0x00007ff81b61a000 	C:\WINDOWS\system32\mswsock.dll
0x00007ff812580000 - 0x00007ff812593000 	C:\Program Files\Android\Android Studio\jre\jre\bin\nio.dll
0x00007ff8006e0000 - 0x00007ff800706000 	C:\Users\muhamadsyafii\.gradle\native\31\windows-amd64\native-platform.dll
0x00007ff8170c0000 - 0x00007ff8170cd000 	C:\Program Files\Android\Android Studio\jre\jre\bin\management.dll
0x00007ff81b780000 - 0x00007ff81b798000 	C:\WINDOWS\SYSTEM32\CRYPTSP.dll
0x00007ff81af50000 - 0x00007ff81af84000 	C:\WINDOWS\system32\rsaenh.dll
0x00007ff81c720000 - 0x00007ff81c747000 	C:\WINDOWS\System32\bcrypt.dll
0x00007ff81bd90000 - 0x00007ff81bdbe000 	C:\WINDOWS\SYSTEM32\USERENV.dll
0x00007ff81c190000 - 0x00007ff81c210000 	C:\WINDOWS\System32\bcryptprimitives.dll
0x00007ff81b7a0000 - 0x00007ff81b7ac000 	C:\WINDOWS\SYSTEM32\CRYPTBASE.dll
0x00007ff81b2a0000 - 0x00007ff81b2db000 	C:\WINDOWS\SYSTEM32\IPHLPAPI.DLL
0x00007ff81cd30000 - 0x00007ff81cd38000 	C:\WINDOWS\System32\NSI.dll
0x00007ff817880000 - 0x00007ff817897000 	C:\WINDOWS\SYSTEM32\dhcpcsvc6.DLL
0x00007ff8174d0000 - 0x00007ff8174ed000 	C:\WINDOWS\SYSTEM32\dhcpcsvc.DLL
0x00007ff81b2e0000 - 0x00007ff81b3ab000 	C:\WINDOWS\SYSTEM32\DNSAPI.dll

VM Arguments:
jvm_args: -Xmx2048m -Dfile.encoding=windows-1252 -Duser.country=US -Duser.language=en -Duser.variant 
java_command: org.gradle.launcher.daemon.bootstrap.GradleDaemon 6.1.1
java_class_path (initial): C:\Users\muhamadsyafii\.gradle\wrapper\dists\gradle-6.1.1-all\cfmwm155h49vnt3hynmlrsdst\gradle-6.1.1\lib\gradle-launcher-6.1.1.jar
Launcher Type: SUN_STANDARD

Environment Variables:
PATH=C:\Program Files (x86)\Common Files\Oracle\Java\javapath;C:\WINDOWS\system32;C:\WINDOWS;C:\WINDOWS\System32\Wbem;C:\WINDOWS\System32\WindowsPowerShell\v1.0\;C:\WINDOWS\System32\OpenSSH\;C:\Program Files (x86)\Intel\Intel(R) Management Engine Components\DAL;C:\Program Files\Intel\Intel(R) Management Engine Components\DAL;C:\Users\muhamadsyafii\AppData\Local\Microsoft\WindowsApps;C:\Users\muhamadsyafii\AppData\Local\Programs\Git\cmd;C:\Users\muhamadsyafii\AppData\Local\Programs\Microsoft VS Code\bin;
USERNAME=muhamadsyafii
OS=Windows_NT
PROCESSOR_IDENTIFIER=Intel64 Family 6 Model 142 Stepping 9, GenuineIntel



---------------  S Y S T E M  ---------------

OS: Windows 10.0 , 64 bit Build 19041 (10.0.19041.804)

CPU:total 4 (initial active 4) (2 cores per cpu, 2 threads per core) family 6 model 142 stepping 9, cmov, cx8, fxsr, mmx, sse, sse2, sse3, ssse3, sse4.1, sse4.2, popcnt, avx, avx2, aes, clmul, erms, rtm, 3dnowpref, lzcnt, ht, tsc, tscinvbit, bmi1, bmi2, adx

Memory: 4k page, physical 8270876k(325104k free), swap 16659484k(12k free)

vm_info: OpenJDK 64-Bit Server VM (25.242-b01) for windows-amd64 JRE (1.8.0_242-release-1644-b01), built by "builder" with MS VC++ 10.0 (VS2010)

time: Fri Apr 16 16:51:02 2021
timezone: SE Asia Standard Time
elapsed time: 25 seconds (0d 0h 0m 25s)

