#
# There is insufficient memory for the Java Runtime Environment to continue.
# Native memory allocation (malloc) failed to allocate 361456 bytes for Chunk::new
# Possible reasons:
#   The system is out of physical RAM or swap space
#   The process is running with CompressedOops enabled, and the Java Heap may be blocking the growth of the native heap
# Possible solutions:
#   Reduce memory load on the system
#   Increase physical memory or swap space
#   Check if swap backing store is full
#   Decrease Java heap size (-Xmx/-Xms)
#   Decrease number of Java threads
#   Decrease Java thread stack sizes (-Xss)
#   Set larger code cache with -XX:ReservedCodeCacheSize=
#   JVM is running with Unscaled Compressed Oops mode in which the Java heap is
#     placed in the first 4GB address space. The Java Heap base address is the
#     maximum limit for the native heap growth. Please use -XX:HeapBaseMinAddress
#     to set the Java Heap base and to place the Java Heap above 4GB virtual address.
# This output file may be truncated or incomplete.
#
#  Out of Memory Error (allocation.cpp:389), pid=15960, tid=0x0000000000002564
#
# JRE version: OpenJDK Runtime Environment (8.0_242-b01) (build 1.8.0_242-release-1644-b01)
# Java VM: OpenJDK 64-Bit Server VM (25.242-b01 mixed mode windows-amd64 compressed oops)
# Failed to write core dump. Minidumps are not enabled by default on client versions of Windows
#

---------------  T H R E A D  ---------------

Current thread (0x00000000170d6000):  JavaThread "C2 CompilerThread1" daemon [_thread_in_native, id=9572, stack(0x0000000018810000,0x0000000018910000)]

Stack: [0x0000000018810000,0x0000000018910000]
[error occurred during error reporting (printing stack bounds), id 0xc0000005]

Native frames: (J=compiled Java code, j=interpreted, Vv=VM code, C=native code)


Current CompileTask:
C2:  17636 4052       4       org.objectweb.asm.SymbolTable::addConstantUtf8Reference (101 bytes)


---------------  P R O C E S S  ---------------

Java Threads: ( => current thread )
  0x000000001f275000 JavaThread "Cache worker for Build Output Cleanup Cache (D:\AndroidProject\Rnd\MOVApps\.gradle\buildOutputCleanup)" [_thread_blocked, id=8204, stack(0x0000000023240000,0x0000000023340000)]
  0x000000001f274000 JavaThread "Build operations Thread 4" [_thread_blocked, id=13504, stack(0x0000000021a90000,0x0000000021b90000)]
  0x000000001f278800 JavaThread "Build operations Thread 3" [_thread_blocked, id=15032, stack(0x0000000021990000,0x0000000021a90000)]
  0x000000001f273800 JavaThread "Build operations Thread 2" [_thread_blocked, id=16864, stack(0x0000000021890000,0x0000000021990000)]
  0x000000001f278000 JavaThread "Build operations" [_thread_blocked, id=18520, stack(0x0000000021790000,0x0000000021890000)]
  0x000000001b034800 JavaThread "Cache worker for execution history cache (C:\Users\muhamadsyafii\.gradle\caches\6.1.1\executionHistory)" [_thread_blocked, id=19192, stack(0x0000000020a90000,0x0000000020b90000)]
  0x000000001b034000 JavaThread "Cache worker for cache directory md-rule (C:\Users\muhamadsyafii\.gradle\caches\6.1.1\md-rule)" [_thread_blocked, id=16132, stack(0x000000001f2e0000,0x000000001f3e0000)]
  0x000000001b031800 JavaThread "Cache worker for cache directory md-supplier (C:\Users\muhamadsyafii\.gradle\caches\6.1.1\md-supplier)" [_thread_blocked, id=15724, stack(0x000000001e160000,0x000000001e260000)]
  0x000000001b032800 JavaThread "Cache worker for file hash cache (D:\AndroidProject\Rnd\MOVApps\.gradle\6.1.1\fileHashes)" [_thread_blocked, id=14184, stack(0x000000001e060000,0x000000001e160000)]
  0x000000001b033000 JavaThread "Cache worker for checksums cache (D:\AndroidProject\Rnd\MOVApps\.gradle\checksums)" [_thread_blocked, id=15836, stack(0x000000001df60000,0x000000001e060000)]
  0x000000001b031000 JavaThread "Cache worker for file hash cache (C:\Users\muhamadsyafii\.gradle\caches\6.1.1\fileHashes)" [_thread_blocked, id=11832, stack(0x000000001ce90000,0x000000001cf90000)]
  0x000000001b037800 JavaThread "File lock request listener" [_thread_in_native, id=13712, stack(0x000000001cd90000,0x000000001ce90000)]
  0x000000001ae01000 JavaThread "Cache worker for journal cache (C:\Users\muhamadsyafii\.gradle\caches\journal-1)" [_thread_blocked, id=14012, stack(0x000000001cc90000,0x000000001cd90000)]
  0x000000001ad89800 JavaThread "Thread-9" [_thread_blocked, id=8464, stack(0x000000001c990000,0x000000001ca90000)]
  0x000000001ad79800 JavaThread "Stdin handler" [_thread_blocked, id=3960, stack(0x000000001c890000,0x000000001c990000)]
  0x000000001aceb000 JavaThread "Asynchronous log dispatcher for DefaultDaemonConnection: socket connection from /127.0.0.1:59721 to /127.0.0.1:59722" [_thread_blocked, id=15992, stack(0x000000001c790000,0x000000001c890000)]
  0x000000001acdf800 JavaThread "Daemon worker" [_thread_in_native, id=11152, stack(0x000000001c690000,0x000000001c790000)]
  0x000000001acdc000 JavaThread "Cancel handler" [_thread_blocked, id=10664, stack(0x000000001c590000,0x000000001c690000)]
  0x000000001acc9000 JavaThread "Handler for socket connection from /127.0.0.1:59721 to /127.0.0.1:59722" [_thread_in_native, id=2940, stack(0x000000001c290000,0x000000001c390000)]
  0x000000001acc7800 JavaThread "Daemon" [_thread_blocked, id=3776, stack(0x000000001c190000,0x000000001c290000)]
  0x000000001acc4000 JavaThread "Daemon periodic checks" [_thread_blocked, id=764, stack(0x000000001c090000,0x000000001c190000)]
  0x000000001acb3800 JavaThread "Incoming local TCP Connector on port 59721" [_thread_in_native, id=10896, stack(0x0000000019110000,0x0000000019210000)]
  0x0000000018a6e000 JavaThread "Daemon health stats" [_thread_blocked, id=19108, stack(0x0000000019010000,0x0000000019110000)]
  0x000000001711d000 JavaThread "Service Thread" daemon [_thread_blocked, id=8696, stack(0x0000000018e10000,0x0000000018f10000)]
  0x00000000170db000 JavaThread "C1 CompilerThread2" daemon [_thread_blocked, id=12680, stack(0x0000000018910000,0x0000000018a10000)]
=>0x00000000170d6000 JavaThread "C2 CompilerThread1" daemon [_thread_in_native, id=9572, stack(0x0000000018810000,0x0000000018910000)]
  0x00000000170c3800 JavaThread "C2 CompilerThread0" daemon [_thread_blocked, id=5380, stack(0x0000000018710000,0x0000000018810000)]
  0x00000000170c2000 JavaThread "Attach Listener" daemon [_thread_blocked, id=10944, stack(0x0000000018610000,0x0000000018710000)]
  0x00000000170c1000 JavaThread "Signal Dispatcher" daemon [_thread_blocked, id=17268, stack(0x0000000018510000,0x0000000018610000)]
  0x000000000249b000 JavaThread "Finalizer" daemon [_thread_blocked, id=1700, stack(0x0000000018310000,0x0000000018410000)]
  0x00000000170a9000 JavaThread "Reference Handler" daemon [_thread_blocked, id=12572, stack(0x0000000018210000,0x0000000018310000)]
  0x00000000020ee000 JavaThread "main" [_thread_blocked, id=11884, stack(0x00000000020f0000,0x00000000021f0000)]

Other Threads:
  0x0000000017086000 VMThread [stack: 0x0000000018110000,0x0000000018210000] [id=19312]
  0x000000001711d800 WatcherThread [stack: 0x0000000018f10000,0x0000000019010000] [id=17812]

VM state:not at safepoint (normal execution)

VM Mutex/Monitor currently owned by a thread: None

heap address: 0x0000000080000000, size: 2048 MB, Compressed Oops mode: 32-bit
Narrow klass base: 0x0000000000000000, Narrow klass shift: 3
Compressed class space size: 1073741824 Address: 0x0000000100000000

Heap:
 PSYoungGen      total 276480K, used 118668K [0x00000000d5580000, 0x00000000ef980000, 0x0000000100000000)
  eden space 260096K, 45% used [0x00000000d5580000,0x00000000dc963320,0x00000000e5380000)
  from space 16384K, 0% used [0x00000000e5380000,0x00000000e5380000,0x00000000e6380000)
  to   space 15872K, 0% used [0x00000000eea00000,0x00000000eea00000,0x00000000ef980000)
 ParOldGen       total 82944K, used 15839K [0x0000000080000000, 0x0000000085100000, 0x00000000d5580000)
  object space 82944K, 19% used [0x0000000080000000,0x0000000080f77d68,0x0000000085100000)
 Metaspace       used 43780K, capacity 45360K, committed 45608K, reserved 1089536K
  class space    used 5941K, capacity 6332K, committed 6448K, reserved 1048576K

Card table byte_map: [0x0000000011860000,0x0000000011c70000] byte_map_base: 0x0000000011460000

Marking Bits: (ParMarkBitMap*) 0x000000005f75f030
 Begin Bits: [0x0000000012320000, 0x0000000014320000)
 End Bits:   [0x0000000014320000, 0x0000000016320000)

Polling page: 0x00000000001f0000

CodeCache: size=245760Kb used=12685Kb max_used=12699Kb free=233074Kb
 bounds [0x00000000024a0000, 0x0000000003120000, 0x00000000114a0000]
 total_blobs=4447 nmethods=3710 adapters=650
 compilation: enabled

Compilation events (10 events):
Event: 17.598 Thread 0x00000000170db000 4049       3       com.google.common.reflect.TypeResolver::<init> (10 bytes)
Event: 17.598 Thread 0x00000000170d6000 nmethod 4046 0x000000000310aed0 code [0x000000000310b020, 0x000000000310b2b8]
Event: 17.598 Thread 0x00000000170db000 nmethod 4049 0x000000000310dfd0 code [0x000000000310e120, 0x000000000310e2f0]
Event: 17.599 Thread 0x00000000170db000 4050       3       java.util.HashMap$EntrySet::iterator (12 bytes)
Event: 17.599 Thread 0x00000000170db000 nmethod 4050 0x000000000310db10 code [0x000000000310dc80, 0x000000000310dee8]
Event: 17.600 Thread 0x00000000170c3800 4051       4       com.google.common.reflect.TypeResolver$TypeVariableKey::hashCode (32 bytes)
Event: 17.605 Thread 0x00000000170d6000 4052       4       org.objectweb.asm.SymbolTable::addConstantUtf8Reference (101 bytes)
Event: 17.609 Thread 0x00000000170db000 4053       1       org.objectweb.asm.MethodWriter::visitCode (1 bytes)
Event: 17.609 Thread 0x00000000170db000 nmethod 4053 0x0000000003105b10 code [0x0000000003105c60, 0x0000000003105d70]
Event: 17.634 Thread 0x00000000170c3800 nmethod 4051 0x0000000003110510 code [0x00000000031106c0, 0x0000000003111108]

GC Heap History (10 events):
Event: 5.476 GC heap before
{Heap before GC invocations=5 (full 0):
 PSYoungGen      total 138240K, used 11671K [0x00000000d5580000, 0x00000000de180000, 0x0000000100000000)
  eden space 133120K, 4% used [0x00000000d5580000,0x00000000d5be9f10,0x00000000dd780000)
  from space 5120K, 99% used [0x00000000ddc80000,0x00000000de17c040,0x00000000de180000)
  to   space 5120K, 0% used [0x00000000dd780000,0x00000000dd780000,0x00000000ddc80000)
 ParOldGen       total 87552K, used 11019K [0x0000000080000000, 0x0000000085580000, 0x00000000d5580000)
  object space 87552K, 12% used [0x0000000080000000,0x0000000080ac2ef0,0x0000000085580000)
 Metaspace       used 20622K, capacity 21220K, committed 21296K, reserved 1067008K
  class space    used 2887K, capacity 3084K, committed 3120K, reserved 1048576K
Event: 5.484 GC heap after
Heap after GC invocations=5 (full 0):
 PSYoungGen      total 138240K, used 5108K [0x00000000d5580000, 0x00000000e7380000, 0x0000000100000000)
  eden space 133120K, 0% used [0x00000000d5580000,0x00000000d5580000,0x00000000dd780000)
  from space 5120K, 99% used [0x00000000dd780000,0x00000000ddc7d060,0x00000000ddc80000)
  to   space 13312K, 0% used [0x00000000e6680000,0x00000000e6680000,0x00000000e7380000)
 ParOldGen       total 87552K, used 11247K [0x0000000080000000, 0x0000000085580000, 0x00000000d5580000)
  object space 87552K, 12% used [0x0000000080000000,0x0000000080afbf00,0x0000000085580000)
 Metaspace       used 20622K, capacity 21220K, committed 21296K, reserved 1067008K
  class space    used 2887K, capacity 3084K, committed 3120K, reserved 1048576K
}
Event: 5.484 GC heap before
{Heap before GC invocations=6 (full 1):
 PSYoungGen      total 138240K, used 5108K [0x00000000d5580000, 0x00000000e7380000, 0x0000000100000000)
  eden space 133120K, 0% used [0x00000000d5580000,0x00000000d5580000,0x00000000dd780000)
  from space 5120K, 99% used [0x00000000dd780000,0x00000000ddc7d060,0x00000000ddc80000)
  to   space 13312K, 0% used [0x00000000e6680000,0x00000000e6680000,0x00000000e7380000)
 ParOldGen       total 87552K, used 11247K [0x0000000080000000, 0x0000000085580000, 0x00000000d5580000)
  object space 87552K, 12% used [0x0000000080000000,0x0000000080afbf00,0x0000000085580000)
 Metaspace       used 20622K, capacity 21220K, committed 21296K, reserved 1067008K
  class space    used 2887K, capacity 3084K, committed 3120K, reserved 1048576K
Event: 5.538 GC heap after
Heap after GC invocations=6 (full 1):
 PSYoungGen      total 138240K, used 0K [0x00000000d5580000, 0x00000000e7380000, 0x0000000100000000)
  eden space 133120K, 0% used [0x00000000d5580000,0x00000000d5580000,0x00000000dd780000)
  from space 5120K, 0% used [0x00000000dd780000,0x00000000dd780000,0x00000000ddc80000)
  to   space 13312K, 0% used [0x00000000e6680000,0x00000000e6680000,0x00000000e7380000)
 ParOldGen       total 55808K, used 7112K [0x0000000080000000, 0x0000000083680000, 0x00000000d5580000)
  object space 55808K, 12% used [0x0000000080000000,0x00000000806f20b8,0x0000000083680000)
 Metaspace       used 20622K, capacity 21220K, committed 21296K, reserved 1067008K
  class space    used 2887K, capacity 3084K, committed 3120K, reserved 1048576K
}
Event: 8.923 GC heap before
{Heap before GC invocations=7 (full 1):
 PSYoungGen      total 138240K, used 133120K [0x00000000d5580000, 0x00000000e7380000, 0x0000000100000000)
  eden space 133120K, 100% used [0x00000000d5580000,0x00000000dd780000,0x00000000dd780000)
  from space 5120K, 0% used [0x00000000dd780000,0x00000000dd780000,0x00000000ddc80000)
  to   space 13312K, 0% used [0x00000000e6680000,0x00000000e6680000,0x00000000e7380000)
 ParOldGen       total 55808K, used 7112K [0x0000000080000000, 0x0000000083680000, 0x00000000d5580000)
  object space 55808K, 12% used [0x0000000080000000,0x00000000806f20b8,0x0000000083680000)
 Metaspace       used 32273K, capacity 33140K, committed 33328K, reserved 1077248K
  class space    used 4399K, capacity 4641K, committed 4656K, reserved 1048576K
Event: 8.960 GC heap after
Heap after GC invocations=7 (full 1):
 PSYoungGen      total 244736K, used 13308K [0x00000000d5580000, 0x00000000e7380000, 0x0000000100000000)
  eden space 231424K, 0% used [0x00000000d5580000,0x00000000d5580000,0x00000000e3780000)
  from space 13312K, 99% used [0x00000000e6680000,0x00000000e737f068,0x00000000e7380000)
  to   space 16384K, 0% used [0x00000000e5380000,0x00000000e5380000,0x00000000e6380000)
 ParOldGen       total 55808K, used 7767K [0x0000000080000000, 0x0000000083680000, 0x00000000d5580000)
  object space 55808K, 13% used [0x0000000080000000,0x0000000080795e30,0x0000000083680000)
 Metaspace       used 32273K, capacity 33140K, committed 33328K, reserved 1077248K
  class space    used 4399K, capacity 4641K, committed 4656K, reserved 1048576K
}
Event: 10.228 GC heap before
{Heap before GC invocations=8 (full 1):
 PSYoungGen      total 244736K, used 63757K [0x00000000d5580000, 0x00000000e7380000, 0x0000000100000000)
  eden space 231424K, 21% used [0x00000000d5580000,0x00000000d86c4558,0x00000000e3780000)
  from space 13312K, 99% used [0x00000000e6680000,0x00000000e737f068,0x00000000e7380000)
  to   space 16384K, 0% used [0x00000000e5380000,0x00000000e5380000,0x00000000e6380000)
 ParOldGen       total 55808K, used 7767K [0x0000000080000000, 0x0000000083680000, 0x00000000d5580000)
  object space 55808K, 13% used [0x0000000080000000,0x0000000080795e30,0x0000000083680000)
 Metaspace       used 34464K, capacity 35402K, committed 35496K, reserved 1079296K
  class space    used 4721K, capacity 4998K, committed 5040K, reserved 1048576K
Event: 10.253 GC heap after
Heap after GC invocations=8 (full 1):
 PSYoungGen      total 276480K, used 9210K [0x00000000d5580000, 0x00000000ef980000, 0x0000000100000000)
  eden space 260096K, 0% used [0x00000000d5580000,0x00000000d5580000,0x00000000e5380000)
  from space 16384K, 56% used [0x00000000e5380000,0x00000000e5c7ebf8,0x00000000e6380000)
  to   space 15872K, 0% used [0x00000000eea00000,0x00000000eea00000,0x00000000ef980000)
 ParOldGen       total 55808K, used 7775K [0x0000000080000000, 0x0000000083680000, 0x00000000d5580000)
  object space 55808K, 13% used [0x0000000080000000,0x0000000080797e30,0x0000000083680000)
 Metaspace       used 34464K, capacity 35402K, committed 35496K, reserved 1079296K
  class space    used 4721K, capacity 4998K, committed 5040K, reserved 1048576K
}
Event: 10.253 GC heap before
{Heap before GC invocations=9 (full 2):
 PSYoungGen      total 276480K, used 9210K [0x00000000d5580000, 0x00000000ef980000, 0x0000000100000000)
  eden space 260096K, 0% used [0x00000000d5580000,0x00000000d5580000,0x00000000e5380000)
  from space 16384K, 56% used [0x00000000e5380000,0x00000000e5c7ebf8,0x00000000e6380000)
  to   space 15872K, 0% used [0x00000000eea00000,0x00000000eea00000,0x00000000ef980000)
 ParOldGen       total 55808K, used 7775K [0x0000000080000000, 0x0000000083680000, 0x00000000d5580000)
  object space 55808K, 13% used [0x0000000080000000,0x0000000080797e30,0x0000000083680000)
 Metaspace       used 34464K, capacity 35402K, committed 35496K, reserved 1079296K
  class space    used 4721K, capacity 4998K, committed 5040K, reserved 1048576K
Event: 10.411 GC heap after
Heap after GC invocations=9 (full 2):
 PSYoungGen      total 276480K, used 0K [0x00000000d5580000, 0x00000000ef980000, 0x0000000100000000)
  eden space 260096K, 0% used [0x00000000d5580000,0x00000000d5580000,0x00000000e5380000)
  from space 16384K, 0% used [0x00000000e5380000,0x00000000e5380000,0x00000000e6380000)
  to   space 15872K, 0% used [0x00000000eea00000,0x00000000eea00000,0x00000000ef980000)
 ParOldGen       total 82944K, used 15839K [0x0000000080000000, 0x0000000085100000, 0x00000000d5580000)
  object space 82944K, 19% used [0x0000000080000000,0x0000000080f77d68,0x0000000085100000)
 Metaspace       used 34464K, capacity 35402K, committed 35496K, reserved 1079296K
  class space    used 4721K, capacity 4998K, committed 5040K, reserved 1048576K
}

Deoptimization events (10 events):
Event: 11.650 Thread 0x000000001acdf800 Uncommon trap: reason=unstable_if action=reinterpret pc=0x00000000027f8d2c method=java.util.jar.JarFile.match([C[B[I[I)Z @ 29
Event: 11.925 Thread 0x000000001acdf800 Uncommon trap: reason=unstable_if action=reinterpret pc=0x0000000002ea7104 method=org.codehaus.groovy.reflection.CachedMethod.compareToMethod(Ljava/lang/reflect/Method;)I @ 111
Event: 11.951 Thread 0x000000001acdf800 Uncommon trap: reason=unstable_if action=reinterpret pc=0x00000000027d61d0 method=java.util.regex.Pattern.has(I)Z @ 6
Event: 11.956 Thread 0x000000001acdf800 Uncommon trap: reason=bimorphic action=maybe_recompile pc=0x0000000002e3fb80 method=java.util.AbstractCollection.addAll(Ljava/util/Collection;)Z @ 29
Event: 12.323 Thread 0x000000001acdf800 Uncommon trap: reason=unstable_if action=reinterpret pc=0x000000000286ce60 method=java.io.BufferedInputStream.read([BII)I @ 56
Event: 12.359 Thread 0x000000001acdf800 Uncommon trap: reason=bimorphic action=maybe_recompile pc=0x0000000002e3fb80 method=java.util.AbstractCollection.addAll(Ljava/util/Collection;)Z @ 29
Event: 12.445 Thread 0x000000001acdf800 Uncommon trap: reason=predicate action=maybe_recompile pc=0x0000000002630f90 method=java.util.Arrays.binarySearch0([Ljava/lang/Object;IILjava/lang/Object;Ljava/util/Comparator;)I @ 28
Event: 12.665 Thread 0x000000001acdf800 Uncommon trap: reason=unstable_if action=reinterpret pc=0x0000000002c0bce8 method=sun.misc.MetaIndex.mayContain(Ljava/lang/String;)Z @ 38
Event: 12.668 Thread 0x000000001acdf800 Uncommon trap: reason=unstable_if action=reinterpret pc=0x00000000026331cc method=java.security.CodeSource.hashCode()I @ 4
Event: 15.049 Thread 0x000000001acdf800 Uncommon trap: reason=unstable_if action=reinterpret pc=0x0000000002d9e65c method=org.objectweb.asm.ByteVector.putUTF8(Ljava/lang/String;)Lorg/objectweb/asm/ByteVector; @ 93

Classes redefined (0 events):
No events

Internal exceptions (10 events):
Event: 11.962 Thread 0x000000001ad89800 Exception <a 'java/lang/NoSuchMethodError': <clinit>> (0x00000000d5973ab8) thrown at [C:\src\AOSP-openjdk-git\hotspot\src\share\vm\prims\jni.cpp, line 1615]
Event: 11.962 Thread 0x000000001ad89800 Exception <a 'java/lang/NoSuchMethodError': <clinit>> (0x00000000d5974fe0) thrown at [C:\src\AOSP-openjdk-git\hotspot\src\share\vm\prims\jni.cpp, line 1615]
Event: 11.963 Thread 0x000000001ad89800 Exception <a 'java/lang/NoSuchMethodError': <clinit>> (0x00000000d597f250) thrown at [C:\src\AOSP-openjdk-git\hotspot\src\share\vm\prims\jni.cpp, line 1615]
Event: 11.964 Thread 0x000000001ad89800 Exception <a 'java/lang/NoSuchMethodError': <clinit>> (0x00000000d598a170) thrown at [C:\src\AOSP-openjdk-git\hotspot\src\share\vm\prims\jni.cpp, line 1615]
Event: 11.970 Thread 0x000000001ad89800 Exception <a 'java/lang/NoSuchMethodError': <clinit>> (0x00000000d599d590) thrown at [C:\src\AOSP-openjdk-git\hotspot\src\share\vm\prims\jni.cpp, line 1615]
Event: 12.026 Thread 0x000000001acdf800 Exception <a 'java/lang/ClassNotFoundException': build_c08d06gj29zcvl7pad570iub7BeanInfo> (0x00000000d8a4c168) thrown at [C:\src\AOSP-openjdk-git\hotspot\src\share\vm\classfile\systemDictionary.cpp, line 210]
Event: 12.027 Thread 0x000000001acdf800 Exception <a 'java/lang/ClassNotFoundException': build_c08d06gj29zcvl7pad570iub7Customizer> (0x00000000d8a593a0) thrown at [C:\src\AOSP-openjdk-git\hotspot\src\share\vm\classfile\systemDictionary.cpp, line 210]
Event: 12.045 Thread 0x000000001acdf800 Exception <a 'java/lang/ClassNotFoundException': org/gradle/api/internal/plugins/DefaultObjectConfigurationActionBeanInfo> (0x00000000d8ad7210) thrown at [C:\src\AOSP-openjdk-git\hotspot\src\share\vm\classfile\systemDictionary.cpp, line 210]
Event: 12.047 Thread 0x000000001acdf800 Exception <a 'java/lang/ClassNotFoundException': org/gradle/api/internal/plugins/DefaultObjectConfigurationActionCustomizer> (0x00000000d8b1f560) thrown at [C:\src\AOSP-openjdk-git\hotspot\src\share\vm\classfile\systemDictionary.cpp, line 210]
Event: 12.668 Thread 0x000000001acdf800 Implicit null exception at 0x0000000002632ed5 to 0x00000000026331bd

Events (10 events):
Event: 17.573 loading class org/gradle/api/artifacts/dsl/DependencyHandler
Event: 17.573 loading class org/gradle/api/artifacts/dsl/DependencyHandler done
Event: 17.582 loading class com/android/build/gradle/internal/plugins/BasePlugin
Event: 17.582 loading class com/android/build/gradle/internal/plugins/BasePlugin done
Event: 17.585 loading class com/android/build/gradle/internal/dsl/BuildTypeFactory
Event: 17.585 loading class com/android/build/gradle/internal/dsl/BuildTypeFactory done
Event: 17.589 loading class org/gradle/api/internal/FactoryNamedDomainObjectContainer
Event: 17.589 loading class org/gradle/api/internal/FactoryNamedDomainObjectContainer done
Event: 17.630 loading class com/android/build/gradle/internal/dsl/ProductFlavor
Event: 17.630 loading class com/android/build/gradle/internal/dsl/ProductFlavor done


Dynamic libraries:
0x00007ff68d730000 - 0x00007ff68d761000 	C:\Program Files\Android\Android Studio\jre\bin\java.exe
0x00007ff81e750000 - 0x00007ff81e945000 	C:\WINDOWS\SYSTEM32\ntdll.dll
0x00007ff81cbb0000 - 0x00007ff81cc6d000 	C:\WINDOWS\System32\KERNEL32.DLL
0x00007ff81c210000 - 0x00007ff81c4d9000 	C:\WINDOWS\System32\KERNELBASE.dll
0x00007ff81cc70000 - 0x00007ff81cd1c000 	C:\WINDOWS\System32\ADVAPI32.dll
0x00007ff81e2e0000 - 0x00007ff81e37e000 	C:\WINDOWS\System32\msvcrt.dll
0x00007ff81de60000 - 0x00007ff81defc000 	C:\WINDOWS\System32\sechost.dll
0x00007ff81d560000 - 0x00007ff81d68b000 	C:\WINDOWS\System32\RPCRT4.dll
0x00007ff81e4a0000 - 0x00007ff81e640000 	C:\WINDOWS\System32\USER32.dll
0x00007ff81c6f0000 - 0x00007ff81c712000 	C:\WINDOWS\System32\win32u.dll
0x00007ff81dd80000 - 0x00007ff81ddaa000 	C:\WINDOWS\System32\GDI32.dll
0x00007ff81c590000 - 0x00007ff81c69b000 	C:\WINDOWS\System32\gdi32full.dll
0x00007ff81c0f0000 - 0x00007ff81c18d000 	C:\WINDOWS\System32\msvcp_win.dll
0x00007ff81be90000 - 0x00007ff81bf90000 	C:\WINDOWS\System32\ucrtbase.dll
0x00007ff811060000 - 0x00007ff8112fa000 	C:\WINDOWS\WinSxS\amd64_microsoft.windows.common-controls_6595b64144ccf1df_6.0.19041.844_none_ca00b6081b84eb1d\COMCTL32.dll
0x00007ff81c810000 - 0x00007ff81c840000 	C:\WINDOWS\System32\IMM32.DLL
0x000000005edd0000 - 0x000000005eea2000 	C:\Program Files\Android\Android Studio\jre\jre\bin\msvcr100.dll
0x000000005ef90000 - 0x000000005f7db000 	C:\Program Files\Android\Android Studio\jre\jre\bin\server\jvm.dll
0x00007ff81cd20000 - 0x00007ff81cd28000 	C:\WINDOWS\System32\PSAPI.DLL
0x00007ff80d3b0000 - 0x00007ff80d3b9000 	C:\WINDOWS\SYSTEM32\WSOCK32.dll
0x00007ff81e640000 - 0x00007ff81e6ab000 	C:\WINDOWS\System32\WS2_32.dll
0x00007ff813300000 - 0x00007ff813327000 	C:\WINDOWS\SYSTEM32\WINMM.dll
0x00007ff814560000 - 0x00007ff81456a000 	C:\WINDOWS\SYSTEM32\VERSION.dll
0x00007ff818d20000 - 0x00007ff818d2f000 	C:\Program Files\Android\Android Studio\jre\jre\bin\verify.dll
0x00007ffff8380000 - 0x00007ffff83a9000 	C:\Program Files\Android\Android Studio\jre\jre\bin\java.dll
0x00007ffff82b0000 - 0x00007ffff82c6000 	C:\Program Files\Android\Android Studio\jre\jre\bin\zip.dll
0x00007ff81cd40000 - 0x00007ff81d482000 	C:\WINDOWS\System32\SHELL32.dll
0x00007ff819ce0000 - 0x00007ff81a470000 	C:\WINDOWS\SYSTEM32\windows.storage.dll
0x00007ff81df80000 - 0x00007ff81e2d5000 	C:\WINDOWS\System32\combase.dll
0x00007ff81b830000 - 0x00007ff81b85c000 	C:\WINDOWS\SYSTEM32\Wldp.dll
0x00007ff81c9d0000 - 0x00007ff81ca7e000 	C:\WINDOWS\System32\SHCORE.dll
0x00007ff81e6b0000 - 0x00007ff81e705000 	C:\WINDOWS\System32\shlwapi.dll
0x00007ff81bdd0000 - 0x00007ff81bdef000 	C:\WINDOWS\SYSTEM32\profapi.dll
0x00007ffff20a0000 - 0x00007ffff20ba000 	C:\Program Files\Android\Android Studio\jre\jre\bin\net.dll
0x00007ff81b5b0000 - 0x00007ff81b61a000 	C:\WINDOWS\system32\mswsock.dll
0x00007ffff1fe0000 - 0x00007ffff1ff3000 	C:\Program Files\Android\Android Studio\jre\jre\bin\nio.dll
0x00007fffe8630000 - 0x00007fffe8656000 	C:\Users\muhamadsyafii\.gradle\native\31\windows-amd64\native-platform.dll
0x00007ff817050000 - 0x00007ff81705d000 	C:\Program Files\Android\Android Studio\jre\jre\bin\management.dll
0x00007ff81b780000 - 0x00007ff81b798000 	C:\WINDOWS\SYSTEM32\CRYPTSP.dll
0x00007ff81af50000 - 0x00007ff81af84000 	C:\WINDOWS\system32\rsaenh.dll
0x00007ff81c720000 - 0x00007ff81c747000 	C:\WINDOWS\System32\bcrypt.dll
0x00007ff81bd90000 - 0x00007ff81bdbe000 	C:\WINDOWS\SYSTEM32\USERENV.dll
0x00007ff81c190000 - 0x00007ff81c210000 	C:\WINDOWS\System32\bcryptprimitives.dll
0x00007ff81b7a0000 - 0x00007ff81b7ac000 	C:\WINDOWS\SYSTEM32\CRYPTBASE.dll
0x00007ff81b2a0000 - 0x00007ff81b2db000 	C:\WINDOWS\SYSTEM32\IPHLPAPI.DLL
0x00007ff81cd30000 - 0x00007ff81cd38000 	C:\WINDOWS\System32\NSI.dll
0x00007ff817880000 - 0x00007ff817897000 	C:\WINDOWS\SYSTEM32\dhcpcsvc6.DLL
0x00007ff8174d0000 - 0x00007ff8174ed000 	C:\WINDOWS\SYSTEM32\dhcpcsvc.DLL
0x00007ff81b2e0000 - 0x00007ff81b3ab000 	C:\WINDOWS\SYSTEM32\DNSAPI.dll

VM Arguments:
jvm_args: -Xmx2048m -Dfile.encoding=windows-1252 -Duser.country=US -Duser.language=en -Duser.variant 
java_command: org.gradle.launcher.daemon.bootstrap.GradleDaemon 6.1.1
java_class_path (initial): C:\Users\muhamadsyafii\.gradle\wrapper\dists\gradle-6.1.1-all\cfmwm155h49vnt3hynmlrsdst\gradle-6.1.1\lib\gradle-launcher-6.1.1.jar
Launcher Type: SUN_STANDARD

Environment Variables:
PATH=C:\Program Files (x86)\Common Files\Oracle\Java\javapath;C:\WINDOWS\system32;C:\WINDOWS;C:\WINDOWS\System32\Wbem;C:\WINDOWS\System32\WindowsPowerShell\v1.0\;C:\WINDOWS\System32\OpenSSH\;C:\Program Files (x86)\Intel\Intel(R) Management Engine Components\DAL;C:\Program Files\Intel\Intel(R) Management Engine Components\DAL;C:\Users\muhamadsyafii\AppData\Local\Microsoft\WindowsApps;C:\Users\muhamadsyafii\AppData\Local\Programs\Git\cmd;C:\Users\muhamadsyafii\AppData\Local\Programs\Microsoft VS Code\bin;
USERNAME=muhamadsyafii
OS=Windows_NT
PROCESSOR_IDENTIFIER=Intel64 Family 6 Model 142 Stepping 9, GenuineIntel



---------------  S Y S T E M  ---------------

OS: Windows 10.0 , 64 bit Build 19041 (10.0.19041.804)

CPU:total 4 (initial active 4) (2 cores per cpu, 2 threads per core) family 6 model 142 stepping 9, cmov, cx8, fxsr, mmx, sse, sse2, sse3, ssse3, sse4.1, sse4.2, popcnt, avx, avx2, aes, clmul, erms, rtm, 3dnowpref, lzcnt, ht, tsc, tscinvbit, bmi1, bmi2, adx

Memory: 4k page, physical 8270876k(190236k free), swap 16659484k(3396k free)

vm_info: OpenJDK 64-Bit Server VM (25.242-b01) for windows-amd64 JRE (1.8.0_242-release-1644-b01), built by "builder" with MS VC++ 10.0 (VS2010)

time: Wed Apr 14 11:27:19 2021
timezone: SE Asia Standard Time
elapsed time: 17 seconds (0d 0h 0m 17s)

