#
# There is insufficient memory for the Java Runtime Environment to continue.
# Native memory allocation (malloc) failed to allocate 732816 bytes for Chunk::new
# Possible reasons:
#   The system is out of physical RAM or swap space
#   The process is running with CompressedOops enabled, and the Java Heap may be blocking the growth of the native heap
# Possible solutions:
#   Reduce memory load on the system
#   Increase physical memory or swap space
#   Check if swap backing store is full
#   Decrease Java heap size (-Xmx/-Xms)
#   Decrease number of Java threads
#   Decrease Java thread stack sizes (-Xss)
#   Set larger code cache with -XX:ReservedCodeCacheSize=
#   JVM is running with Unscaled Compressed Oops mode in which the Java heap is
#     placed in the first 4GB address space. The Java Heap base address is the
#     maximum limit for the native heap growth. Please use -XX:HeapBaseMinAddress
#     to set the Java Heap base and to place the Java Heap above 4GB virtual address.
# This output file may be truncated or incomplete.
#
#  Out of Memory Error (allocation.cpp:389), pid=6000, tid=0x0000000000003114
#
# JRE version: OpenJDK Runtime Environment (8.0_242-b01) (build 1.8.0_242-release-1644-b01)
# Java VM: OpenJDK 64-Bit Server VM (25.242-b01 mixed mode windows-amd64 compressed oops)
# Failed to write core dump. Minidumps are not enabled by default on client versions of Windows
#

---------------  T H R E A D  ---------------

Current thread (0x000000001714a000):  JavaThread "C2 CompilerThread1" daemon [_thread_in_native, id=12564, stack(0x00000000188b0000,0x00000000189b0000)]

Stack: [0x00000000188b0000,0x00000000189b0000]
[error occurred during error reporting (printing stack bounds), id 0xc0000005]

Native frames: (J=compiled Java code, j=interpreted, Vv=VM code, C=native code)


Current CompileTask:
C2:  21298 5785       4       sun.reflect.generics.parser.SignatureParser::parsePackageNameAndSimpleClassTypeSignature (139 bytes)


---------------  P R O C E S S  ---------------

Java Threads: ( => current thread )
  0x000000001efff000 JavaThread "Cache worker for file content cache (D:\AndroidProject\Rnd\MOVApps\.gradle\6.1.1\fileContent)" [_thread_blocked, id=3932, stack(0x00000000246b0000,0x00000000247b0000)]
  0x000000001effe000 JavaThread "Cache worker for file content cache (C:\Users\muhamadsyafii\.gradle\caches\6.1.1\fileContent)" [_thread_blocked, id=12508, stack(0x00000000245b0000,0x00000000246b0000)]
  0x000000001eff6800 JavaThread "Memory manager" [_thread_blocked, id=7608, stack(0x0000000022af0000,0x0000000022bf0000)]
  0x000000001eff9800 JavaThread "Cache worker for Build Output Cleanup Cache (D:\AndroidProject\Rnd\MOVApps\.gradle\buildOutputCleanup)" [_thread_blocked, id=892, stack(0x0000000022380000,0x0000000022480000)]
  0x000000001effc800 JavaThread "Build operations Thread 4" [_thread_blocked, id=12788, stack(0x00000000229f0000,0x0000000022af0000)]
  0x000000001effb000 JavaThread "Build operations Thread 3" [_thread_blocked, id=2828, stack(0x00000000228f0000,0x00000000229f0000)]
  0x000000001effa800 JavaThread "Build operations Thread 2" [_thread_blocked, id=4116, stack(0x00000000227f0000,0x00000000228f0000)]
  0x000000001eff7800 JavaThread "Build operations" [_thread_blocked, id=8784, stack(0x00000000226f0000,0x00000000227f0000)]
  0x000000001ac32800 JavaThread "Cache worker for execution history cache (C:\Users\muhamadsyafii\.gradle\caches\6.1.1\executionHistory)" [_thread_blocked, id=7212, stack(0x00000000205b0000,0x00000000206b0000)]
  0x000000001ac2f800 JavaThread "Cache worker for cache directory md-rule (C:\Users\muhamadsyafii\.gradle\caches\6.1.1\md-rule)" [_thread_blocked, id=1988, stack(0x000000001f470000,0x000000001f570000)]
  0x000000001ac31800 JavaThread "Cache worker for cache directory md-supplier (C:\Users\muhamadsyafii\.gradle\caches\6.1.1\md-supplier)" [_thread_blocked, id=13116, stack(0x000000001f370000,0x000000001f470000)]
  0x000000001ac31000 JavaThread "Cache worker for file hash cache (D:\AndroidProject\Rnd\MOVApps\.gradle\6.1.1\fileHashes)" [_thread_blocked, id=10704, stack(0x0000000020ab0000,0x0000000020bb0000)]
  0x000000001ac34800 JavaThread "Cache worker for checksums cache (D:\AndroidProject\Rnd\MOVApps\.gradle\checksums)" [_thread_blocked, id=4060, stack(0x00000000209b0000,0x0000000020ab0000)]
  0x000000001ac36000 JavaThread "Cache worker for file hash cache (C:\Users\muhamadsyafii\.gradle\caches\6.1.1\fileHashes)" [_thread_blocked, id=4420, stack(0x000000001ced0000,0x000000001cfd0000)]
  0x000000001ac35800 JavaThread "File lock request listener" [_thread_in_native, id=3584, stack(0x000000001cdd0000,0x000000001ced0000)]
  0x000000001ac2e800 JavaThread "Cache worker for journal cache (C:\Users\muhamadsyafii\.gradle\caches\journal-1)" [_thread_blocked, id=10088, stack(0x000000001ccd0000,0x000000001cdd0000)]
  0x000000001ab64800 JavaThread "Thread-9" [_thread_blocked, id=11828, stack(0x000000001c9d0000,0x000000001cad0000)]
  0x000000001ab2d000 JavaThread "Stdin handler" [_thread_blocked, id=8564, stack(0x000000001c8d0000,0x000000001c9d0000)]
  0x000000001ab6c800 JavaThread "Asynchronous log dispatcher for DefaultDaemonConnection: socket connection from /127.0.0.1:51490 to /127.0.0.1:51491" [_thread_blocked, id=11452, stack(0x000000001c7d0000,0x000000001c8d0000)]
  0x000000001ab2b800 JavaThread "Daemon worker" [_thread_in_native, id=12976, stack(0x000000001c6d0000,0x000000001c7d0000)]
  0x000000001ab70000 JavaThread "Cancel handler" [_thread_blocked, id=5872, stack(0x000000001c5d0000,0x000000001c6d0000)]
  0x000000001aac4000 JavaThread "Handler for socket connection from /127.0.0.1:51490 to /127.0.0.1:51491" [_thread_in_native, id=1204, stack(0x000000001c2d0000,0x000000001c3d0000)]
  0x000000001aaa9800 JavaThread "Daemon" [_thread_blocked, id=15712, stack(0x000000001c1d0000,0x000000001c2d0000)]
  0x000000001aa8f000 JavaThread "Daemon periodic checks" [_thread_blocked, id=14364, stack(0x000000001c0d0000,0x000000001c1d0000)]
  0x000000001aa8e000 JavaThread "Incoming local TCP Connector on port 51490" [_thread_in_native, id=16820, stack(0x000000001be90000,0x000000001bf90000)]
  0x00000000190f1800 JavaThread "Daemon health stats" [_thread_blocked, id=264, stack(0x000000001b850000,0x000000001b950000)]
  0x00000000189d0800 JavaThread "Service Thread" daemon [_thread_blocked, id=9436, stack(0x0000000018eb0000,0x0000000018fb0000)]
  0x00000000189b1000 JavaThread "C1 CompilerThread2" daemon [_thread_blocked, id=11332, stack(0x0000000018db0000,0x0000000018eb0000)]
=>0x000000001714a000 JavaThread "C2 CompilerThread1" daemon [_thread_in_native, id=12564, stack(0x00000000188b0000,0x00000000189b0000)]
  0x0000000017143800 JavaThread "C2 CompilerThread0" daemon [_thread_blocked, id=7932, stack(0x00000000187b0000,0x00000000188b0000)]
  0x0000000017142000 JavaThread "Attach Listener" daemon [_thread_blocked, id=13724, stack(0x00000000186b0000,0x00000000187b0000)]
  0x0000000017141000 JavaThread "Signal Dispatcher" daemon [_thread_blocked, id=16300, stack(0x00000000185b0000,0x00000000186b0000)]
  0x000000000251b000 JavaThread "Finalizer" daemon [_thread_blocked, id=10544, stack(0x00000000183b0000,0x00000000184b0000)]
  0x0000000017129000 JavaThread "Reference Handler" daemon [_thread_blocked, id=11324, stack(0x00000000182b0000,0x00000000183b0000)]
  0x000000000241e000 JavaThread "main" [_thread_blocked, id=14420, stack(0x0000000002270000,0x0000000002370000)]

Other Threads:
  0x0000000017106000 VMThread [stack: 0x00000000181b0000,0x00000000182b0000] [id=14948]
  0x00000000189d1000 WatcherThread [stack: 0x0000000018fb0000,0x00000000190b0000] [id=5236]

VM state:not at safepoint (normal execution)

VM Mutex/Monitor currently owned by a thread: None

heap address: 0x0000000080000000, size: 2048 MB, Compressed Oops mode: 32-bit
Narrow klass base: 0x0000000000000000, Narrow klass shift: 3
Compressed class space size: 1073741824 Address: 0x0000000100000000

Heap:
 PSYoungGen      total 272384K, used 50847K [0x00000000d5580000, 0x00000000e9400000, 0x0000000100000000)
  eden space 248320K, 20% used [0x00000000d5580000,0x00000000d8727c20,0x00000000e4800000)
  from space 24064K, 0% used [0x00000000e6000000,0x00000000e6000000,0x00000000e7780000)
  to   space 24576K, 0% used [0x00000000e4800000,0x00000000e4800000,0x00000000e6000000)
 ParOldGen       total 99328K, used 34858K [0x0000000080000000, 0x0000000086100000, 0x00000000d5580000)
  object space 99328K, 35% used [0x0000000080000000,0x000000008220a810,0x0000000086100000)
 Metaspace       used 60186K, capacity 62368K, committed 62616K, reserved 1103872K
  class space    used 8259K, capacity 8759K, committed 8880K, reserved 1048576K

Card table byte_map: [0x00000000118e0000,0x0000000011cf0000] byte_map_base: 0x00000000114e0000

Marking Bits: (ParMarkBitMap*) 0x0000000050aef030
 Begin Bits: [0x00000000123a0000, 0x00000000143a0000)
 End Bits:   [0x00000000143a0000, 0x00000000163a0000)

Polling page: 0x0000000002370000

CodeCache: size=245760Kb used=19361Kb max_used=19372Kb free=226399Kb
 bounds [0x0000000002520000, 0x0000000003820000, 0x0000000011520000]
 total_blobs=6152 nmethods=5369 adapters=696
 compilation: enabled

Compilation events (10 events):
Event: 21.266 Thread 0x00000000189b1000 nmethod 5797 0x000000000380cb10 code [0x000000000380cca0, 0x000000000380d030]
Event: 21.266 Thread 0x00000000189b1000 5798       3       com.google.common.collect.CompactHashMap$2::getOutput (13 bytes)
Event: 21.266 Thread 0x00000000189b1000 nmethod 5798 0x0000000003815090 code [0x0000000003815200, 0x0000000003815530]
Event: 21.266 Thread 0x00000000189b1000 5801       3       com.google.common.collect.RegularImmutableMap::get (64 bytes)
Event: 21.266 Thread 0x00000000189b1000 nmethod 5801 0x0000000003815750 code [0x0000000003815900, 0x0000000003816088]
Event: 21.266 Thread 0x00000000189b1000 5799       3       com.google.common.collect.CompactHashMap$MapEntry::<init> (25 bytes)
Event: 21.266 Thread 0x00000000189b1000 nmethod 5799 0x0000000003816310 code [0x0000000003816480, 0x00000000038166f0]
Event: 21.266 Thread 0x00000000189b1000 5800       3       com.google.common.collect.CompactHashMap::getSuccessor (18 bytes)
Event: 21.267 Thread 0x00000000189b1000 nmethod 5800 0x0000000003816890 code [0x00000000038169e0, 0x0000000003816b90]
Event: 21.267 Thread 0x0000000017143800 nmethod 5794 0x0000000003819ad0 code [0x0000000003819c20, 0x0000000003819ec8]

GC Heap History (10 events):
Event: 8.581 GC heap before
{Heap before GC invocations=11 (full 2):
 PSYoungGen      total 139776K, used 11747K [0x00000000d5580000, 0x00000000e2e00000, 0x0000000100000000)
  eden space 128000K, 0% used [0x00000000d5580000,0x00000000d5580000,0x00000000dd280000)
  from space 11776K, 99% used [0x00000000dd280000,0x00000000dddf8e30,0x00000000dde00000)
  to   space 13824K, 0% used [0x00000000e2080000,0x00000000e2080000,0x00000000e2e00000)
 ParOldGen       total 47104K, used 7513K [0x0000000080000000, 0x0000000082e00000, 0x00000000d5580000)
  object space 47104K, 15% used [0x0000000080000000,0x0000000080756468,0x0000000082e00000)
 Metaspace       used 34539K, capacity 35460K, committed 35496K, reserved 1079296K
  class space    used 4746K, capacity 5035K, committed 5040K, reserved 1048576K
Event: 8.682 GC heap after
Heap after GC invocations=11 (full 2):
 PSYoungGen      total 139776K, used 0K [0x00000000d5580000, 0x00000000e2e00000, 0x0000000100000000)
  eden space 128000K, 0% used [0x00000000d5580000,0x00000000d5580000,0x00000000dd280000)
  from space 11776K, 0% used [0x00000000dd280000,0x00000000dd280000,0x00000000dde00000)
  to   space 13824K, 0% used [0x00000000e2080000,0x00000000e2080000,0x00000000e2e00000)
 ParOldGen       total 68096K, used 18677K [0x0000000080000000, 0x0000000084280000, 0x00000000d5580000)
  object space 68096K, 27% used [0x0000000080000000,0x000000008123d430,0x0000000084280000)
 Metaspace       used 34539K, capacity 35460K, committed 35496K, reserved 1079296K
  class space    used 4746K, capacity 5035K, committed 5040K, reserved 1048576K
}
Event: 12.317 GC heap before
{Heap before GC invocations=12 (full 2):
 PSYoungGen      total 139776K, used 128000K [0x00000000d5580000, 0x00000000e2e00000, 0x0000000100000000)
  eden space 128000K, 100% used [0x00000000d5580000,0x00000000dd280000,0x00000000dd280000)
  from space 11776K, 0% used [0x00000000dd280000,0x00000000dd280000,0x00000000dde00000)
  to   space 13824K, 0% used [0x00000000e2080000,0x00000000e2080000,0x00000000e2e00000)
 ParOldGen       total 68096K, used 18677K [0x0000000080000000, 0x0000000084280000, 0x00000000d5580000)
  object space 68096K, 27% used [0x0000000080000000,0x000000008123d430,0x0000000084280000)
 Metaspace       used 44604K, capacity 46162K, committed 46376K, reserved 1089536K
  class space    used 6023K, capacity 6383K, committed 6448K, reserved 1048576K
Event: 12.343 GC heap after
Heap after GC invocations=12 (full 2):
 PSYoungGen      total 194048K, used 13810K [0x00000000d5580000, 0x00000000e2e00000, 0x0000000100000000)
  eden space 180224K, 0% used [0x00000000d5580000,0x00000000d5580000,0x00000000e0580000)
  from space 13824K, 99% used [0x00000000e2080000,0x00000000e2dfc800,0x00000000e2e00000)
  to   space 16384K, 0% used [0x00000000e0e00000,0x00000000e0e00000,0x00000000e1e00000)
 ParOldGen       total 68096K, used 21811K [0x0000000080000000, 0x0000000084280000, 0x00000000d5580000)
  object space 68096K, 32% used [0x0000000080000000,0x000000008154cf80,0x0000000084280000)
 Metaspace       used 44604K, capacity 46162K, committed 46376K, reserved 1089536K
  class space    used 6023K, capacity 6383K, committed 6448K, reserved 1048576K
}
Event: 18.711 GC heap before
{Heap before GC invocations=13 (full 2):
 PSYoungGen      total 194048K, used 194034K [0x00000000d5580000, 0x00000000e2e00000, 0x0000000100000000)
  eden space 180224K, 100% used [0x00000000d5580000,0x00000000e0580000,0x00000000e0580000)
  from space 13824K, 99% used [0x00000000e2080000,0x00000000e2dfc800,0x00000000e2e00000)
  to   space 16384K, 0% used [0x00000000e0e00000,0x00000000e0e00000,0x00000000e1e00000)
 ParOldGen       total 68096K, used 21811K [0x0000000080000000, 0x0000000084280000, 0x00000000d5580000)
  object space 68096K, 32% used [0x0000000080000000,0x000000008154cf80,0x0000000084280000)
 Metaspace       used 56797K, capacity 58774K, committed 58920K, reserved 1099776K
  class space    used 7694K, capacity 8212K, committed 8240K, reserved 1048576K
Event: 18.777 GC heap after
Heap after GC invocations=13 (full 2):
 PSYoungGen      total 205312K, used 16375K [0x00000000d5580000, 0x00000000e7780000, 0x0000000100000000)
  eden space 188928K, 0% used [0x00000000d5580000,0x00000000d5580000,0x00000000e0e00000)
  from space 16384K, 99% used [0x00000000e0e00000,0x00000000e1dfdc38,0x00000000e1e00000)
  to   space 24064K, 0% used [0x00000000e6000000,0x00000000e6000000,0x00000000e7780000)
 ParOldGen       total 68096K, used 35935K [0x0000000080000000, 0x0000000084280000, 0x00000000d5580000)
  object space 68096K, 52% used [0x0000000080000000,0x0000000082317d70,0x0000000084280000)
 Metaspace       used 56797K, capacity 58774K, committed 58920K, reserved 1099776K
  class space    used 7694K, capacity 8212K, committed 8240K, reserved 1048576K
}
Event: 18.991 GC heap before
{Heap before GC invocations=14 (full 2):
 PSYoungGen      total 205312K, used 23739K [0x00000000d5580000, 0x00000000e7780000, 0x0000000100000000)
  eden space 188928K, 3% used [0x00000000d5580000,0x00000000d5cb10f0,0x00000000e0e00000)
  from space 16384K, 99% used [0x00000000e0e00000,0x00000000e1dfdc38,0x00000000e1e00000)
  to   space 24064K, 0% used [0x00000000e6000000,0x00000000e6000000,0x00000000e7780000)
 ParOldGen       total 68096K, used 35935K [0x0000000080000000, 0x0000000084280000, 0x00000000d5580000)
  object space 68096K, 52% used [0x0000000080000000,0x0000000082317d70,0x0000000084280000)
 Metaspace       used 57083K, capacity 59124K, committed 59160K, reserved 1099776K
  class space    used 7737K, capacity 8217K, committed 8240K, reserved 1048576K
Event: 19.044 GC heap after
Heap after GC invocations=14 (full 2):
 PSYoungGen      total 272384K, used 736K [0x00000000d5580000, 0x00000000e9400000, 0x0000000100000000)
  eden space 248320K, 0% used [0x00000000d5580000,0x00000000d5580000,0x00000000e4800000)
  from space 24064K, 3% used [0x00000000e6000000,0x00000000e60b8000,0x00000000e7780000)
  to   space 24576K, 0% used [0x00000000e4800000,0x00000000e4800000,0x00000000e6000000)
 ParOldGen       total 68096K, used 47241K [0x0000000080000000, 0x0000000084280000, 0x00000000d5580000)
  object space 68096K, 69% used [0x0000000080000000,0x0000000082e22460,0x0000000084280000)
 Metaspace       used 57083K, capacity 59124K, committed 59160K, reserved 1099776K
  class space    used 7737K, capacity 8217K, committed 8240K, reserved 1048576K
}
Event: 19.044 GC heap before
{Heap before GC invocations=15 (full 3):
 PSYoungGen      total 272384K, used 736K [0x00000000d5580000, 0x00000000e9400000, 0x0000000100000000)
  eden space 248320K, 0% used [0x00000000d5580000,0x00000000d5580000,0x00000000e4800000)
  from space 24064K, 3% used [0x00000000e6000000,0x00000000e60b8000,0x00000000e7780000)
  to   space 24576K, 0% used [0x00000000e4800000,0x00000000e4800000,0x00000000e6000000)
 ParOldGen       total 68096K, used 47241K [0x0000000080000000, 0x0000000084280000, 0x00000000d5580000)
  object space 68096K, 69% used [0x0000000080000000,0x0000000082e22460,0x0000000084280000)
 Metaspace       used 57083K, capacity 59124K, committed 59160K, reserved 1099776K
  class space    used 7737K, capacity 8217K, committed 8240K, reserved 1048576K
Event: 19.404 GC heap after
Heap after GC invocations=15 (full 3):
 PSYoungGen      total 272384K, used 0K [0x00000000d5580000, 0x00000000e9400000, 0x0000000100000000)
  eden space 248320K, 0% used [0x00000000d5580000,0x00000000d5580000,0x00000000e4800000)
  from space 24064K, 0% used [0x00000000e6000000,0x00000000e6000000,0x00000000e7780000)
  to   space 24576K, 0% used [0x00000000e4800000,0x00000000e4800000,0x00000000e6000000)
 ParOldGen       total 99328K, used 34858K [0x0000000080000000, 0x0000000086100000, 0x00000000d5580000)
  object space 99328K, 35% used [0x0000000080000000,0x000000008220a810,0x0000000086100000)
 Metaspace       used 57078K, capacity 59106K, committed 59160K, reserved 1099776K
  class space    used 7735K, capacity 8214K, committed 8240K, reserved 1048576K
}

Deoptimization events (10 events):
Event: 19.589 Thread 0x000000001ab2b800 Uncommon trap: reason=array_check action=maybe_recompile pc=0x00000000028538f0 method=java.util.AbstractCollection.toArray([Ljava/lang/Object;)[Ljava/lang/Object; @ 119
Event: 19.589 Thread 0x000000001ab2b800 Uncommon trap: reason=array_check action=maybe_recompile pc=0x00000000028538f0 method=java.util.AbstractCollection.toArray([Ljava/lang/Object;)[Ljava/lang/Object; @ 119
Event: 19.750 Thread 0x000000001ab2b800 Uncommon trap: reason=bimorphic action=maybe_recompile pc=0x00000000033fdc44 method=java.util.regex.Pattern$5.isSatisfiedBy(I)Z @ 16
Event: 19.750 Thread 0x000000001ab2b800 Uncommon trap: reason=bimorphic action=maybe_recompile pc=0x00000000033fdc44 method=java.util.regex.Pattern$5.isSatisfiedBy(I)Z @ 16
Event: 19.750 Thread 0x000000001ab2b800 Uncommon trap: reason=bimorphic action=maybe_recompile pc=0x00000000033fdc44 method=java.util.regex.Pattern$5.isSatisfiedBy(I)Z @ 16
Event: 19.750 Thread 0x000000001ab2b800 Uncommon trap: reason=bimorphic action=maybe_recompile pc=0x00000000033fdc44 method=java.util.regex.Pattern$5.isSatisfiedBy(I)Z @ 16
Event: 20.850 Thread 0x000000001ab2b800 Uncommon trap: reason=unstable_if action=reinterpret pc=0x0000000002b20fe8 method=java.util.regex.Pattern$BmpCharProperty.match(Ljava/util/regex/Matcher;ILjava/lang/CharSequence;)Z @ 34
Event: 20.881 Thread 0x000000001ab2b800 Uncommon trap: reason=unstable_if action=reinterpret pc=0x00000000029783a4 method=com.sun.org.apache.xerces.internal.impl.XMLEntityScanner.scanLiteral(ILcom/sun/org/apache/xerces/internal/xni/XMLString;Z)I @ 660
Event: 20.913 Thread 0x000000001ab2b800 Uncommon trap: reason=unstable_if action=reinterpret pc=0x00000000031e13c8 method=java.lang.CharacterDataLatin1.digit(II)I @ 31
Event: 20.993 Thread 0x000000001ab2b800 Uncommon trap: reason=unstable_if action=reinterpret pc=0x00000000034338dc method=java.lang.CharacterDataLatin1.digit(II)I @ 31

Classes redefined (0 events):
No events

Internal exceptions (10 events):
Event: 18.671 Thread 0x000000001ab2b800 Exception <a 'java/lang/ClassNotFoundException': org/gradle/api/internal/artifacts/configurations/DefaultConfiguration_DecoratedCustomizer> (0x00000000e02993b0) thrown at [C:\src\AOSP-openjdk-git\hotspot\src\share\vm\classfile\systemDictionary.cpp, line 2
Event: 18.679 Thread 0x000000001ab2b800 Implicit null exception at 0x00000000036d28b3 to 0x00000000036d2d6d
Event: 18.686 Thread 0x000000001ab2b800 Exception <a 'java/lang/ClassNotFoundException': org/codehaus/groovy/runtime/MethodClosureBeanInfo> (0x00000000e0388e30) thrown at [C:\src\AOSP-openjdk-git\hotspot\src\share\vm\classfile\systemDictionary.cpp, line 210]
Event: 18.687 Thread 0x000000001ab2b800 Exception <a 'java/lang/ClassNotFoundException': org/codehaus/groovy/runtime/MethodClosureCustomizer> (0x00000000e03a3330) thrown at [C:\src\AOSP-openjdk-git\hotspot\src\share\vm\classfile\systemDictionary.cpp, line 210]
Event: 18.695 Thread 0x000000001ab2b800 Exception <a 'java/lang/ClassNotFoundException': org/gradle/api/internal/artifacts/configurations/DefaultConfiguration$ConfigurationResolvableDependencies_DecoratedBeanInfo> (0x00000000e04307b8) thrown at [C:\src\AOSP-openjdk-git\hotspot\src\share\vm\clas
Event: 18.697 Thread 0x000000001ab2b800 Exception <a 'java/lang/ClassNotFoundException': org/gradle/api/internal/artifacts/configurations/DefaultConfiguration$ConfigurationResolvableDependenciesBeanInfo> (0x00000000e047d900) thrown at [C:\src\AOSP-openjdk-git\hotspot\src\share\vm\classfile\syst
Event: 18.700 Thread 0x000000001ab2b800 Exception <a 'java/lang/ClassNotFoundException': org/gradle/api/internal/artifacts/configurations/DefaultConfiguration$ConfigurationResolvableDependenciesCustomizer> (0x00000000e04ccbb0) thrown at [C:\src\AOSP-openjdk-git\hotspot\src\share\vm\classfile\sy
Event: 18.705 Thread 0x000000001ab2b800 Exception <a 'java/lang/ClassNotFoundException': org/gradle/api/internal/artifacts/configurations/DefaultConfiguration$ConfigurationResolvableDependencies_DecoratedCustomizer> (0x00000000e05367d8) thrown at [C:\src\AOSP-openjdk-git\hotspot\src\share\vm\cl
Event: 19.842 Thread 0x000000001ab2b800 Exception <a 'java/lang/ClassNotFoundException': com/sun/org/glassfish/hk2/osgiresourcelocator/ServiceLoader> (0x00000000d674a2c8) thrown at [C:\src\AOSP-openjdk-git\hotspot\src\share\vm\classfile\systemDictionary.cpp, line 210]
Event: 19.998 Thread 0x000000001ab2b800 Exception <a 'java/lang/NullPointerException'> (0x00000000d6dd66e0) thrown at [C:\src\AOSP-openjdk-git\hotspot\src\share\vm\interpreter\linkResolver.cpp, line 1287]

Events (10 events):
Event: 21.193 loading class com/android/build/gradle/internal/scope/InternalArtifactType$FEATURE_DATA_BINDING_BASE_FEATURE_INFO
Event: 21.193 loading class com/android/build/gradle/internal/scope/InternalArtifactType$FEATURE_DATA_BINDING_BASE_FEATURE_INFO done
Event: 21.193 loading class com/android/build/gradle/internal/scope/InternalArtifactType$FEATURE_DATA_BINDING_FEATURE_INFO
Event: 21.193 loading class com/android/build/gradle/internal/scope/InternalArtifactType$FEATURE_DATA_BINDING_FEATURE_INFO done
Event: 21.194 loading class org/gradle/api/internal/artifacts/publish/DefaultPublishArtifact
Event: 21.194 loading class org/gradle/api/internal/artifacts/publish/DefaultPublishArtifact done
Event: 21.215 loading class com/android/build/gradle/internal/tasks/featuresplit/FeatureSetMetadata
Event: 21.215 loading class com/android/build/gradle/internal/tasks/featuresplit/FeatureSetMetadata done
Event: 21.266 loading class com/android/build/gradle/internal/res/LinkingTaskInputAaptOptions
Event: 21.266 loading class com/android/build/gradle/internal/res/LinkingTaskInputAaptOptions done


Dynamic libraries:
0x00007ff6b6e00000 - 0x00007ff6b6e31000 	C:\Program Files\Android\Android Studio\jre\bin\java.exe
0x00007ffe0ba10000 - 0x00007ffe0bc05000 	C:\WINDOWS\SYSTEM32\ntdll.dll
0x00007ffe0b0c0000 - 0x00007ffe0b17d000 	C:\WINDOWS\System32\KERNEL32.DLL
0x00007ffe09180000 - 0x00007ffe09448000 	C:\WINDOWS\System32\KERNELBASE.dll
0x00007ffe0b920000 - 0x00007ffe0b9cc000 	C:\WINDOWS\System32\ADVAPI32.dll
0x00007ffe09b40000 - 0x00007ffe09bde000 	C:\WINDOWS\System32\msvcrt.dll
0x00007ffe09d10000 - 0x00007ffe09dab000 	C:\WINDOWS\System32\sechost.dll
0x00007ffe0b6e0000 - 0x00007ffe0b80b000 	C:\WINDOWS\System32\RPCRT4.dll
0x00007ffe0af10000 - 0x00007ffe0b0b0000 	C:\WINDOWS\System32\USER32.dll
0x00007ffe09550000 - 0x00007ffe09572000 	C:\WINDOWS\System32\win32u.dll
0x00007ffe09e00000 - 0x00007ffe09e2a000 	C:\WINDOWS\System32\GDI32.dll
0x00007ffe09760000 - 0x00007ffe0986b000 	C:\WINDOWS\System32\gdi32full.dll
0x00007ffe099d0000 - 0x00007ffe09a6d000 	C:\WINDOWS\System32\msvcp_win.dll
0x00007ffe098d0000 - 0x00007ffe099d0000 	C:\WINDOWS\System32\ucrtbase.dll
0x00007ffdfd320000 - 0x00007ffdfd5ba000 	C:\WINDOWS\WinSxS\amd64_microsoft.windows.common-controls_6595b64144ccf1df_6.0.19041.844_none_ca00b6081b84eb1d\COMCTL32.dll
0x00007ffe09dd0000 - 0x00007ffe09e00000 	C:\WINDOWS\System32\IMM32.DLL
0x0000000050160000 - 0x0000000050232000 	C:\Program Files\Android\Android Studio\jre\jre\bin\msvcr100.dll
0x0000000050320000 - 0x0000000050b6b000 	C:\Program Files\Android\Android Studio\jre\jre\bin\server\jvm.dll
0x00007ffe0b0b0000 - 0x00007ffe0b0b8000 	C:\WINDOWS\System32\PSAPI.DLL
0x00007ffe00890000 - 0x00007ffe008b7000 	C:\WINDOWS\SYSTEM32\WINMM.dll
0x00007ffdfb960000 - 0x00007ffdfb969000 	C:\WINDOWS\SYSTEM32\WSOCK32.dll
0x00007ffe01b90000 - 0x00007ffe01b9a000 	C:\WINDOWS\SYSTEM32\VERSION.dll
0x00007ffe0ac10000 - 0x00007ffe0ac7b000 	C:\WINDOWS\System32\WS2_32.dll
0x00007ffe03750000 - 0x00007ffe0375f000 	C:\Program Files\Android\Android Studio\jre\jre\bin\verify.dll
0x00007ffdff200000 - 0x00007ffdff229000 	C:\Program Files\Android\Android Studio\jre\jre\bin\java.dll
0x00007ffdff1e0000 - 0x00007ffdff1f6000 	C:\Program Files\Android\Android Studio\jre\jre\bin\zip.dll
0x00007ffe09f90000 - 0x00007ffe0a6d2000 	C:\WINDOWS\System32\SHELL32.dll
0x00007ffe06f80000 - 0x00007ffe07711000 	C:\WINDOWS\SYSTEM32\windows.storage.dll
0x00007ffe0b180000 - 0x00007ffe0b4d5000 	C:\WINDOWS\System32\combase.dll
0x00007ffe08af0000 - 0x00007ffe08b1c000 	C:\WINDOWS\SYSTEM32\Wldp.dll
0x00007ffe0b870000 - 0x00007ffe0b91e000 	C:\WINDOWS\System32\SHCORE.dll
0x00007ffe0b810000 - 0x00007ffe0b865000 	C:\WINDOWS\System32\shlwapi.dll
0x00007ffe09090000 - 0x00007ffe090af000 	C:\WINDOWS\SYSTEM32\profapi.dll
0x00007ffdf8730000 - 0x00007ffdf874a000 	C:\Program Files\Android\Android Studio\jre\jre\bin\net.dll
0x00007ffe08860000 - 0x00007ffe088ca000 	C:\WINDOWS\system32\mswsock.dll
0x00007ffdf5920000 - 0x00007ffdf5933000 	C:\Program Files\Android\Android Studio\jre\jre\bin\nio.dll
0x00007ffdb2240000 - 0x00007ffdb2266000 	C:\Users\muhamadsyafii\.gradle\native\31\windows-amd64\native-platform.dll
0x00007ffdff410000 - 0x00007ffdff41d000 	C:\Program Files\Android\Android Studio\jre\jre\bin\management.dll
0x00007ffe08a30000 - 0x00007ffe08a48000 	C:\WINDOWS\SYSTEM32\CRYPTSP.dll
0x00007ffe08200000 - 0x00007ffe08234000 	C:\WINDOWS\system32\rsaenh.dll
0x00007ffe09150000 - 0x00007ffe09177000 	C:\WINDOWS\System32\bcrypt.dll
0x00007ffe09050000 - 0x00007ffe0907e000 	C:\WINDOWS\SYSTEM32\USERENV.dll
0x00007ffe096e0000 - 0x00007ffe09760000 	C:\WINDOWS\System32\bcryptprimitives.dll
0x00007ffe08a50000 - 0x00007ffe08a5c000 	C:\WINDOWS\SYSTEM32\CRYPTBASE.dll
0x00007ffe08550000 - 0x00007ffe0858b000 	C:\WINDOWS\SYSTEM32\IPHLPAPI.DLL
0x00007ffe09f20000 - 0x00007ffe09f28000 	C:\WINDOWS\System32\NSI.dll
0x00007ffe03ef0000 - 0x00007ffe03f07000 	C:\WINDOWS\SYSTEM32\dhcpcsvc6.DLL
0x00007ffe03e60000 - 0x00007ffe03e7d000 	C:\WINDOWS\SYSTEM32\dhcpcsvc.DLL
0x00007ffe08590000 - 0x00007ffe0865c000 	C:\WINDOWS\SYSTEM32\DNSAPI.dll

VM Arguments:
jvm_args: -Xmx2048m -Dfile.encoding=windows-1252 -Duser.country=US -Duser.language=en -Duser.variant 
java_command: org.gradle.launcher.daemon.bootstrap.GradleDaemon 6.1.1
java_class_path (initial): C:\Users\muhamadsyafii\.gradle\wrapper\dists\gradle-6.1.1-all\cfmwm155h49vnt3hynmlrsdst\gradle-6.1.1\lib\gradle-launcher-6.1.1.jar
Launcher Type: SUN_STANDARD

Environment Variables:
PATH=C:\Program Files (x86)\Common Files\Oracle\Java\javapath;C:\WINDOWS\system32;C:\WINDOWS;C:\WINDOWS\System32\Wbem;C:\WINDOWS\System32\WindowsPowerShell\v1.0\;C:\WINDOWS\System32\OpenSSH\;C:\Program Files (x86)\Intel\Intel(R) Management Engine Components\DAL;C:\Program Files\Intel\Intel(R) Management Engine Components\DAL;C:\Users\muhamadsyafii\AppData\Local\Microsoft\WindowsApps;C:\Users\muhamadsyafii\AppData\Local\Programs\Git\cmd;C:\Users\muhamadsyafii\AppData\Local\Programs\Microsoft VS Code\bin;
USERNAME=muhamadsyafii
OS=Windows_NT
PROCESSOR_IDENTIFIER=Intel64 Family 6 Model 142 Stepping 9, GenuineIntel



---------------  S Y S T E M  ---------------

OS: Windows 10.0 , 64 bit Build 19041 (10.0.19041.928)

CPU:total 4 (initial active 4) (2 cores per cpu, 2 threads per core) family 6 model 142 stepping 9, cmov, cx8, fxsr, mmx, sse, sse2, sse3, ssse3, sse4.1, sse4.2, popcnt, avx, avx2, aes, clmul, erms, rtm, 3dnowpref, lzcnt, ht, tsc, tscinvbit, bmi1, bmi2, adx

Memory: 4k page, physical 8270876k(449536k free), swap 16659484k(4948k free)

vm_info: OpenJDK 64-Bit Server VM (25.242-b01) for windows-amd64 JRE (1.8.0_242-release-1644-b01), built by "builder" with MS VC++ 10.0 (VS2010)

time: Tue Apr 20 15:32:49 2021
timezone: SE Asia Standard Time
elapsed time: 21 seconds (0d 0h 0m 21s)

