#
# There is insufficient memory for the Java Runtime Environment to continue.
# Native memory allocation (malloc) failed to allocate 1367216 bytes for Chunk::new
# Possible reasons:
#   The system is out of physical RAM or swap space
#   The process is running with CompressedOops enabled, and the Java Heap may be blocking the growth of the native heap
# Possible solutions:
#   Reduce memory load on the system
#   Increase physical memory or swap space
#   Check if swap backing store is full
#   Decrease Java heap size (-Xmx/-Xms)
#   Decrease number of Java threads
#   Decrease Java thread stack sizes (-Xss)
#   Set larger code cache with -XX:ReservedCodeCacheSize=
#   JVM is running with Unscaled Compressed Oops mode in which the Java heap is
#     placed in the first 4GB address space. The Java Heap base address is the
#     maximum limit for the native heap growth. Please use -XX:HeapBaseMinAddress
#     to set the Java Heap base and to place the Java Heap above 4GB virtual address.
# This output file may be truncated or incomplete.
#
#  Out of Memory Error (allocation.cpp:389), pid=9408, tid=0x0000000000000140
#
# JRE version: OpenJDK Runtime Environment (8.0_242-b01) (build 1.8.0_242-release-1644-b01)
# Java VM: OpenJDK 64-Bit Server VM (25.242-b01 mixed mode windows-amd64 compressed oops)
# Failed to write core dump. Minidumps are not enabled by default on client versions of Windows
#

---------------  T H R E A D  ---------------

Current thread (0x0000000017cf4000):  JavaThread "C2 CompilerThread0" daemon [_thread_in_native, id=320, stack(0x0000000019350000,0x0000000019450000)]

Stack: [0x0000000019350000,0x0000000019450000]
[error occurred during error reporting (printing stack bounds), id 0xc0000005]

Native frames: (J=compiled Java code, j=interpreted, Vv=VM code, C=native code)


Current CompileTask:
C2: 358598 21829       4       org.gradle.cache.internal.DefaultCacheAccess$UnitOfWorkFileAccess::writeFile (14 bytes)


---------------  P R O C E S S  ---------------

Java Threads: ( => current thread )
  0x000000001e023800 JavaThread "Build operations Thread 4" [_thread_blocked, id=10936, stack(0x0000000023f10000,0x0000000024010000)]
  0x000000001e028000 JavaThread "Build operations Thread 3" [_thread_blocked, id=13996, stack(0x00000000227b0000,0x00000000228b0000)]
  0x000000001e021000 JavaThread "Build operations Thread 2" [_thread_blocked, id=9392, stack(0x00000000226b0000,0x00000000227b0000)]
  0x000000001e025000 JavaThread "Build operations" [_thread_blocked, id=11628, stack(0x0000000022310000,0x0000000022410000)]
  0x000000001e020800 JavaThread "Cache worker for cache directory md-rule (C:\Users\muhamadsyafii\.gradle\caches\6.1.1\md-rule)" [_thread_blocked, id=8272, stack(0x00000000217b0000,0x00000000218b0000)]
  0x00000000208a5000 JavaThread "Cache worker for cache directory md-supplier (C:\Users\muhamadsyafii\.gradle\caches\6.1.1\md-supplier)" [_thread_blocked, id=8580, stack(0x00000000216b0000,0x00000000217b0000)]
  0x00000000208a3800 JavaThread "Cache worker for file hash cache (D:\AndroidProject\Rnd\MOVApps\.gradle\6.1.1\fileHashes)" [_thread_blocked, id=12056, stack(0x00000000215b0000,0x00000000216b0000)]
  0x00000000208a3000 JavaThread "Cache worker for checksums cache (D:\AndroidProject\Rnd\MOVApps\.gradle\checksums)" [_thread_blocked, id=4492, stack(0x0000000020180000,0x0000000020280000)]
  0x00000000208a1800 JavaThread "Thread-81" [_thread_blocked, id=16892, stack(0x000000001fe80000,0x000000001ff80000)]
  0x00000000208a0800 JavaThread "Stdin handler" [_thread_blocked, id=10860, stack(0x000000001db70000,0x000000001dc70000)]
  0x00000000208a2000 JavaThread "Asynchronous log dispatcher for DefaultDaemonConnection: socket connection from /127.0.0.1:51840 to /127.0.0.1:52278" [_thread_blocked, id=12160, stack(0x000000001d570000,0x000000001d670000)]
  0x0000000020897800 JavaThread "Daemon worker Thread 2" [_thread_in_Java, id=13540, stack(0x000000001d270000,0x000000001d370000)]
  0x000000002089a800 JavaThread "Cancel handler" [_thread_blocked, id=2448, stack(0x000000001d170000,0x000000001d270000)]
  0x000000002089d800 JavaThread "Handler for socket connection from /127.0.0.1:51840 to /127.0.0.1:52278" [_thread_in_native, id=9552, stack(0x000000001ce70000,0x000000001cf70000)]
  0x000000002089e800 JavaThread "Daemon Thread 2" [_thread_blocked, id=12396, stack(0x000000001cd70000,0x000000001ce70000)]
  0x0000000020896000 JavaThread "RMI TCP Connection(2)-127.0.0.1" daemon [_thread_in_native, id=17148, stack(0x0000000001300000,0x0000000001400000)]
  0x000000001e53d000 JavaThread "Cache worker for Java compile cache (C:\Users\muhamadsyafii\.gradle\caches\6.1.1\javaCompile)" [_thread_blocked, id=4100, stack(0x0000000029160000,0x0000000029260000)]
  0x000000001e540000 JavaThread "RMI Reaper" [_thread_blocked, id=16576, stack(0x0000000028f60000,0x0000000029060000)]
  0x000000002089f000 JavaThread "RMI TCP Accept-0" daemon [_thread_in_native, id=11096, stack(0x0000000028e60000,0x0000000028f60000)]
  0x000000002089b800 JavaThread "GC Daemon" daemon [_thread_blocked, id=16508, stack(0x0000000028b60000,0x0000000028c60000)]
  0x0000000022f28000 JavaThread "RMI Scheduler(0)" daemon [_thread_blocked, id=6800, stack(0x0000000028710000,0x0000000028810000)]
  0x000000001bb0b800 JavaThread "Cache worker for file content cache (C:\Users\muhamadsyafii\.gradle\caches\6.1.1\fileContent)" [_thread_blocked, id=13232, stack(0x0000000025210000,0x0000000025310000)]
  0x000000001bb0d800 JavaThread "Memory manager" [_thread_blocked, id=14716, stack(0x0000000024f10000,0x0000000025010000)]
  0x000000001bb07800 JavaThread "Cache worker for execution history cache (C:\Users\muhamadsyafii\.gradle\caches\6.1.1\executionHistory)" [_thread_blocked, id=11452, stack(0x00000000212b0000,0x00000000213b0000)]
  0x000000001bb0a000 JavaThread "Cache worker for file hash cache (C:\Users\muhamadsyafii\.gradle\caches\6.1.1\fileHashes)" [_thread_blocked, id=16188, stack(0x000000001da70000,0x000000001db70000)]
  0x000000001bb0d000 JavaThread "File lock request listener" [_thread_in_native, id=7032, stack(0x000000001d970000,0x000000001da70000)]
  0x000000001b990000 JavaThread "Cache worker for journal cache (C:\Users\muhamadsyafii\.gradle\caches\journal-1)" [_thread_blocked, id=12884, stack(0x000000001d870000,0x000000001d970000)]
  0x000000001b80b000 JavaThread "Daemon periodic checks" [_thread_blocked, id=2108, stack(0x000000001cc70000,0x000000001cd70000)]
  0x000000001b80f000 JavaThread "Incoming local TCP Connector on port 51840" [_thread_in_native, id=8824, stack(0x000000001ca30000,0x000000001cb30000)]
  0x000000001b7e0800 JavaThread "Daemon health stats" [_thread_blocked, id=9880, stack(0x000000001c3f0000,0x000000001c4f0000)]
  0x0000000019680800 JavaThread "Service Thread" daemon [_thread_blocked, id=2600, stack(0x0000000019a50000,0x0000000019b50000)]
  0x0000000017d08000 JavaThread "C1 CompilerThread2" daemon [_thread_blocked, id=14592, stack(0x0000000019550000,0x0000000019650000)]
  0x0000000017cfa000 JavaThread "C2 CompilerThread1" daemon [_thread_in_native, id=14836, stack(0x0000000019450000,0x0000000019550000)]
=>0x0000000017cf4000 JavaThread "C2 CompilerThread0" daemon [_thread_in_native, id=320, stack(0x0000000019350000,0x0000000019450000)]
  0x0000000017cf2800 JavaThread "Attach Listener" daemon [_thread_blocked, id=9896, stack(0x0000000019250000,0x0000000019350000)]
  0x0000000017cf1800 JavaThread "Signal Dispatcher" daemon [_thread_blocked, id=6672, stack(0x0000000019150000,0x0000000019250000)]
  0x000000000309c000 JavaThread "Finalizer" daemon [_thread_blocked, id=8280, stack(0x0000000018f50000,0x0000000019050000)]
  0x0000000017cd9000 JavaThread "Reference Handler" daemon [_thread_blocked, id=12520, stack(0x0000000018e50000,0x0000000018f50000)]
  0x0000000002f9e000 JavaThread "main" [_thread_blocked, id=9692, stack(0x0000000002e40000,0x0000000002f40000)]

Other Threads:
  0x0000000017cb6000 VMThread [stack: 0x0000000018d50000,0x0000000018e50000] [id=12656]
  0x0000000017d4d800 WatcherThread [stack: 0x0000000019b50000,0x0000000019c50000] [id=7296]

VM state:not at safepoint (normal execution)

VM Mutex/Monitor currently owned by a thread: None

heap address: 0x0000000080000000, size: 2048 MB, Compressed Oops mode: 32-bit
Narrow klass base: 0x0000000000000000, Narrow klass shift: 3
Compressed class space size: 1073741824 Address: 0x0000000100000000

Heap:
 PSYoungGen      total 625152K, used 602985K [0x00000000d5580000, 0x0000000100000000, 0x0000000100000000)
  eden space 571392K, 96% used [0x00000000d5580000,0x00000000f6ddbb70,0x00000000f8380000)
  from space 53760K, 99% used [0x00000000f8380000,0x00000000fb7febc0,0x00000000fb800000)
  to   space 73728K, 0% used [0x00000000fb800000,0x00000000fb800000,0x0000000100000000)
 ParOldGen       total 268288K, used 166672K [0x0000000080000000, 0x0000000090600000, 0x00000000d5580000)
  object space 268288K, 62% used [0x0000000080000000,0x000000008a2c4390,0x0000000090600000)
 Metaspace       used 102203K, capacity 106811K, committed 107048K, reserved 1142784K
  class space    used 13131K, capacity 14027K, committed 14144K, reserved 1048576K

Card table byte_map: [0x0000000012460000,0x0000000012870000] byte_map_base: 0x0000000012060000

Marking Bits: (ParMarkBitMap*) 0x0000000050aef030
 Begin Bits: [0x0000000012f20000, 0x0000000014f20000)
 End Bits:   [0x0000000014f20000, 0x0000000016f20000)

Polling page: 0x0000000002f40000

CodeCache: size=245760Kb used=58163Kb max_used=58854Kb free=187596Kb
 bounds [0x00000000030a0000, 0x0000000006a60000, 0x00000000120a0000]
 total_blobs=18251 nmethods=17309 adapters=853
 compilation: enabled

Compilation events (10 events):
Event: 358.422 Thread 0x0000000017d08000 21847       1       org.gradle.internal.action.DefaultConfigurableRule::isCacheable (5 bytes)
Event: 358.422 Thread 0x0000000017d08000 nmethod 21847 0x0000000004b65e50 code [0x0000000004b65fa0, 0x0000000004b660b0]
Event: 358.423 Thread 0x0000000017d08000 21848       1       org.gradle.launcher.daemon.server.exec.DaemonConnectionBackedEventConsumer::access$200 (5 bytes)
Event: 358.424 Thread 0x0000000017d08000 nmethod 21848 0x0000000003b6ff50 code [0x0000000003b700a0, 0x0000000003b70190]
Event: 358.424 Thread 0x0000000017d08000 21849       1       org.gradle.launcher.daemon.protocol.BuildEvent::getPayload (5 bytes)
Event: 358.424 Thread 0x0000000017d08000 nmethod 21849 0x0000000003e36010 code [0x0000000003e36160, 0x0000000003e36270]
Event: 358.515 Thread 0x0000000017d08000 21851       1       org.gradle.api.internal.plugins.DefaultPluginManager::access$500 (5 bytes)
Event: 358.517 Thread 0x0000000017d08000 nmethod 21851 0x0000000004256b90 code [0x0000000004256ce0, 0x0000000004256dd0]
Event: 358.582 Thread 0x0000000017d08000 21852       3       com.google.common.reflect.TypeToken::someRawTypeIsSubclassOf (42 bytes)
Event: 358.585 Thread 0x0000000017d08000 nmethod 21852 0x00000000040de990 code [0x00000000040dec00, 0x00000000040dfc88]

GC Heap History (10 events):
Event: 34.071 GC heap before
{Heap before GC invocations=13 (full 3):
 PSYoungGen      total 419840K, used 394752K [0x00000000d5580000, 0x00000000f7a00000, 0x0000000100000000)
  eden space 394752K, 100% used [0x00000000d5580000,0x00000000ed700000,0x00000000ed700000)
  from space 25088K, 0% used [0x00000000ed700000,0x00000000ed700000,0x00000000eef80000)
  to   space 28160K, 0% used [0x00000000f5e80000,0x00000000f5e80000,0x00000000f7a00000)
 ParOldGen       total 128000K, used 36472K [0x0000000080000000, 0x0000000087d00000, 0x00000000d5580000)
  object space 128000K, 28% used [0x0000000080000000,0x000000008239e3e8,0x0000000087d00000)
 Metaspace       used 69756K, capacity 72535K, committed 72600K, reserved 1112064K
  class space    used 9264K, capacity 9849K, committed 9904K, reserved 1048576K
Event: 34.120 GC heap after
Heap after GC invocations=13 (full 3):
 PSYoungGen      total 517632K, used 28152K [0x00000000d5580000, 0x00000000f7a00000, 0x0000000100000000)
  eden space 489472K, 0% used [0x00000000d5580000,0x00000000d5580000,0x00000000f3380000)
  from space 28160K, 99% used [0x00000000f5e80000,0x00000000f79fe310,0x00000000f7a00000)
  to   space 33792K, 0% used [0x00000000f3800000,0x00000000f3800000,0x00000000f5900000)
 ParOldGen       total 128000K, used 40702K [0x0000000080000000, 0x0000000087d00000, 0x00000000d5580000)
  object space 128000K, 31% used [0x0000000080000000,0x00000000827bfbe0,0x0000000087d00000)
 Metaspace       used 69756K, capacity 72535K, committed 72600K, reserved 1112064K
  class space    used 9264K, capacity 9849K, committed 9904K, reserved 1048576K
}
Event: 40.829 GC heap before
{Heap before GC invocations=14 (full 3):
 PSYoungGen      total 517632K, used 517624K [0x00000000d5580000, 0x00000000f7a00000, 0x0000000100000000)
  eden space 489472K, 100% used [0x00000000d5580000,0x00000000f3380000,0x00000000f3380000)
  from space 28160K, 99% used [0x00000000f5e80000,0x00000000f79fe310,0x00000000f7a00000)
  to   space 33792K, 0% used [0x00000000f3800000,0x00000000f3800000,0x00000000f5900000)
 ParOldGen       total 128000K, used 40702K [0x0000000080000000, 0x0000000087d00000, 0x00000000d5580000)
  object space 128000K, 31% used [0x0000000080000000,0x00000000827bfbe0,0x0000000087d00000)
 Metaspace       used 77718K, capacity 80689K, committed 80920K, reserved 1120256K
  class space    used 10137K, capacity 10756K, committed 10800K, reserved 1048576K
Event: 40.869 GC heap after
Heap after GC invocations=14 (full 3):
 PSYoungGen      total 527872K, used 15638K [0x00000000d5580000, 0x00000000fd800000, 0x0000000100000000)
  eden space 494080K, 0% used [0x00000000d5580000,0x00000000d5580000,0x00000000f3800000)
  from space 33792K, 46% used [0x00000000f3800000,0x00000000f4745a70,0x00000000f5900000)
  to   space 32768K, 0% used [0x00000000fb800000,0x00000000fb800000,0x00000000fd800000)
 ParOldGen       total 128000K, used 61586K [0x0000000080000000, 0x0000000087d00000, 0x00000000d5580000)
  object space 128000K, 48% used [0x0000000080000000,0x0000000083c24b58,0x0000000087d00000)
 Metaspace       used 77718K, capacity 80689K, committed 80920K, reserved 1120256K
  class space    used 10137K, capacity 10756K, committed 10800K, reserved 1048576K
}
Event: 61.240 GC heap before
{Heap before GC invocations=15 (full 3):
 PSYoungGen      total 527872K, used 472278K [0x00000000d5580000, 0x00000000fd800000, 0x0000000100000000)
  eden space 494080K, 92% used [0x00000000d5580000,0x00000000f1370088,0x00000000f3800000)
  from space 33792K, 46% used [0x00000000f3800000,0x00000000f4745a70,0x00000000f5900000)
  to   space 32768K, 0% used [0x00000000fb800000,0x00000000fb800000,0x00000000fd800000)
 ParOldGen       total 128000K, used 61586K [0x0000000080000000, 0x0000000087d00000, 0x00000000d5580000)
  object space 128000K, 48% used [0x0000000080000000,0x0000000083c24b58,0x0000000087d00000)
 Metaspace       used 94814K, capacity 98577K, committed 98600K, reserved 1134592K
  class space    used 12357K, capacity 13110K, committed 13120K, reserved 1048576K
Event: 61.340 GC heap after
Heap after GC invocations=15 (full 3):
 PSYoungGen      total 604160K, used 32767K [0x00000000d5580000, 0x00000000ff900000, 0x0000000100000000)
  eden space 571392K, 0% used [0x00000000d5580000,0x00000000d5580000,0x00000000f8380000)
  from space 32768K, 99% used [0x00000000fb800000,0x00000000fd7ffc10,0x00000000fd800000)
  to   space 53760K, 0% used [0x00000000f8380000,0x00000000f8380000,0x00000000fb800000)
 ParOldGen       total 128000K, used 105535K [0x0000000080000000, 0x0000000087d00000, 0x00000000d5580000)
  object space 128000K, 82% used [0x0000000080000000,0x000000008670fde0,0x0000000087d00000)
 Metaspace       used 94814K, capacity 98577K, committed 98600K, reserved 1134592K
  class space    used 12357K, capacity 13110K, committed 13120K, reserved 1048576K
}
Event: 61.340 GC heap before
{Heap before GC invocations=16 (full 4):
 PSYoungGen      total 604160K, used 32767K [0x00000000d5580000, 0x00000000ff900000, 0x0000000100000000)
  eden space 571392K, 0% used [0x00000000d5580000,0x00000000d5580000,0x00000000f8380000)
  from space 32768K, 99% used [0x00000000fb800000,0x00000000fd7ffc10,0x00000000fd800000)
  to   space 53760K, 0% used [0x00000000f8380000,0x00000000f8380000,0x00000000fb800000)
 ParOldGen       total 128000K, used 105535K [0x0000000080000000, 0x0000000087d00000, 0x00000000d5580000)
  object space 128000K, 82% used [0x0000000080000000,0x000000008670fde0,0x0000000087d00000)
 Metaspace       used 94814K, capacity 98577K, committed 98600K, reserved 1134592K
  class space    used 12357K, capacity 13110K, committed 13120K, reserved 1048576K
Event: 62.091 GC heap after
Heap after GC invocations=16 (full 4):
 PSYoungGen      total 604160K, used 0K [0x00000000d5580000, 0x00000000ff900000, 0x0000000100000000)
  eden space 571392K, 0% used [0x00000000d5580000,0x00000000d5580000,0x00000000f8380000)
  from space 32768K, 0% used [0x00000000fb800000,0x00000000fb800000,0x00000000fd800000)
  to   space 53760K, 0% used [0x00000000f8380000,0x00000000f8380000,0x00000000fb800000)
 ParOldGen       total 268288K, used 125509K [0x0000000080000000, 0x0000000090600000, 0x00000000d5580000)
  object space 268288K, 46% used [0x0000000080000000,0x0000000087a915e8,0x0000000090600000)
 Metaspace       used 94458K, capacity 97979K, committed 98600K, reserved 1134592K
  class space    used 12301K, capacity 13009K, committed 13120K, reserved 1048576K
}
Event: 68.515 GC heap before
{Heap before GC invocations=17 (full 4):
 PSYoungGen      total 604160K, used 571392K [0x00000000d5580000, 0x00000000ff900000, 0x0000000100000000)
  eden space 571392K, 100% used [0x00000000d5580000,0x00000000f8380000,0x00000000f8380000)
  from space 32768K, 0% used [0x00000000fb800000,0x00000000fb800000,0x00000000fd800000)
  to   space 53760K, 0% used [0x00000000f8380000,0x00000000f8380000,0x00000000fb800000)
 ParOldGen       total 268288K, used 125509K [0x0000000080000000, 0x0000000090600000, 0x00000000d5580000)
  object space 268288K, 46% used [0x0000000080000000,0x0000000087a915e8,0x0000000090600000)
 Metaspace       used 99474K, capacity 103661K, committed 103848K, reserved 1138688K
  class space    used 12838K, capacity 13662K, committed 13760K, reserved 1048576K
Event: 68.706 GC heap after
Heap after GC invocations=17 (full 4):
 PSYoungGen      total 625152K, used 53754K [0x00000000d5580000, 0x0000000100000000, 0x0000000100000000)
  eden space 571392K, 0% used [0x00000000d5580000,0x00000000d5580000,0x00000000f8380000)
  from space 53760K, 99% used [0x00000000f8380000,0x00000000fb7febc0,0x00000000fb800000)
  to   space 73728K, 0% used [0x00000000fb800000,0x00000000fb800000,0x0000000100000000)
 ParOldGen       total 268288K, used 166672K [0x0000000080000000, 0x0000000090600000, 0x00000000d5580000)
  object space 268288K, 62% used [0x0000000080000000,0x000000008a2c4390,0x0000000090600000)
 Metaspace       used 99474K, capacity 103661K, committed 103848K, reserved 1138688K
  class space    used 12838K, capacity 13662K, committed 13760K, reserved 1048576K
}

Deoptimization events (10 events):
Event: 145.090 Thread 0x000000001b8a4000 Uncommon trap: reason=class_check action=maybe_recompile pc=0x0000000004b2eb10 method=org.gradle.internal.logging.console.StyledTextOutputBackedRenderer.onOutput(Lorg/gradle/internal/logging/events/OutputEvent;)V @ 65
Event: 145.090 Thread 0x000000001b8a4000 Uncommon trap: reason=unstable_if action=reinterpret pc=0x00000000034e0acc method=org.gradle.internal.logging.text.AbstractLineChoppingStyledTextOutput$2.execute(Lorg/gradle/internal/logging/text/AbstractLineChoppingStyledTextOutput$StateContext;)V @ 30
Event: 145.103 Thread 0x000000001b8a4000 Uncommon trap: reason=class_check action=maybe_recompile pc=0x000000000320ce94 method=java.lang.String.equals(Ljava/lang/Object;)Z @ 8
Event: 145.103 Thread 0x000000001b8a4000 Uncommon trap: reason=class_check action=maybe_recompile pc=0x000000000320ce94 method=java.lang.String.equals(Ljava/lang/Object;)Z @ 8
Event: 145.103 Thread 0x000000001b8a4000 Uncommon trap: reason=class_check action=maybe_recompile pc=0x000000000320ce94 method=java.lang.String.equals(Ljava/lang/Object;)Z @ 8
Event: 145.103 Thread 0x000000001b8a4000 Uncommon trap: reason=class_check action=maybe_recompile pc=0x000000000320ce94 method=java.lang.String.equals(Ljava/lang/Object;)Z @ 8
Event: 346.036 Thread 0x0000000020896000 Uncommon trap: reason=class_check action=maybe_recompile pc=0x00000000033ab0f4 method=java.lang.ThreadLocal.set(Ljava/lang/Object;)V @ 26
Event: 346.112 Thread 0x0000000020896000 Uncommon trap: reason=class_check action=maybe_recompile pc=0x0000000006068ca0 method=java.lang.reflect.Array.newInstance(Ljava/lang/Class;I)Ljava/lang/Object; @ 2
Event: 356.451 Thread 0x000000002089d800 Uncommon trap: reason=class_check action=maybe_recompile pc=0x0000000006068ca0 method=java.lang.reflect.Array.newInstance(Ljava/lang/Class;I)Ljava/lang/Object; @ 2
Event: 356.864 Thread 0x0000000020897800 Uncommon trap: reason=class_check action=maybe_recompile pc=0x0000000004f27ce8 method=org.gradle.internal.work.DefaultWorkerLeaseService$DefaultWorkerLease.acquireLock()Z @ 4

Classes redefined (0 events):
No events

Internal exceptions (10 events):
Event: 145.035 Thread 0x000000001e02c800 Exception <a 'java/io/IOException'> (0x00000000f5551f48) thrown at [C:\src\AOSP-openjdk-git\hotspot\src\share\vm\prims\jni.cpp, line 710]
Event: 145.038 Thread 0x000000001e02d000 Exception <a 'java/lang/reflect/InvocationTargetException'> (0x00000000f51d28a0) thrown at [C:\src\AOSP-openjdk-git\hotspot\src\share\vm\runtime\reflection.cpp, line 1092]
Event: 145.051 Thread 0x000000001e546800 Exception <a 'java/lang/NoSuchMethodError': <clinit>> (0x00000000e90457d0) thrown at [C:\src\AOSP-openjdk-git\hotspot\src\share\vm\prims\jni.cpp, line 1615]
Event: 145.053 Thread 0x000000001e546800 Exception <a 'java/lang/NoSuchMethodError': <clinit>> (0x00000000e9055460) thrown at [C:\src\AOSP-openjdk-git\hotspot\src\share\vm\prims\jni.cpp, line 1615]
Event: 145.068 Thread 0x000000001b8a4000 Exception <a 'sun/nio/fs/WindowsException'> (0x00000000f4dd6ef8) thrown at [C:\src\AOSP-openjdk-git\hotspot\src\share\vm\prims\jni.cpp, line 710]
Event: 145.174 Thread 0x000000001b8be000 Exception <a 'java/lang/NoSuchMethodError': <clinit>> (0x00000000e8913640) thrown at [C:\src\AOSP-openjdk-git\hotspot\src\share\vm\prims\jni.cpp, line 1615]
Event: 145.175 Thread 0x000000001b8be000 Exception <a 'java/lang/NoSuchMethodError': <clinit>> (0x00000000e891e9f0) thrown at [C:\src\AOSP-openjdk-git\hotspot\src\share\vm\prims\jni.cpp, line 1615]
Event: 145.176 Thread 0x000000001b8be000 Exception <a 'java/lang/NoSuchMethodError': <clinit>> (0x00000000e8929c90) thrown at [C:\src\AOSP-openjdk-git\hotspot\src\share\vm\prims\jni.cpp, line 1615]
Event: 145.177 Thread 0x000000001b8be000 Exception <a 'java/lang/NoSuchMethodError': <clinit>> (0x00000000e8943878) thrown at [C:\src\AOSP-openjdk-git\hotspot\src\share\vm\prims\jni.cpp, line 1615]
Event: 145.178 Thread 0x000000001b8be000 Exception <a 'java/lang/NoSuchMethodError': <clinit>> (0x00000000e8954408) thrown at [C:\src\AOSP-openjdk-git\hotspot\src\share\vm\prims\jni.cpp, line 1615]

Events (10 events):
Event: 358.524 Executing VM operation: RevokeBias
Event: 358.525 Executing VM operation: RevokeBias done
Event: 358.559 Executing VM operation: RevokeBias
Event: 358.559 Executing VM operation: RevokeBias done
Event: 358.567 Executing VM operation: RevokeBias
Event: 358.567 Executing VM operation: RevokeBias done
Event: 358.567 Executing VM operation: RevokeBias
Event: 358.567 Executing VM operation: RevokeBias done
Event: 358.571 Executing VM operation: RevokeBias
Event: 358.571 Executing VM operation: RevokeBias done


Dynamic libraries:
0x00007ff6b6e00000 - 0x00007ff6b6e31000 	C:\Program Files\Android\Android Studio\jre\bin\java.exe
0x00007ffe0ba10000 - 0x00007ffe0bc05000 	C:\WINDOWS\SYSTEM32\ntdll.dll
0x00007ffe0b0c0000 - 0x00007ffe0b17d000 	C:\WINDOWS\System32\KERNEL32.DLL
0x00007ffe09180000 - 0x00007ffe09448000 	C:\WINDOWS\System32\KERNELBASE.dll
0x00007ffe0b920000 - 0x00007ffe0b9cc000 	C:\WINDOWS\System32\ADVAPI32.dll
0x00007ffe09b40000 - 0x00007ffe09bde000 	C:\WINDOWS\System32\msvcrt.dll
0x00007ffe09d10000 - 0x00007ffe09dab000 	C:\WINDOWS\System32\sechost.dll
0x00007ffe0b6e0000 - 0x00007ffe0b80b000 	C:\WINDOWS\System32\RPCRT4.dll
0x00007ffe0af10000 - 0x00007ffe0b0b0000 	C:\WINDOWS\System32\USER32.dll
0x00007ffe09550000 - 0x00007ffe09572000 	C:\WINDOWS\System32\win32u.dll
0x00007ffe09e00000 - 0x00007ffe09e2a000 	C:\WINDOWS\System32\GDI32.dll
0x00007ffe09760000 - 0x00007ffe0986b000 	C:\WINDOWS\System32\gdi32full.dll
0x00007ffe099d0000 - 0x00007ffe09a6d000 	C:\WINDOWS\System32\msvcp_win.dll
0x00007ffe098d0000 - 0x00007ffe099d0000 	C:\WINDOWS\System32\ucrtbase.dll
0x00007ffdfd320000 - 0x00007ffdfd5ba000 	C:\WINDOWS\WinSxS\amd64_microsoft.windows.common-controls_6595b64144ccf1df_6.0.19041.844_none_ca00b6081b84eb1d\COMCTL32.dll
0x00007ffe09dd0000 - 0x00007ffe09e00000 	C:\WINDOWS\System32\IMM32.DLL
0x0000000050160000 - 0x0000000050232000 	C:\Program Files\Android\Android Studio\jre\jre\bin\msvcr100.dll
0x0000000050320000 - 0x0000000050b6b000 	C:\Program Files\Android\Android Studio\jre\jre\bin\server\jvm.dll
0x00007ffe0b0b0000 - 0x00007ffe0b0b8000 	C:\WINDOWS\System32\PSAPI.DLL
0x00007ffe00890000 - 0x00007ffe008b7000 	C:\WINDOWS\SYSTEM32\WINMM.dll
0x00007ffe01b90000 - 0x00007ffe01b9a000 	C:\WINDOWS\SYSTEM32\VERSION.dll
0x00007ffdfb960000 - 0x00007ffdfb969000 	C:\WINDOWS\SYSTEM32\WSOCK32.dll
0x00007ffe0ac10000 - 0x00007ffe0ac7b000 	C:\WINDOWS\System32\WS2_32.dll
0x00007ffe03750000 - 0x00007ffe0375f000 	C:\Program Files\Android\Android Studio\jre\jre\bin\verify.dll
0x00007ffdff200000 - 0x00007ffdff229000 	C:\Program Files\Android\Android Studio\jre\jre\bin\java.dll
0x00007ffdff1e0000 - 0x00007ffdff1f6000 	C:\Program Files\Android\Android Studio\jre\jre\bin\zip.dll
0x00007ffe09f90000 - 0x00007ffe0a6d2000 	C:\WINDOWS\System32\SHELL32.dll
0x00007ffe06f80000 - 0x00007ffe07711000 	C:\WINDOWS\SYSTEM32\windows.storage.dll
0x00007ffe0b180000 - 0x00007ffe0b4d5000 	C:\WINDOWS\System32\combase.dll
0x00007ffe08af0000 - 0x00007ffe08b1c000 	C:\WINDOWS\SYSTEM32\Wldp.dll
0x00007ffe0b870000 - 0x00007ffe0b91e000 	C:\WINDOWS\System32\SHCORE.dll
0x00007ffe0b810000 - 0x00007ffe0b865000 	C:\WINDOWS\System32\shlwapi.dll
0x00007ffe09090000 - 0x00007ffe090af000 	C:\WINDOWS\SYSTEM32\profapi.dll
0x00007ffdf8730000 - 0x00007ffdf874a000 	C:\Program Files\Android\Android Studio\jre\jre\bin\net.dll
0x00007ffe08860000 - 0x00007ffe088ca000 	C:\WINDOWS\system32\mswsock.dll
0x00007ffdf5920000 - 0x00007ffdf5933000 	C:\Program Files\Android\Android Studio\jre\jre\bin\nio.dll
0x00007ffdb2240000 - 0x00007ffdb2266000 	C:\Users\muhamadsyafii\.gradle\native\31\windows-amd64\native-platform.dll
0x00007ffdff410000 - 0x00007ffdff41d000 	C:\Program Files\Android\Android Studio\jre\jre\bin\management.dll
0x00007ffe08a30000 - 0x00007ffe08a48000 	C:\WINDOWS\SYSTEM32\CRYPTSP.dll
0x00007ffe08200000 - 0x00007ffe08234000 	C:\WINDOWS\system32\rsaenh.dll
0x00007ffe09150000 - 0x00007ffe09177000 	C:\WINDOWS\System32\bcrypt.dll
0x00007ffe09050000 - 0x00007ffe0907e000 	C:\WINDOWS\SYSTEM32\USERENV.dll
0x00007ffe096e0000 - 0x00007ffe09760000 	C:\WINDOWS\System32\bcryptprimitives.dll
0x00007ffe08a50000 - 0x00007ffe08a5c000 	C:\WINDOWS\SYSTEM32\CRYPTBASE.dll
0x00007ffe08550000 - 0x00007ffe0858b000 	C:\WINDOWS\SYSTEM32\IPHLPAPI.DLL
0x00007ffe09f20000 - 0x00007ffe09f28000 	C:\WINDOWS\System32\NSI.dll
0x00007ffe03ef0000 - 0x00007ffe03f07000 	C:\WINDOWS\SYSTEM32\dhcpcsvc6.DLL
0x00007ffe03e60000 - 0x00007ffe03e7d000 	C:\WINDOWS\SYSTEM32\dhcpcsvc.DLL
0x00007ffe08590000 - 0x00007ffe0865c000 	C:\WINDOWS\SYSTEM32\DNSAPI.dll

VM Arguments:
jvm_args: -Xmx2048m -Dfile.encoding=windows-1252 -Duser.country=US -Duser.language=en -Duser.variant 
java_command: org.gradle.launcher.daemon.bootstrap.GradleDaemon 6.1.1
java_class_path (initial): C:\Users\muhamadsyafii\.gradle\wrapper\dists\gradle-6.1.1-all\cfmwm155h49vnt3hynmlrsdst\gradle-6.1.1\lib\gradle-launcher-6.1.1.jar
Launcher Type: SUN_STANDARD

Environment Variables:
PATH=C:\Program Files (x86)\Common Files\Oracle\Java\javapath;C:\WINDOWS\system32;C:\WINDOWS;C:\WINDOWS\System32\Wbem;C:\WINDOWS\System32\WindowsPowerShell\v1.0\;C:\WINDOWS\System32\OpenSSH\;C:\Program Files (x86)\Intel\Intel(R) Management Engine Components\DAL;C:\Program Files\Intel\Intel(R) Management Engine Components\DAL;C:\Users\muhamadsyafii\AppData\Local\Microsoft\WindowsApps;C:\Users\muhamadsyafii\AppData\Local\Programs\Git\cmd;C:\Users\muhamadsyafii\AppData\Local\Programs\Microsoft VS Code\bin;
USERNAME=muhamadsyafii
OS=Windows_NT
PROCESSOR_IDENTIFIER=Intel64 Family 6 Model 142 Stepping 9, GenuineIntel



---------------  S Y S T E M  ---------------

OS: Windows 10.0 , 64 bit Build 19041 (10.0.19041.928)

CPU:total 4 (initial active 4) (2 cores per cpu, 2 threads per core) family 6 model 142 stepping 9, cmov, cx8, fxsr, mmx, sse, sse2, sse3, ssse3, sse4.1, sse4.2, popcnt, avx, avx2, aes, clmul, erms, rtm, 3dnowpref, lzcnt, ht, tsc, tscinvbit, bmi1, bmi2, adx

Memory: 4k page, physical 8270876k(206544k free), swap 16659484k(6504k free)

vm_info: OpenJDK 64-Bit Server VM (25.242-b01) for windows-amd64 JRE (1.8.0_242-release-1644-b01), built by "builder" with MS VC++ 10.0 (VS2010)

time: Tue Apr 20 15:42:08 2021
timezone: SE Asia Standard Time
elapsed time: 358 seconds (0d 0h 5m 58s)

